[0.043s] Invoking command in '/home/aa274/autonomy_ws/src/AA174aSection/s3_basic/build/s3_basic': CMAKE_PREFIX_PATH=${CMAKE_PREFIX_PATH}:/opt/ros/humble /usr/bin/cmake --build /home/aa274/autonomy_ws/src/AA174aSection/s3_basic/build/s3_basic -- -j8 -l8
[0.167s] Invoked command in '/home/aa274/autonomy_ws/src/AA174aSection/s3_basic/build/s3_basic' returned '0': CMAKE_PREFIX_PATH=${CMAKE_PREFIX_PATH}:/opt/ros/humble /usr/bin/cmake --build /home/aa274/autonomy_ws/src/AA174aSection/s3_basic/build/s3_basic -- -j8 -l8
[0.260s] Invoking command in '/home/aa274/autonomy_ws/src/AA174aSection/s3_basic/build/s3_basic': CMAKE_PREFIX_PATH=${CMAKE_PREFIX_PATH}:/opt/ros/humble /usr/bin/cmake --install /home/aa274/autonomy_ws/src/AA174aSection/s3_basic/build/s3_basic
[0.283s] -- Install configuration: ""
[0.283s] -- Up-to-date: /home/aa274/autonomy_ws/src/AA174aSection/s3_basic/install/s3_basic/lib/s3_basic/constant_control.py
[0.284s] -- Up-to-date: /home/aa274/autonomy_ws/src/AA174aSection/s3_basic/install/s3_basic/share/ament_index/resource_index/package_run_dependencies/s3_basic
[0.284s] -- Up-to-date: /home/aa274/autonomy_ws/src/AA174aSection/s3_basic/install/s3_basic/share/ament_index/resource_index/parent_prefix_path/s3_basic
[0.284s] -- Up-to-date: /home/aa274/autonomy_ws/src/AA174aSection/s3_basic/install/s3_basic/share/s3_basic/environment/ament_prefix_path.sh
[0.285s] -- Up-to-date: /home/aa274/autonomy_ws/src/AA174aSection/s3_basic/install/s3_basic/share/s3_basic/environment/ament_prefix_path.dsv
[0.285s] -- Up-to-date: /home/aa274/autonomy_ws/src/AA174aSection/s3_basic/install/s3_basic/share/s3_basic/environment/path.sh
[0.285s] -- Up-to-date: /home/aa274/autonomy_ws/src/AA174aSection/s3_basic/install/s3_basic/share/s3_basic/environment/path.dsv
[0.286s] -- Up-to-date: /home/aa274/autonomy_ws/src/AA174aSection/s3_basic/install/s3_basic/share/s3_basic/local_setup.bash
[0.287s] -- Up-to-date: /home/aa274/autonomy_ws/src/AA174aSection/s3_basic/install/s3_basic/share/s3_basic/local_setup.sh
[0.287s] -- Up-to-date: /home/aa274/autonomy_ws/src/AA174aSection/s3_basic/install/s3_basic/share/s3_basic/local_setup.zsh
[0.287s] -- Up-to-date: /home/aa274/autonomy_ws/src/AA174aSection/s3_basic/install/s3_basic/share/s3_basic/local_setup.dsv
[0.288s] -- Installing: /home/aa274/autonomy_ws/src/AA174aSection/s3_basic/install/s3_basic/share/s3_basic/package.dsv
[0.288s] -- Up-to-date: /home/aa274/autonomy_ws/src/AA174aSection/s3_basic/install/s3_basic/share/ament_index/resource_index/packages/s3_basic
[0.288s] -- Up-to-date: /home/aa274/autonomy_ws/src/AA174aSection/s3_basic/install/s3_basic/share/s3_basic/cmake/s3_basicConfig.cmake
[0.288s] -- Up-to-date: /home/aa274/autonomy_ws/src/AA174aSection/s3_basic/install/s3_basic/share/s3_basic/cmake/s3_basicConfig-version.cmake
[0.288s] -- Up-to-date: /home/aa274/autonomy_ws/src/AA174aSection/s3_basic/install/s3_basic/share/s3_basic/package.xml
[0.292s] Invoked command in '/home/aa274/autonomy_ws/src/AA174aSection/s3_basic/build/s3_basic' returned '0': CMAKE_PREFIX_PATH=${CMAKE_PREFIX_PATH}:/opt/ros/humble /usr/bin/cmake --install /home/aa274/autonomy_ws/src/AA174aSection/s3_basic/build/s3_basic
