[0.061s] Invoking command in '/home/aa274/autonomy_ws/src/AA174aSection/build/s3_basic': CMAKE_PREFIX_PATH=${CMAKE_PREFIX_PATH}:/opt/ros/humble /usr/bin/cmake --build /home/aa274/autonomy_ws/src/AA174aSection/build/s3_basic -- -j8 -l8
[0.203s] Invoked command in '/home/aa274/autonomy_ws/src/AA174aSection/build/s3_basic' returned '0': CMAKE_PREFIX_PATH=${CMAKE_PREFIX_PATH}:/opt/ros/humble /usr/bin/cmake --build /home/aa274/autonomy_ws/src/AA174aSection/build/s3_basic -- -j8 -l8
[0.300s] Invoking command in '/home/aa274/autonomy_ws/src/AA174aSection/build/s3_basic': CMAKE_PREFIX_PATH=${CMAKE_PREFIX_PATH}:/opt/ros/humble /usr/bin/cmake --install /home/aa274/autonomy_ws/src/AA174aSection/build/s3_basic
[0.325s] -- Install configuration: "RelWithDebInfo"
[0.326s] -- Execute custom install script
[0.331s] -- Up-to-date symlink: /home/aa274/autonomy_ws/src/AA174aSection/install/s3_basic/lib/s3_basic/constant_control.py
[0.332s] -- Up-to-date symlink: /home/aa274/autonomy_ws/src/AA174aSection/install/s3_basic/share/s3_basic/launch/section3.launch.py
[0.335s] -- Up-to-date symlink: /home/aa274/autonomy_ws/src/AA174aSection/install/s3_basic/share/s3_basic/rviz/section3.rvize.rviz
[0.336s] -- Up-to-date symlink: /home/aa274/autonomy_ws/src/AA174aSection/install/s3_basic/share/ament_index/resource_index/package_run_dependencies/s3_basic
[0.336s] -- Up-to-date symlink: /home/aa274/autonomy_ws/src/AA174aSection/install/s3_basic/share/ament_index/resource_index/parent_prefix_path/s3_basic
[0.336s] -- Up-to-date symlink: /home/aa274/autonomy_ws/src/AA174aSection/install/s3_basic/share/s3_basic/environment/ament_prefix_path.sh
[0.338s] -- Up-to-date symlink: /home/aa274/autonomy_ws/src/AA174aSection/install/s3_basic/share/s3_basic/environment/ament_prefix_path.dsv
[0.339s] -- Up-to-date symlink: /home/aa274/autonomy_ws/src/AA174aSection/install/s3_basic/share/s3_basic/environment/path.sh
[0.339s] -- Up-to-date symlink: /home/aa274/autonomy_ws/src/AA174aSection/install/s3_basic/share/s3_basic/environment/path.dsv
[0.339s] -- Up-to-date symlink: /home/aa274/autonomy_ws/src/AA174aSection/install/s3_basic/share/s3_basic/local_setup.bash
[0.339s] -- Up-to-date symlink: /home/aa274/autonomy_ws/src/AA174aSection/install/s3_basic/share/s3_basic/local_setup.sh
[0.339s] -- Up-to-date symlink: /home/aa274/autonomy_ws/src/AA174aSection/install/s3_basic/share/s3_basic/local_setup.zsh
[0.340s] -- Up-to-date symlink: /home/aa274/autonomy_ws/src/AA174aSection/install/s3_basic/share/s3_basic/local_setup.dsv
[0.340s] -- Symlinking: /home/aa274/autonomy_ws/src/AA174aSection/install/s3_basic/share/s3_basic/package.dsv
[0.371s] -- Up-to-date symlink: /home/aa274/autonomy_ws/src/AA174aSection/install/s3_basic/share/ament_index/resource_index/packages/s3_basic
[0.372s] -- Up-to-date symlink: /home/aa274/autonomy_ws/src/AA174aSection/install/s3_basic/share/s3_basic/cmake/s3_basicConfig.cmake
[0.372s] -- Up-to-date symlink: /home/aa274/autonomy_ws/src/AA174aSection/install/s3_basic/share/s3_basic/cmake/s3_basicConfig-version.cmake
[0.372s] -- Up-to-date symlink: /home/aa274/autonomy_ws/src/AA174aSection/install/s3_basic/share/s3_basic/package.xml
[0.429s] Invoked command in '/home/aa274/autonomy_ws/src/AA174aSection/build/s3_basic' returned '0': CMAKE_PREFIX_PATH=${CMAKE_PREFIX_PATH}:/opt/ros/humble /usr/bin/cmake --install /home/aa274/autonomy_ws/src/AA174aSection/build/s3_basic
