[0.068s] Invoking command in '/home/aa274/autonomy_ws/src/AA174aSection/build/s3_basic': CMAKE_PREFIX_PATH=${CMAKE_PREFIX_PATH}:/opt/ros/humble /usr/bin/cmake /home/aa274/autonomy_ws/src/AA174aSection/s3_basic -DCMAKE_EXPORT_COMPILE_COMMANDS=ON -DCMAKE_BUILD_TYPE=RelWithDebInfo -DAMENT_CMAKE_SYMLINK_INSTALL=1 -DCMAKE_INSTALL_PREFIX=/home/aa274/autonomy_ws/src/AA174aSection/install/s3_basic
[0.307s] -- The C compiler identification is GNU 11.4.0
[0.535s] -- The CXX compiler identification is GNU 11.4.0
[0.568s] -- Detecting C compiler ABI info
[0.874s] -- Detecting C compiler ABI info - done
[0.908s] -- Check for working C compiler: /usr/bin/cc - skipped
[0.908s] -- Detecting C compile features
[0.909s] -- Detecting C compile features - done
[0.919s] -- Detecting CXX compiler ABI info
[1.207s] -- Detecting CXX compiler ABI info - done
[1.233s] -- Check for working CXX compiler: /usr/bin/c++ - skipped
[1.234s] -- Detecting CXX compile features
[1.239s] -- Detecting CXX compile features - done
[1.265s] -- Found ament_cmake: 1.3.10 (/opt/ros/humble/share/ament_cmake/cmake)
[1.936s] -- Found Python3: /usr/bin/python3 (found version "3.10.12") found components: Interpreter 
[2.236s] -- Override CMake install command with custom implementation using symlinks instead of copying resources
[2.387s] -- Found ament_lint_auto: 0.12.11 (/opt/ros/humble/share/ament_lint_auto/cmake)
[2.818s] -- Added test 'cppcheck' to perform static code analysis on C / C++ code
[2.820s] -- Configured cppcheck include dirs: 
[2.821s] -- Configured cppcheck exclude dirs and/or files: 
[2.827s] -- Added test 'flake8' to check Python code syntax and style conventions
[2.834s] -- Added test 'lint_cmake' to check CMake code style
[2.844s] -- Added test 'pep257' to check Python code against some of the docstring style conventions in PEP 257
[2.876s] -- Added test 'uncrustify' to check C / C++ code style
[2.877s] -- Configured uncrustify additional arguments: 
[2.885s] -- Added test 'xmllint' to check XML markup files
[2.891s] -- Configuring done
[2.904s] -- Generating done
[2.904s] [33mCMake Warning:
[2.904s]   Manually-specified variables were not used by the project:
[2.905s] 
[2.905s]     CMAKE_EXPORT_COMPILE_COMMANDS
[2.905s] 
[2.905s] [0m
[2.905s] -- Build files have been written to: /home/aa274/autonomy_ws/src/AA174aSection/build/s3_basic
[2.919s] Invoked command in '/home/aa274/autonomy_ws/src/AA174aSection/build/s3_basic' returned '0': CMAKE_PREFIX_PATH=${CMAKE_PREFIX_PATH}:/opt/ros/humble /usr/bin/cmake /home/aa274/autonomy_ws/src/AA174aSection/s3_basic -DCMAKE_EXPORT_COMPILE_COMMANDS=ON -DCMAKE_BUILD_TYPE=RelWithDebInfo -DAMENT_CMAKE_SYMLINK_INSTALL=1 -DCMAKE_INSTALL_PREFIX=/home/aa274/autonomy_ws/src/AA174aSection/install/s3_basic
[2.927s] Invoking command in '/home/aa274/autonomy_ws/src/AA174aSection/build/s3_basic': CMAKE_PREFIX_PATH=${CMAKE_PREFIX_PATH}:/opt/ros/humble /usr/bin/cmake --build /home/aa274/autonomy_ws/src/AA174aSection/build/s3_basic -- -j8 -l8
[3.092s] Invoked command in '/home/aa274/autonomy_ws/src/AA174aSection/build/s3_basic' returned '0': CMAKE_PREFIX_PATH=${CMAKE_PREFIX_PATH}:/opt/ros/humble /usr/bin/cmake --build /home/aa274/autonomy_ws/src/AA174aSection/build/s3_basic -- -j8 -l8
[3.168s] Invoking command in '/home/aa274/autonomy_ws/src/AA174aSection/build/s3_basic': CMAKE_PREFIX_PATH=${CMAKE_PREFIX_PATH}:/opt/ros/humble /usr/bin/cmake --install /home/aa274/autonomy_ws/src/AA174aSection/build/s3_basic
[3.192s] -- Install configuration: "RelWithDebInfo"
[3.197s] -- Execute custom install script
[3.198s] -- Symlinking: /home/aa274/autonomy_ws/src/AA174aSection/install/s3_basic/lib/s3_basic/constant_control.py
[3.234s] -- Symlinking: /home/aa274/autonomy_ws/src/AA174aSection/install/s3_basic/share/s3_basic/launch/section3.launch.py
[3.259s] -- Symlinking: /home/aa274/autonomy_ws/src/AA174aSection/install/s3_basic/share/s3_basic/rviz/section3.rvize.rviz
[3.290s] -- Symlinking: /home/aa274/autonomy_ws/src/AA174aSection/install/s3_basic/share/ament_index/resource_index/package_run_dependencies/s3_basic
[3.315s] -- Symlinking: /home/aa274/autonomy_ws/src/AA174aSection/install/s3_basic/share/ament_index/resource_index/parent_prefix_path/s3_basic
[3.342s] -- Symlinking: /home/aa274/autonomy_ws/src/AA174aSection/install/s3_basic/share/s3_basic/environment/ament_prefix_path.sh
[3.369s] -- Symlinking: /home/aa274/autonomy_ws/src/AA174aSection/install/s3_basic/share/s3_basic/environment/ament_prefix_path.dsv
[3.395s] -- Symlinking: /home/aa274/autonomy_ws/src/AA174aSection/install/s3_basic/share/s3_basic/environment/path.sh
[3.420s] -- Symlinking: /home/aa274/autonomy_ws/src/AA174aSection/install/s3_basic/share/s3_basic/environment/path.dsv
[3.451s] -- Symlinking: /home/aa274/autonomy_ws/src/AA174aSection/install/s3_basic/share/s3_basic/local_setup.bash
[3.481s] -- Symlinking: /home/aa274/autonomy_ws/src/AA174aSection/install/s3_basic/share/s3_basic/local_setup.sh
[3.508s] -- Symlinking: /home/aa274/autonomy_ws/src/AA174aSection/install/s3_basic/share/s3_basic/local_setup.zsh
[3.542s] -- Symlinking: /home/aa274/autonomy_ws/src/AA174aSection/install/s3_basic/share/s3_basic/local_setup.dsv
[3.579s] -- Symlinking: /home/aa274/autonomy_ws/src/AA174aSection/install/s3_basic/share/s3_basic/package.dsv
[3.616s] -- Symlinking: /home/aa274/autonomy_ws/src/AA174aSection/install/s3_basic/share/ament_index/resource_index/packages/s3_basic
[3.645s] -- Symlinking: /home/aa274/autonomy_ws/src/AA174aSection/install/s3_basic/share/s3_basic/cmake/s3_basicConfig.cmake
[3.675s] -- Symlinking: /home/aa274/autonomy_ws/src/AA174aSection/install/s3_basic/share/s3_basic/cmake/s3_basicConfig-version.cmake
[3.700s] -- Symlinking: /home/aa274/autonomy_ws/src/AA174aSection/install/s3_basic/share/s3_basic/package.xml
[3.738s] Invoked command in '/home/aa274/autonomy_ws/src/AA174aSection/build/s3_basic' returned '0': CMAKE_PREFIX_PATH=${CMAKE_PREFIX_PATH}:/opt/ros/humble /usr/bin/cmake --install /home/aa274/autonomy_ws/src/AA174aSection/build/s3_basic
