[0.107s] Invoking command in '/home/aa274/autonomy_ws/src/AA174aSection/build/autonomy_repo': CMAKE_PREFIX_PATH=${CMAKE_PREFIX_PATH}:/opt/ros/humble /usr/bin/cmake --build /home/aa274/autonomy_ws/src/AA174aSection/build/autonomy_repo -- -j8 -l8
[0.275s] Invoked command in '/home/aa274/autonomy_ws/src/AA174aSection/build/autonomy_repo' returned '0': CMAKE_PREFIX_PATH=${CMAKE_PREFIX_PATH}:/opt/ros/humble /usr/bin/cmake --build /home/aa274/autonomy_ws/src/AA174aSection/build/autonomy_repo -- -j8 -l8
[0.402s] Invoking command in '/home/aa274/autonomy_ws/src/AA174aSection/build/autonomy_repo': CMAKE_PREFIX_PATH=${CMAKE_PREFIX_PATH}:/opt/ros/humble /usr/bin/cmake --install /home/aa274/autonomy_ws/src/AA174aSection/build/autonomy_repo
[0.438s] -- Install configuration: "RelWithDebInfo"
[0.438s] -- Execute custom install script
[0.441s] -- Up-to-date symlink: /home/aa274/autonomy_ws/src/AA174aSection/install/autonomy_repo/lib/autonomy_repo/heading_controller.py
[0.441s] -- Up-to-date symlink: /home/aa274/autonomy_ws/src/AA174aSection/install/autonomy_repo/lib/autonomy_repo/p3_plot.py
[0.441s] -- Up-to-date symlink: /home/aa274/autonomy_ws/src/AA174aSection/install/autonomy_repo/lib/autonomy_repo/navigator.py
[0.442s] -- Up-to-date symlink: /home/aa274/autonomy_ws/src/AA174aSection/install/autonomy_repo/lib/autonomy_repo/perception_controller.py
[0.442s] -- Up-to-date symlink: /home/aa274/autonomy_ws/src/AA174aSection/install/autonomy_repo/lib/autonomy_repo/frontier.py
[0.443s] -- Up-to-date symlink: /home/aa274/autonomy_ws/src/AA174aSection/install/autonomy_repo/share/autonomy_repo/launch/frontier.launch.py
[0.453s] -- Up-to-date symlink: /home/aa274/autonomy_ws/src/AA174aSection/install/autonomy_repo/share/autonomy_repo/launch/heading_control.launch copy.py
[0.453s] -- Up-to-date symlink: /home/aa274/autonomy_ws/src/AA174aSection/install/autonomy_repo/share/autonomy_repo/launch/navigator.launch.py
[0.453s] -- Up-to-date symlink: /home/aa274/autonomy_ws/src/AA174aSection/install/autonomy_repo/share/autonomy_repo/launch/perception_controller.launch.py
[0.454s] -- Up-to-date symlink: /home/aa274/autonomy_ws/src/AA174aSection/install/autonomy_repo/share/autonomy_repo/rviz/default.rviz
[0.454s] -- Up-to-date symlink: /home/aa274/autonomy_ws/src/AA174aSection/install/autonomy_repo/share/ament_index/resource_index/package_run_dependencies/autonomy_repo
[0.455s] -- Up-to-date symlink: /home/aa274/autonomy_ws/src/AA174aSection/install/autonomy_repo/share/ament_index/resource_index/parent_prefix_path/autonomy_repo
[0.456s] -- Up-to-date symlink: /home/aa274/autonomy_ws/src/AA174aSection/install/autonomy_repo/share/autonomy_repo/environment/ament_prefix_path.sh
[0.458s] -- Up-to-date symlink: /home/aa274/autonomy_ws/src/AA174aSection/install/autonomy_repo/share/autonomy_repo/environment/ament_prefix_path.dsv
[0.458s] -- Up-to-date symlink: /home/aa274/autonomy_ws/src/AA174aSection/install/autonomy_repo/share/autonomy_repo/environment/path.sh
[0.459s] -- Up-to-date symlink: /home/aa274/autonomy_ws/src/AA174aSection/install/autonomy_repo/share/autonomy_repo/environment/path.dsv
[0.461s] -- Up-to-date symlink: /home/aa274/autonomy_ws/src/AA174aSection/install/autonomy_repo/share/autonomy_repo/local_setup.bash
[0.461s] -- Up-to-date symlink: /home/aa274/autonomy_ws/src/AA174aSection/install/autonomy_repo/share/autonomy_repo/local_setup.sh
[0.461s] -- Up-to-date symlink: /home/aa274/autonomy_ws/src/AA174aSection/install/autonomy_repo/share/autonomy_repo/local_setup.zsh
[0.462s] -- Up-to-date symlink: /home/aa274/autonomy_ws/src/AA174aSection/install/autonomy_repo/share/autonomy_repo/local_setup.dsv
[0.462s] -- Symlinking: /home/aa274/autonomy_ws/src/AA174aSection/install/autonomy_repo/share/autonomy_repo/package.dsv
[0.486s] -- Up-to-date symlink: /home/aa274/autonomy_ws/src/AA174aSection/install/autonomy_repo/share/ament_index/resource_index/packages/autonomy_repo
[0.487s] -- Up-to-date symlink: /home/aa274/autonomy_ws/src/AA174aSection/install/autonomy_repo/share/autonomy_repo/cmake/autonomy_repoConfig.cmake
[0.491s] -- Up-to-date symlink: /home/aa274/autonomy_ws/src/AA174aSection/install/autonomy_repo/share/autonomy_repo/cmake/autonomy_repoConfig-version.cmake
[0.494s] -- Up-to-date symlink: /home/aa274/autonomy_ws/src/AA174aSection/install/autonomy_repo/share/autonomy_repo/package.xml
[0.507s] Invoked command in '/home/aa274/autonomy_ws/src/AA174aSection/build/autonomy_repo' returned '0': CMAKE_PREFIX_PATH=${CMAKE_PREFIX_PATH}:/opt/ros/humble /usr/bin/cmake --install /home/aa274/autonomy_ws/src/AA174aSection/build/autonomy_repo
