[0.013s] Invoking command in '/home/aa274/autonomy_ws/src/AA174aSection/build/s2_basic': CMAKE_PREFIX_PATH=${CMAKE_PREFIX_PATH}:/opt/ros/humble /usr/bin/cmake /home/aa274/autonomy_ws/src/AA174aSection/s2_basic -DAMENT_CMAKE_SYMLINK_INSTALL=1 -DCMAKE_INSTALL_PREFIX=/home/aa274/autonomy_ws/src/AA174aSection/install/s2_basic
[0.077s] -- The C compiler identification is GNU 11.4.0
[0.127s] -- The CXX compiler identification is GNU 11.4.0
[0.134s] -- Detecting C compiler ABI info
[0.188s] -- Detecting C compiler ABI info - done
[0.195s] -- Check for working C compiler: /usr/bin/cc - skipped
[0.196s] -- Detecting C compile features
[0.196s] -- Detecting C compile features - done
[0.199s] -- Detecting CXX compiler ABI info
[0.265s] -- Detecting CXX compiler ABI info - done
[0.280s] -- Check for working CXX compiler: /usr/bin/c++ - skipped
[0.280s] -- Detecting CXX compile features
[0.281s] -- Detecting CXX compile features - done
[0.286s] -- Found ament_cmake: 1.3.10 (/opt/ros/humble/share/ament_cmake/cmake)
[0.434s] -- Found Python3: /usr/bin/python3 (found version "3.10.12") found components: Interpreter 
[0.495s] -- Override CMake install command with custom implementation using symlinks instead of copying resources
[0.530s] -- Found ament_lint_auto: 0.12.11 (/opt/ros/humble/share/ament_lint_auto/cmake)
[0.614s] -- Added test 'flake8' to check Python code syntax and style conventions
[0.615s] -- Added test 'lint_cmake' to check CMake code style
[0.615s] -- Added test 'pep257' to check Python code against some of the docstring style conventions in PEP 257
[0.616s] -- Added test 'xmllint' to check XML markup files
[0.618s] -- Configuring done
[0.620s] -- Generating done
[0.620s] -- Build files have been written to: /home/aa274/autonomy_ws/src/AA174aSection/build/s2_basic
[0.626s] Invoked command in '/home/aa274/autonomy_ws/src/AA174aSection/build/s2_basic' returned '0': CMAKE_PREFIX_PATH=${CMAKE_PREFIX_PATH}:/opt/ros/humble /usr/bin/cmake /home/aa274/autonomy_ws/src/AA174aSection/s2_basic -DAMENT_CMAKE_SYMLINK_INSTALL=1 -DCMAKE_INSTALL_PREFIX=/home/aa274/autonomy_ws/src/AA174aSection/install/s2_basic
[0.628s] Invoking command in '/home/aa274/autonomy_ws/src/AA174aSection/build/s2_basic': CMAKE_PREFIX_PATH=${CMAKE_PREFIX_PATH}:/opt/ros/humble /usr/bin/cmake --build /home/aa274/autonomy_ws/src/AA174aSection/build/s2_basic -- -j8 -l8
[0.657s] Invoked command in '/home/aa274/autonomy_ws/src/AA174aSection/build/s2_basic' returned '0': CMAKE_PREFIX_PATH=${CMAKE_PREFIX_PATH}:/opt/ros/humble /usr/bin/cmake --build /home/aa274/autonomy_ws/src/AA174aSection/build/s2_basic -- -j8 -l8
[0.680s] Invoking command in '/home/aa274/autonomy_ws/src/AA174aSection/build/s2_basic': CMAKE_PREFIX_PATH=${CMAKE_PREFIX_PATH}:/opt/ros/humble /usr/bin/cmake --install /home/aa274/autonomy_ws/src/AA174aSection/build/s2_basic
[0.685s] -- Install configuration: ""
[0.685s] -- Installing: /home/aa274/autonomy_ws/src/AA174aSection/install/s2_basic/lib/s2_basic/constant_control.py
[0.686s] -- Execute custom install script
[0.686s] -- Symlinking: /home/aa274/autonomy_ws/src/AA174aSection/install/s2_basic/share/ament_index/resource_index/package_run_dependencies/s2_basic
[0.692s] -- Symlinking: /home/aa274/autonomy_ws/src/AA174aSection/install/s2_basic/share/ament_index/resource_index/parent_prefix_path/s2_basic
[0.698s] -- Symlinking: /home/aa274/autonomy_ws/src/AA174aSection/install/s2_basic/share/s2_basic/environment/ament_prefix_path.sh
[0.704s] -- Symlinking: /home/aa274/autonomy_ws/src/AA174aSection/install/s2_basic/share/s2_basic/environment/ament_prefix_path.dsv
[0.711s] -- Symlinking: /home/aa274/autonomy_ws/src/AA174aSection/install/s2_basic/share/s2_basic/environment/path.sh
[0.717s] -- Symlinking: /home/aa274/autonomy_ws/src/AA174aSection/install/s2_basic/share/s2_basic/environment/path.dsv
[0.724s] -- Symlinking: /home/aa274/autonomy_ws/src/AA174aSection/install/s2_basic/share/s2_basic/local_setup.bash
[0.731s] -- Symlinking: /home/aa274/autonomy_ws/src/AA174aSection/install/s2_basic/share/s2_basic/local_setup.sh
[0.738s] -- Symlinking: /home/aa274/autonomy_ws/src/AA174aSection/install/s2_basic/share/s2_basic/local_setup.zsh
[0.744s] -- Symlinking: /home/aa274/autonomy_ws/src/AA174aSection/install/s2_basic/share/s2_basic/local_setup.dsv
[0.751s] -- Symlinking: /home/aa274/autonomy_ws/src/AA174aSection/install/s2_basic/share/s2_basic/package.dsv
[0.758s] -- Symlinking: /home/aa274/autonomy_ws/src/AA174aSection/install/s2_basic/share/ament_index/resource_index/packages/s2_basic
[0.764s] -- Symlinking: /home/aa274/autonomy_ws/src/AA174aSection/install/s2_basic/share/s2_basic/cmake/s2_basicConfig.cmake
[0.771s] -- Symlinking: /home/aa274/autonomy_ws/src/AA174aSection/install/s2_basic/share/s2_basic/cmake/s2_basicConfig-version.cmake
[0.777s] -- Symlinking: /home/aa274/autonomy_ws/src/AA174aSection/install/s2_basic/share/s2_basic/package.xml
[0.789s] Invoked command in '/home/aa274/autonomy_ws/src/AA174aSection/build/s2_basic' returned '0': CMAKE_PREFIX_PATH=${CMAKE_PREFIX_PATH}:/opt/ros/humble /usr/bin/cmake --install /home/aa274/autonomy_ws/src/AA174aSection/build/s2_basic
