-- The C compiler identification is GNU 11.4.0
-- The CXX compiler identification is GNU 11.4.0
-- Detecting C compiler ABI info
-- Detecting C compiler ABI info - done
-- Check for working C compiler: /usr/bin/cc - skipped
-- Detecting C compile features
-- Detecting C compile features - done
-- Detecting CXX compiler ABI info
-- Detecting CXX compiler ABI info - done
-- Check for working CXX compiler: /usr/bin/c++ - skipped
-- Detecting CXX compile features
-- Detecting CXX compile features - done
-- Found ament_cmake: 1.3.6 (/opt/ros/humble/share/ament_cmake/cmake)
-- Found Python3: /usr/bin/python3.10 (found version "3.10.12") found components: Interpreter 
-- Override CMake install command with custom implementation using symlinks instead of copying resources
-- Found ament_lint_auto: 0.12.9 (/opt/ros/humble/share/ament_lint_auto/cmake)
-- Added test 'cppcheck' to perform static code analysis on C / C++ code
-- Configured cppcheck include dirs: 
-- Configured cppcheck exclude dirs and/or files: 
-- Added test 'flake8' to check Python code syntax and style conventions
-- Added test 'lint_cmake' to check CMake code style
-- Added test 'pep257' to check Python code against some of the docstring style conventions in PEP 257
-- Added test 'uncrustify' to check C / C++ code style
-- Configured uncrustify additional arguments: 
-- Added test 'xmllint' to check XML markup files
-- Configuring done
-- Generating done
[33mCMake Warning:
  Manually-specified variables were not used by the project:

    CMAKE_EXPORT_COMPILE_COMMANDS

[0m
-- Build files have been written to: /home/aa274/autonomy_ws/src/AA174aSection/autonomy_repo/build/autonomy_repo
-- Install configuration: "RelWithDebInfo"
-- Execute custom install script
-- Symlinking: /home/aa274/autonomy_ws/src/AA174aSection/autonomy_repo/install/autonomy_repo/lib/autonomy_repo/heading_controller.py
-- Symlinking: /home/aa274/autonomy_ws/src/AA174aSection/autonomy_repo/install/autonomy_repo/lib/autonomy_repo/p3_plot.py
-- Symlinking: /home/aa274/autonomy_ws/src/AA174aSection/autonomy_repo/install/autonomy_repo/lib/autonomy_repo/navigator.py
-- Symlinking: /home/aa274/autonomy_ws/src/AA174aSection/autonomy_repo/install/autonomy_repo/share/autonomy_repo/launch/heading_control.launch.py
-- Symlinking: /home/aa274/autonomy_ws/src/AA174aSection/autonomy_repo/install/autonomy_repo/share/autonomy_repo/rviz/default.rviz
-- Symlinking: /home/aa274/autonomy_ws/src/AA174aSection/autonomy_repo/install/autonomy_repo/share/ament_index/resource_index/package_run_dependencies/autonomy_repo
-- Symlinking: /home/aa274/autonomy_ws/src/AA174aSection/autonomy_repo/install/autonomy_repo/share/ament_index/resource_index/parent_prefix_path/autonomy_repo
-- Symlinking: /home/aa274/autonomy_ws/src/AA174aSection/autonomy_repo/install/autonomy_repo/share/autonomy_repo/environment/ament_prefix_path.sh
-- Symlinking: /home/aa274/autonomy_ws/src/AA174aSection/autonomy_repo/install/autonomy_repo/share/autonomy_repo/environment/ament_prefix_path.dsv
-- Symlinking: /home/aa274/autonomy_ws/src/AA174aSection/autonomy_repo/install/autonomy_repo/share/autonomy_repo/environment/path.sh
-- Symlinking: /home/aa274/autonomy_ws/src/AA174aSection/autonomy_repo/install/autonomy_repo/share/autonomy_repo/environment/path.dsv
-- Symlinking: /home/aa274/autonomy_ws/src/AA174aSection/autonomy_repo/install/autonomy_repo/share/autonomy_repo/local_setup.bash
-- Symlinking: /home/aa274/autonomy_ws/src/AA174aSection/autonomy_repo/install/autonomy_repo/share/autonomy_repo/local_setup.sh
-- Symlinking: /home/aa274/autonomy_ws/src/AA174aSection/autonomy_repo/install/autonomy_repo/share/autonomy_repo/local_setup.zsh
-- Symlinking: /home/aa274/autonomy_ws/src/AA174aSection/autonomy_repo/install/autonomy_repo/share/autonomy_repo/local_setup.dsv
-- Symlinking: /home/aa274/autonomy_ws/src/AA174aSection/autonomy_repo/install/autonomy_repo/share/autonomy_repo/package.dsv
-- Symlinking: /home/aa274/autonomy_ws/src/AA174aSection/autonomy_repo/install/autonomy_repo/share/ament_index/resource_index/packages/autonomy_repo
-- Symlinking: /home/aa274/autonomy_ws/src/AA174aSection/autonomy_repo/install/autonomy_repo/share/autonomy_repo/cmake/autonomy_repoConfig.cmake
-- Symlinking: /home/aa274/autonomy_ws/src/AA174aSection/autonomy_repo/install/autonomy_repo/share/autonomy_repo/cmake/autonomy_repoConfig-version.cmake
-- Symlinking: /home/aa274/autonomy_ws/src/AA174aSection/autonomy_repo/install/autonomy_repo/share/autonomy_repo/package.xml
