[0.437s] Invoking command in '/home/aa274/autonomy_ws/src/AA174aSection/autonomy_repo/build/autonomy_repo': CMAKE_PREFIX_PATH=${CMAKE_PREFIX_PATH}:/opt/ros/humble /usr/bin/cmake /home/aa274/autonomy_ws/src/AA174aSection/autonomy_repo -DCMAKE_EXPORT_COMPILE_COMMANDS=ON -DCMAKE_BUILD_TYPE=RelWithDebInfo -DAMENT_CMAKE_SYMLINK_INSTALL=1 -DCMAKE_INSTALL_PREFIX=/home/aa274/autonomy_ws/src/AA174aSection/autonomy_repo/install/autonomy_repo
[0.687s] -- The C compiler identification is GNU 11.4.0
[0.962s] -- The CXX compiler identification is GNU 11.4.0
[0.987s] -- Detecting C compiler ABI info
[1.326s] -- Detecting C compiler ABI info - done
[1.370s] -- Check for working C compiler: /usr/bin/cc - skipped
[1.370s] -- Detecting C compile features
[1.371s] -- Detecting C compile features - done
[1.380s] -- Detecting CXX compiler ABI info
[1.719s] -- Detecting CXX compiler ABI info - done
[1.759s] -- Check for working CXX compiler: /usr/bin/c++ - skipped
[1.759s] -- Detecting CXX compile features
[1.762s] -- Detecting CXX compile features - done
[1.777s] -- Found ament_cmake: 1.3.6 (/opt/ros/humble/share/ament_cmake/cmake)
[2.657s] -- Found Python3: /usr/bin/python3.10 (found version "3.10.12") found components: Interpreter 
[2.989s] -- Override CMake install command with custom implementation using symlinks instead of copying resources
[3.159s] -- Found ament_lint_auto: 0.12.9 (/opt/ros/humble/share/ament_lint_auto/cmake)
[3.608s] -- Added test 'cppcheck' to perform static code analysis on C / C++ code
[3.608s] -- Configured cppcheck include dirs: 
[3.609s] -- Configured cppcheck exclude dirs and/or files: 
[3.613s] -- Added test 'flake8' to check Python code syntax and style conventions
[3.620s] -- Added test 'lint_cmake' to check CMake code style
[3.629s] -- Added test 'pep257' to check Python code against some of the docstring style conventions in PEP 257
[3.653s] -- Added test 'uncrustify' to check C / C++ code style
[3.656s] -- Configured uncrustify additional arguments: 
[3.661s] -- Added test 'xmllint' to check XML markup files
[3.676s] -- Configuring done
[3.688s] -- Generating done
[3.690s] [33mCMake Warning:
[3.691s]   Manually-specified variables were not used by the project:
[3.691s] 
[3.691s]     CMAKE_EXPORT_COMPILE_COMMANDS
[3.691s] 
[3.691s] [0m
[3.694s] -- Build files have been written to: /home/aa274/autonomy_ws/src/AA174aSection/autonomy_repo/build/autonomy_repo
[3.710s] Invoked command in '/home/aa274/autonomy_ws/src/AA174aSection/autonomy_repo/build/autonomy_repo' returned '0': CMAKE_PREFIX_PATH=${CMAKE_PREFIX_PATH}:/opt/ros/humble /usr/bin/cmake /home/aa274/autonomy_ws/src/AA174aSection/autonomy_repo -DCMAKE_EXPORT_COMPILE_COMMANDS=ON -DCMAKE_BUILD_TYPE=RelWithDebInfo -DAMENT_CMAKE_SYMLINK_INSTALL=1 -DCMAKE_INSTALL_PREFIX=/home/aa274/autonomy_ws/src/AA174aSection/autonomy_repo/install/autonomy_repo
[3.719s] Invoking command in '/home/aa274/autonomy_ws/src/AA174aSection/autonomy_repo/build/autonomy_repo': CMAKE_PREFIX_PATH=${CMAKE_PREFIX_PATH}:/opt/ros/humble /usr/bin/cmake --build /home/aa274/autonomy_ws/src/AA174aSection/autonomy_repo/build/autonomy_repo -- -j8 -l8
[3.905s] Invoked command in '/home/aa274/autonomy_ws/src/AA174aSection/autonomy_repo/build/autonomy_repo' returned '0': CMAKE_PREFIX_PATH=${CMAKE_PREFIX_PATH}:/opt/ros/humble /usr/bin/cmake --build /home/aa274/autonomy_ws/src/AA174aSection/autonomy_repo/build/autonomy_repo -- -j8 -l8
[4.034s] Invoking command in '/home/aa274/autonomy_ws/src/AA174aSection/autonomy_repo/build/autonomy_repo': CMAKE_PREFIX_PATH=${CMAKE_PREFIX_PATH}:/opt/ros/humble /usr/bin/cmake --install /home/aa274/autonomy_ws/src/AA174aSection/autonomy_repo/build/autonomy_repo
[4.083s] -- Install configuration: "RelWithDebInfo"
[4.084s] -- Execute custom install script
[4.087s] -- Symlinking: /home/aa274/autonomy_ws/src/AA174aSection/autonomy_repo/install/autonomy_repo/lib/autonomy_repo/heading_controller.py
[4.118s] -- Symlinking: /home/aa274/autonomy_ws/src/AA174aSection/autonomy_repo/install/autonomy_repo/lib/autonomy_repo/p3_plot.py
[4.155s] -- Symlinking: /home/aa274/autonomy_ws/src/AA174aSection/autonomy_repo/install/autonomy_repo/lib/autonomy_repo/navigator.py
[4.200s] -- Symlinking: /home/aa274/autonomy_ws/src/AA174aSection/autonomy_repo/install/autonomy_repo/share/autonomy_repo/launch/heading_control.launch.py
[4.235s] -- Symlinking: /home/aa274/autonomy_ws/src/AA174aSection/autonomy_repo/install/autonomy_repo/share/autonomy_repo/rviz/default.rviz
[4.265s] -- Symlinking: /home/aa274/autonomy_ws/src/AA174aSection/autonomy_repo/install/autonomy_repo/share/ament_index/resource_index/package_run_dependencies/autonomy_repo
[4.304s] -- Symlinking: /home/aa274/autonomy_ws/src/AA174aSection/autonomy_repo/install/autonomy_repo/share/ament_index/resource_index/parent_prefix_path/autonomy_repo
[4.341s] -- Symlinking: /home/aa274/autonomy_ws/src/AA174aSection/autonomy_repo/install/autonomy_repo/share/autonomy_repo/environment/ament_prefix_path.sh
[4.376s] -- Symlinking: /home/aa274/autonomy_ws/src/AA174aSection/autonomy_repo/install/autonomy_repo/share/autonomy_repo/environment/ament_prefix_path.dsv
[4.420s] -- Symlinking: /home/aa274/autonomy_ws/src/AA174aSection/autonomy_repo/install/autonomy_repo/share/autonomy_repo/environment/path.sh
[4.462s] -- Symlinking: /home/aa274/autonomy_ws/src/AA174aSection/autonomy_repo/install/autonomy_repo/share/autonomy_repo/environment/path.dsv
[4.511s] -- Symlinking: /home/aa274/autonomy_ws/src/AA174aSection/autonomy_repo/install/autonomy_repo/share/autonomy_repo/local_setup.bash
[4.542s] -- Symlinking: /home/aa274/autonomy_ws/src/AA174aSection/autonomy_repo/install/autonomy_repo/share/autonomy_repo/local_setup.sh
[4.581s] -- Symlinking: /home/aa274/autonomy_ws/src/AA174aSection/autonomy_repo/install/autonomy_repo/share/autonomy_repo/local_setup.zsh
[4.619s] -- Symlinking: /home/aa274/autonomy_ws/src/AA174aSection/autonomy_repo/install/autonomy_repo/share/autonomy_repo/local_setup.dsv
[4.664s] -- Symlinking: /home/aa274/autonomy_ws/src/AA174aSection/autonomy_repo/install/autonomy_repo/share/autonomy_repo/package.dsv
[4.701s] -- Symlinking: /home/aa274/autonomy_ws/src/AA174aSection/autonomy_repo/install/autonomy_repo/share/ament_index/resource_index/packages/autonomy_repo
[4.748s] -- Symlinking: /home/aa274/autonomy_ws/src/AA174aSection/autonomy_repo/install/autonomy_repo/share/autonomy_repo/cmake/autonomy_repoConfig.cmake
[4.790s] -- Symlinking: /home/aa274/autonomy_ws/src/AA174aSection/autonomy_repo/install/autonomy_repo/share/autonomy_repo/cmake/autonomy_repoConfig-version.cmake
[4.820s] -- Symlinking: /home/aa274/autonomy_ws/src/AA174aSection/autonomy_repo/install/autonomy_repo/share/autonomy_repo/package.xml
[4.863s] Invoked command in '/home/aa274/autonomy_ws/src/AA174aSection/autonomy_repo/build/autonomy_repo' returned '0': CMAKE_PREFIX_PATH=${CMAKE_PREFIX_PATH}:/opt/ros/humble /usr/bin/cmake --install /home/aa274/autonomy_ws/src/AA174aSection/autonomy_repo/build/autonomy_repo
