[0.390s] DEBUG:colcon:Command line arguments: ['/usr/bin/colcon', 'build']
[0.390s] DEBUG:colcon:Parsed command line arguments: Namespace(log_base=None, log_level=None, verb_name='build', build_base='build', install_base='install', merge_install=False, symlink_install=True, test_result_base=None, continue_on_error=False, executor='parallel', parallel_workers=8, event_handlers=None, ignore_user_meta=False, metas=['./colcon.meta'], base_paths=['.'], packages_ignore=None, packages_ignore_regex=None, paths=None, packages_up_to=None, packages_up_to_regex=None, packages_above=None, packages_above_and_dependencies=None, packages_above_depth=None, packages_select_by_dep=None, packages_skip_by_dep=None, packages_skip_up_to=None, packages_select_build_failed=False, packages_skip_build_finished=False, packages_select_test_failures=False, packages_skip_test_passed=False, packages_select=None, packages_skip=None, packages_select_regex=None, packages_skip_regex=None, packages_start=None, packages_end=None, allow_overriding=[], cmake_args=['-DCMAKE_EXPORT_COMPILE_COMMANDS=ON', '-DCMAKE_BUILD_TYPE=RelWithDebInfo'], cmake_target=None, cmake_target_skip_unavailable=False, cmake_clean_cache=False, cmake_clean_first=False, cmake_force_configure=False, ament_cmake_args=None, catkin_cmake_args=None, catkin_skip_building_tests=False, mixin_files=None, mixin=None, verb_parser=<colcon_mixin.mixin.mixin_argument.MixinArgumentDecorator object at 0x77947cd3e500>, verb_extension=<colcon_core.verb.build.BuildVerb object at 0x77947cd3de70>, main=<bound method BuildVerb.main of <colcon_core.verb.build.BuildVerb object at 0x77947cd3de70>>, mixin_verb=('build',))
[1.037s] Level 1:colcon.colcon_core.package_discovery:discover_packages(colcon_meta) check parameters
[1.037s] Level 1:colcon.colcon_core.package_discovery:discover_packages(recursive) check parameters
[1.037s] Level 1:colcon.colcon_core.package_discovery:discover_packages(ignore) check parameters
[1.038s] Level 1:colcon.colcon_core.package_discovery:discover_packages(path) check parameters
[1.038s] Level 1:colcon.colcon_core.package_discovery:discover_packages(colcon_meta) discover
[1.038s] Level 1:colcon.colcon_core.package_discovery:discover_packages(recursive) discover
[1.038s] INFO:colcon.colcon_core.package_discovery:Crawling recursively for packages in '/home/aa274/autonomy_ws/src/AA174aSection'
[1.038s] Level 1:colcon.colcon_core.package_identification:_identify(.) by extensions ['ignore', 'ignore_ament_install']
[1.038s] Level 1:colcon.colcon_core.package_identification:_identify(.) by extension 'ignore'
[1.038s] Level 1:colcon.colcon_core.package_identification:_identify(.) by extension 'ignore_ament_install'
[1.039s] Level 1:colcon.colcon_core.package_identification:_identify(.) by extensions ['colcon_pkg']
[1.039s] Level 1:colcon.colcon_core.package_identification:_identify(.) by extension 'colcon_pkg'
[1.039s] Level 1:colcon.colcon_core.package_identification:_identify(.) by extensions ['colcon_meta']
[1.039s] Level 1:colcon.colcon_core.package_identification:_identify(.) by extension 'colcon_meta'
[1.039s] Level 1:colcon.colcon_core.package_identification:_identify(.) by extensions ['ros']
[1.039s] Level 1:colcon.colcon_core.package_identification:_identify(.) by extension 'ros'
[1.085s] Level 1:colcon.colcon_core.package_identification:_identify(.) by extensions ['cmake', 'python']
[1.085s] Level 1:colcon.colcon_core.package_identification:_identify(.) by extension 'cmake'
[1.085s] Level 1:colcon.colcon_core.package_identification:_identify(.) by extension 'python'
[1.085s] Level 1:colcon.colcon_core.package_identification:_identify(.) by extensions ['python_setup_py']
[1.086s] Level 1:colcon.colcon_core.package_identification:_identify(.) by extension 'python_setup_py'
[1.086s] Level 1:colcon.colcon_core.package_identification:_identify(autonomy_repo) by extensions ['ignore', 'ignore_ament_install']
[1.086s] Level 1:colcon.colcon_core.package_identification:_identify(autonomy_repo) by extension 'ignore'
[1.086s] Level 1:colcon.colcon_core.package_identification:_identify(autonomy_repo) by extension 'ignore_ament_install'
[1.087s] Level 1:colcon.colcon_core.package_identification:_identify(autonomy_repo) by extensions ['colcon_pkg']
[1.087s] Level 1:colcon.colcon_core.package_identification:_identify(autonomy_repo) by extension 'colcon_pkg'
[1.087s] Level 1:colcon.colcon_core.package_identification:_identify(autonomy_repo) by extensions ['colcon_meta']
[1.087s] Level 1:colcon.colcon_core.package_identification:_identify(autonomy_repo) by extension 'colcon_meta'
[1.087s] Level 1:colcon.colcon_core.package_identification:_identify(autonomy_repo) by extensions ['ros']
[1.087s] Level 1:colcon.colcon_core.package_identification:_identify(autonomy_repo) by extension 'ros'
[1.094s] DEBUG:colcon.colcon_core.package_identification:Package 'autonomy_repo' with type 'ros.ament_cmake' and name 'autonomy_repo'
[1.094s] Level 1:colcon.colcon_core.package_identification:_identify(build) by extensions ['ignore', 'ignore_ament_install']
[1.095s] Level 1:colcon.colcon_core.package_identification:_identify(build) by extension 'ignore'
[1.096s] Level 1:colcon.colcon_core.package_identification:_identify(build) ignored
[1.097s] Level 1:colcon.colcon_core.package_identification:_identify(install) by extensions ['ignore', 'ignore_ament_install']
[1.098s] Level 1:colcon.colcon_core.package_identification:_identify(install) by extension 'ignore'
[1.099s] Level 1:colcon.colcon_core.package_identification:_identify(install) ignored
[1.100s] Level 1:colcon.colcon_core.package_identification:_identify(log) by extensions ['ignore', 'ignore_ament_install']
[1.100s] Level 1:colcon.colcon_core.package_identification:_identify(log) by extension 'ignore'
[1.101s] Level 1:colcon.colcon_core.package_identification:_identify(log) ignored
[1.102s] Level 1:colcon.colcon_core.package_identification:_identify(s2_basic) by extensions ['ignore', 'ignore_ament_install']
[1.103s] Level 1:colcon.colcon_core.package_identification:_identify(s2_basic) by extension 'ignore'
[1.103s] Level 1:colcon.colcon_core.package_identification:_identify(s2_basic) by extension 'ignore_ament_install'
[1.103s] Level 1:colcon.colcon_core.package_identification:_identify(s2_basic) by extensions ['colcon_pkg']
[1.103s] Level 1:colcon.colcon_core.package_identification:_identify(s2_basic) by extension 'colcon_pkg'
[1.104s] Level 1:colcon.colcon_core.package_identification:_identify(s2_basic) by extensions ['colcon_meta']
[1.104s] Level 1:colcon.colcon_core.package_identification:_identify(s2_basic) by extension 'colcon_meta'
[1.104s] Level 1:colcon.colcon_core.package_identification:_identify(s2_basic) by extensions ['ros']
[1.104s] Level 1:colcon.colcon_core.package_identification:_identify(s2_basic) by extension 'ros'
[1.106s] DEBUG:colcon.colcon_core.package_identification:Package 's2_basic' with type 'ros.ament_cmake' and name 's2_basic'
[1.106s] Level 1:colcon.colcon_core.package_identification:_identify(s3_basic) by extensions ['ignore', 'ignore_ament_install']
[1.106s] Level 1:colcon.colcon_core.package_identification:_identify(s3_basic) by extension 'ignore'
[1.106s] Level 1:colcon.colcon_core.package_identification:_identify(s3_basic) by extension 'ignore_ament_install'
[1.107s] Level 1:colcon.colcon_core.package_identification:_identify(s3_basic) by extensions ['colcon_pkg']
[1.107s] Level 1:colcon.colcon_core.package_identification:_identify(s3_basic) by extension 'colcon_pkg'
[1.107s] Level 1:colcon.colcon_core.package_identification:_identify(s3_basic) by extensions ['colcon_meta']
[1.107s] Level 1:colcon.colcon_core.package_identification:_identify(s3_basic) by extension 'colcon_meta'
[1.107s] Level 1:colcon.colcon_core.package_identification:_identify(s3_basic) by extensions ['ros']
[1.107s] Level 1:colcon.colcon_core.package_identification:_identify(s3_basic) by extension 'ros'
[1.109s] DEBUG:colcon.colcon_core.package_identification:Package 's3_basic' with type 'ros.ament_cmake' and name 's3_basic'
[1.109s] Level 1:colcon.colcon_core.package_discovery:discover_packages(recursive) using defaults
[1.109s] Level 1:colcon.colcon_core.package_discovery:discover_packages(ignore) discover
[1.109s] Level 1:colcon.colcon_core.package_discovery:discover_packages(ignore) using defaults
[1.109s] Level 1:colcon.colcon_core.package_discovery:discover_packages(path) discover
[1.109s] Level 1:colcon.colcon_core.package_discovery:discover_packages(path) using defaults
[1.239s] Level 1:colcon.colcon_core.package_discovery:discover_packages(prefix_path) check parameters
[1.239s] Level 1:colcon.colcon_core.package_discovery:discover_packages(prefix_path) discover
[1.248s] DEBUG:colcon.colcon_installed_package_information.package_discovery:Found 3 installed packages in /home/aa274/autonomy_ws/install
[1.251s] DEBUG:colcon.colcon_installed_package_information.package_discovery:Found 18 installed packages in /home/aa274/tb_ws/install
[1.259s] DEBUG:colcon.colcon_installed_package_information.package_discovery:Found 240 installed packages in /opt/ros/humble
[1.263s] Level 1:colcon.colcon_core.package_discovery:discover_packages(prefix_path) using defaults
[1.398s] Level 5:colcon.colcon_core.verb:set package 'autonomy_repo' build argument 'cmake_args' from command line to '['-DCMAKE_EXPORT_COMPILE_COMMANDS=ON', '-DCMAKE_BUILD_TYPE=RelWithDebInfo']'
[1.398s] Level 5:colcon.colcon_core.verb:set package 'autonomy_repo' build argument 'cmake_target' from command line to 'None'
[1.398s] Level 5:colcon.colcon_core.verb:set package 'autonomy_repo' build argument 'cmake_target_skip_unavailable' from command line to 'False'
[1.398s] Level 5:colcon.colcon_core.verb:set package 'autonomy_repo' build argument 'cmake_clean_cache' from command line to 'False'
[1.398s] Level 5:colcon.colcon_core.verb:set package 'autonomy_repo' build argument 'cmake_clean_first' from command line to 'False'
[1.398s] Level 5:colcon.colcon_core.verb:set package 'autonomy_repo' build argument 'cmake_force_configure' from command line to 'False'
[1.398s] Level 5:colcon.colcon_core.verb:set package 'autonomy_repo' build argument 'ament_cmake_args' from command line to 'None'
[1.398s] Level 5:colcon.colcon_core.verb:set package 'autonomy_repo' build argument 'catkin_cmake_args' from command line to 'None'
[1.399s] Level 5:colcon.colcon_core.verb:set package 'autonomy_repo' build argument 'catkin_skip_building_tests' from command line to 'False'
[1.399s] DEBUG:colcon.colcon_core.verb:Building package 'autonomy_repo' with the following arguments: {'ament_cmake_args': None, 'build_base': '/home/aa274/autonomy_ws/src/AA174aSection/build/autonomy_repo', 'catkin_cmake_args': None, 'catkin_skip_building_tests': False, 'cmake_args': ['-DCMAKE_EXPORT_COMPILE_COMMANDS=ON', '-DCMAKE_BUILD_TYPE=RelWithDebInfo'], 'cmake_clean_cache': False, 'cmake_clean_first': False, 'cmake_force_configure': False, 'cmake_target': None, 'cmake_target_skip_unavailable': False, 'install_base': '/home/aa274/autonomy_ws/src/AA174aSection/install/autonomy_repo', 'merge_install': False, 'path': '/home/aa274/autonomy_ws/src/AA174aSection/autonomy_repo', 'symlink_install': True, 'test_result_base': None}
[1.399s] Level 5:colcon.colcon_core.verb:set package 's2_basic' build argument 'cmake_args' from command line to '['-DCMAKE_EXPORT_COMPILE_COMMANDS=ON', '-DCMAKE_BUILD_TYPE=RelWithDebInfo']'
[1.400s] Level 5:colcon.colcon_core.verb:set package 's2_basic' build argument 'cmake_target' from command line to 'None'
[1.400s] Level 5:colcon.colcon_core.verb:set package 's2_basic' build argument 'cmake_target_skip_unavailable' from command line to 'False'
[1.400s] Level 5:colcon.colcon_core.verb:set package 's2_basic' build argument 'cmake_clean_cache' from command line to 'False'
[1.400s] Level 5:colcon.colcon_core.verb:set package 's2_basic' build argument 'cmake_clean_first' from command line to 'False'
[1.400s] Level 5:colcon.colcon_core.verb:set package 's2_basic' build argument 'cmake_force_configure' from command line to 'False'
[1.400s] Level 5:colcon.colcon_core.verb:set package 's2_basic' build argument 'ament_cmake_args' from command line to 'None'
[1.400s] Level 5:colcon.colcon_core.verb:set package 's2_basic' build argument 'catkin_cmake_args' from command line to 'None'
[1.400s] Level 5:colcon.colcon_core.verb:set package 's2_basic' build argument 'catkin_skip_building_tests' from command line to 'False'
[1.400s] DEBUG:colcon.colcon_core.verb:Building package 's2_basic' with the following arguments: {'ament_cmake_args': None, 'build_base': '/home/aa274/autonomy_ws/src/AA174aSection/build/s2_basic', 'catkin_cmake_args': None, 'catkin_skip_building_tests': False, 'cmake_args': ['-DCMAKE_EXPORT_COMPILE_COMMANDS=ON', '-DCMAKE_BUILD_TYPE=RelWithDebInfo'], 'cmake_clean_cache': False, 'cmake_clean_first': False, 'cmake_force_configure': False, 'cmake_target': None, 'cmake_target_skip_unavailable': False, 'install_base': '/home/aa274/autonomy_ws/src/AA174aSection/install/s2_basic', 'merge_install': False, 'path': '/home/aa274/autonomy_ws/src/AA174aSection/s2_basic', 'symlink_install': True, 'test_result_base': None}
[1.401s] Level 5:colcon.colcon_core.verb:set package 's3_basic' build argument 'cmake_args' from command line to '['-DCMAKE_EXPORT_COMPILE_COMMANDS=ON', '-DCMAKE_BUILD_TYPE=RelWithDebInfo']'
[1.401s] Level 5:colcon.colcon_core.verb:set package 's3_basic' build argument 'cmake_target' from command line to 'None'
[1.401s] Level 5:colcon.colcon_core.verb:set package 's3_basic' build argument 'cmake_target_skip_unavailable' from command line to 'False'
[1.401s] Level 5:colcon.colcon_core.verb:set package 's3_basic' build argument 'cmake_clean_cache' from command line to 'False'
[1.401s] Level 5:colcon.colcon_core.verb:set package 's3_basic' build argument 'cmake_clean_first' from command line to 'False'
[1.401s] Level 5:colcon.colcon_core.verb:set package 's3_basic' build argument 'cmake_force_configure' from command line to 'False'
[1.401s] Level 5:colcon.colcon_core.verb:set package 's3_basic' build argument 'ament_cmake_args' from command line to 'None'
[1.401s] Level 5:colcon.colcon_core.verb:set package 's3_basic' build argument 'catkin_cmake_args' from command line to 'None'
[1.401s] Level 5:colcon.colcon_core.verb:set package 's3_basic' build argument 'catkin_skip_building_tests' from command line to 'False'
[1.402s] DEBUG:colcon.colcon_core.verb:Building package 's3_basic' with the following arguments: {'ament_cmake_args': None, 'build_base': '/home/aa274/autonomy_ws/src/AA174aSection/build/s3_basic', 'catkin_cmake_args': None, 'catkin_skip_building_tests': False, 'cmake_args': ['-DCMAKE_EXPORT_COMPILE_COMMANDS=ON', '-DCMAKE_BUILD_TYPE=RelWithDebInfo'], 'cmake_clean_cache': False, 'cmake_clean_first': False, 'cmake_force_configure': False, 'cmake_target': None, 'cmake_target_skip_unavailable': False, 'install_base': '/home/aa274/autonomy_ws/src/AA174aSection/install/s3_basic', 'merge_install': False, 'path': '/home/aa274/autonomy_ws/src/AA174aSection/s3_basic', 'symlink_install': True, 'test_result_base': None}
[1.402s] INFO:colcon.colcon_core.executor:Executing jobs using 'parallel' executor
[1.404s] DEBUG:colcon.colcon_parallel_executor.executor.parallel:run_until_complete
[1.404s] INFO:colcon.colcon_ros.task.ament_cmake.build:Building ROS package in '/home/aa274/autonomy_ws/src/AA174aSection/autonomy_repo' with build type 'ament_cmake'
[1.404s] INFO:colcon.colcon_cmake.task.cmake.build:Building CMake package in '/home/aa274/autonomy_ws/src/AA174aSection/autonomy_repo'
[1.409s] INFO:colcon.colcon_core.plugin_system:Skipping extension 'colcon_core.shell.bat': Not used on non-Windows systems
[1.409s] INFO:colcon.colcon_core.shell:Skip shell extension 'powershell' for command environment: Not usable outside of PowerShell
[1.409s] DEBUG:colcon.colcon_core.shell:Skip shell extension 'dsv' for command environment
[1.420s] INFO:colcon.colcon_ros.task.ament_cmake.build:Building ROS package in '/home/aa274/autonomy_ws/src/AA174aSection/s2_basic' with build type 'ament_cmake'
[1.420s] INFO:colcon.colcon_cmake.task.cmake.build:Building CMake package in '/home/aa274/autonomy_ws/src/AA174aSection/s2_basic'
[1.422s] INFO:colcon.colcon_core.shell:Skip shell extension 'powershell' for command environment: Not usable outside of PowerShell
[1.422s] DEBUG:colcon.colcon_core.shell:Skip shell extension 'dsv' for command environment
[1.434s] INFO:colcon.colcon_ros.task.ament_cmake.build:Building ROS package in '/home/aa274/autonomy_ws/src/AA174aSection/s3_basic' with build type 'ament_cmake'
[1.434s] INFO:colcon.colcon_cmake.task.cmake.build:Building CMake package in '/home/aa274/autonomy_ws/src/AA174aSection/s3_basic'
[1.435s] INFO:colcon.colcon_core.shell:Skip shell extension 'powershell' for command environment: Not usable outside of PowerShell
[1.435s] DEBUG:colcon.colcon_core.shell:Skip shell extension 'dsv' for command environment
[1.466s] DEBUG:colcon.colcon_core.event_handler.log_command:Invoking command in '/home/aa274/autonomy_ws/src/AA174aSection/build/autonomy_repo': CMAKE_PREFIX_PATH=${CMAKE_PREFIX_PATH}:/opt/ros/humble /usr/bin/cmake --build /home/aa274/autonomy_ws/src/AA174aSection/build/autonomy_repo -- -j8 -l8
[1.488s] DEBUG:colcon.colcon_core.event_handler.log_command:Invoking command in '/home/aa274/autonomy_ws/src/AA174aSection/build/s2_basic': CMAKE_PREFIX_PATH=${CMAKE_PREFIX_PATH}:/opt/ros/humble /usr/bin/cmake --build /home/aa274/autonomy_ws/src/AA174aSection/build/s2_basic -- -j8 -l8
[1.497s] DEBUG:colcon.colcon_core.event_handler.log_command:Invoking command in '/home/aa274/autonomy_ws/src/AA174aSection/build/s3_basic': CMAKE_PREFIX_PATH=${CMAKE_PREFIX_PATH}:/opt/ros/humble /usr/bin/cmake --build /home/aa274/autonomy_ws/src/AA174aSection/build/s3_basic -- -j8 -l8
[1.603s] DEBUG:colcon.colcon_core.event_handler.log_command:Invoked command in '/home/aa274/autonomy_ws/src/AA174aSection/build/autonomy_repo' returned '0': CMAKE_PREFIX_PATH=${CMAKE_PREFIX_PATH}:/opt/ros/humble /usr/bin/cmake --build /home/aa274/autonomy_ws/src/AA174aSection/build/autonomy_repo -- -j8 -l8
[1.618s] DEBUG:colcon.colcon_core.event_handler.log_command:Invoked command in '/home/aa274/autonomy_ws/src/AA174aSection/build/s2_basic' returned '0': CMAKE_PREFIX_PATH=${CMAKE_PREFIX_PATH}:/opt/ros/humble /usr/bin/cmake --build /home/aa274/autonomy_ws/src/AA174aSection/build/s2_basic -- -j8 -l8
[1.634s] DEBUG:colcon.colcon_core.event_handler.log_command:Invoked command in '/home/aa274/autonomy_ws/src/AA174aSection/build/s3_basic' returned '0': CMAKE_PREFIX_PATH=${CMAKE_PREFIX_PATH}:/opt/ros/humble /usr/bin/cmake --build /home/aa274/autonomy_ws/src/AA174aSection/build/s3_basic -- -j8 -l8
[1.723s] DEBUG:colcon.colcon_core.event_handler.log_command:Invoking command in '/home/aa274/autonomy_ws/src/AA174aSection/build/autonomy_repo': CMAKE_PREFIX_PATH=${CMAKE_PREFIX_PATH}:/opt/ros/humble /usr/bin/cmake --install /home/aa274/autonomy_ws/src/AA174aSection/build/autonomy_repo
[1.733s] DEBUG:colcon.colcon_core.event_handler.log_command:Invoking command in '/home/aa274/autonomy_ws/src/AA174aSection/build/s3_basic': CMAKE_PREFIX_PATH=${CMAKE_PREFIX_PATH}:/opt/ros/humble /usr/bin/cmake --install /home/aa274/autonomy_ws/src/AA174aSection/build/s3_basic
[1.739s] DEBUG:colcon.colcon_core.event_handler.log_command:Invoking command in '/home/aa274/autonomy_ws/src/AA174aSection/build/s2_basic': CMAKE_PREFIX_PATH=${CMAKE_PREFIX_PATH}:/opt/ros/humble /usr/bin/cmake --install /home/aa274/autonomy_ws/src/AA174aSection/build/s2_basic
[1.806s] Level 1:colcon.colcon_core.environment:create_environment_scripts_only(autonomy_repo)
[1.815s] DEBUG:colcon.colcon_core.event_handler.log_command:Invoked command in '/home/aa274/autonomy_ws/src/AA174aSection/build/autonomy_repo' returned '0': CMAKE_PREFIX_PATH=${CMAKE_PREFIX_PATH}:/opt/ros/humble /usr/bin/cmake --install /home/aa274/autonomy_ws/src/AA174aSection/build/autonomy_repo
[1.820s] Level 1:colcon.colcon_core.environment:checking '/home/aa274/autonomy_ws/src/AA174aSection/install/autonomy_repo' for CMake module files
[1.822s] Level 1:colcon.colcon_core.environment:checking '/home/aa274/autonomy_ws/src/AA174aSection/install/autonomy_repo' for CMake config files
[1.824s] Level 1:colcon.colcon_core.shell:create_environment_hook('autonomy_repo', 'cmake_prefix_path')
[1.826s] INFO:colcon.colcon_core.shell:Creating environment hook '/home/aa274/autonomy_ws/src/AA174aSection/install/autonomy_repo/share/autonomy_repo/hook/cmake_prefix_path.ps1'
[1.830s] INFO:colcon.colcon_core.shell:Creating environment descriptor '/home/aa274/autonomy_ws/src/AA174aSection/install/autonomy_repo/share/autonomy_repo/hook/cmake_prefix_path.dsv'
[1.832s] INFO:colcon.colcon_core.shell:Creating environment hook '/home/aa274/autonomy_ws/src/AA174aSection/install/autonomy_repo/share/autonomy_repo/hook/cmake_prefix_path.sh'
[1.834s] Level 1:colcon.colcon_core.environment:checking '/home/aa274/autonomy_ws/src/AA174aSection/install/autonomy_repo/lib'
[1.834s] Level 1:colcon.colcon_core.environment:checking '/home/aa274/autonomy_ws/src/AA174aSection/install/autonomy_repo/bin'
[1.835s] Level 1:colcon.colcon_core.environment:checking '/home/aa274/autonomy_ws/src/AA174aSection/install/autonomy_repo/lib/pkgconfig/autonomy_repo.pc'
[1.835s] Level 1:colcon.colcon_core.environment:checking '/home/aa274/autonomy_ws/src/AA174aSection/install/autonomy_repo/lib/python3.10/site-packages'
[1.836s] Level 1:colcon.colcon_core.environment:checking '/home/aa274/autonomy_ws/src/AA174aSection/install/autonomy_repo/bin'
[1.837s] INFO:colcon.colcon_core.shell:Creating package script '/home/aa274/autonomy_ws/src/AA174aSection/install/autonomy_repo/share/autonomy_repo/package.ps1'
[1.841s] INFO:colcon.colcon_core.shell:Creating package descriptor '/home/aa274/autonomy_ws/src/AA174aSection/install/autonomy_repo/share/autonomy_repo/package.dsv'
[1.846s] INFO:colcon.colcon_core.shell:Creating package script '/home/aa274/autonomy_ws/src/AA174aSection/install/autonomy_repo/share/autonomy_repo/package.sh'
[1.849s] INFO:colcon.colcon_core.shell:Creating package script '/home/aa274/autonomy_ws/src/AA174aSection/install/autonomy_repo/share/autonomy_repo/package.bash'
[1.851s] INFO:colcon.colcon_core.shell:Creating package script '/home/aa274/autonomy_ws/src/AA174aSection/install/autonomy_repo/share/autonomy_repo/package.zsh'
[1.853s] Level 1:colcon.colcon_core.environment:create_file_with_runtime_dependencies(/home/aa274/autonomy_ws/src/AA174aSection/install/autonomy_repo/share/colcon-core/packages/autonomy_repo)
[1.865s] Level 1:colcon.colcon_core.environment:create_environment_scripts_only(s2_basic)
[1.866s] Level 1:colcon.colcon_core.environment:checking '/home/aa274/autonomy_ws/src/AA174aSection/install/s2_basic' for CMake module files
[1.868s] DEBUG:colcon.colcon_core.event_handler.log_command:Invoked command in '/home/aa274/autonomy_ws/src/AA174aSection/build/s2_basic' returned '0': CMAKE_PREFIX_PATH=${CMAKE_PREFIX_PATH}:/opt/ros/humble /usr/bin/cmake --install /home/aa274/autonomy_ws/src/AA174aSection/build/s2_basic
[1.869s] Level 1:colcon.colcon_core.environment:checking '/home/aa274/autonomy_ws/src/AA174aSection/install/s2_basic' for CMake config files
[1.871s] Level 1:colcon.colcon_core.shell:create_environment_hook('s2_basic', 'cmake_prefix_path')
[1.873s] INFO:colcon.colcon_core.shell:Creating environment hook '/home/aa274/autonomy_ws/src/AA174aSection/install/s2_basic/share/s2_basic/hook/cmake_prefix_path.ps1'
[1.878s] INFO:colcon.colcon_core.shell:Creating environment descriptor '/home/aa274/autonomy_ws/src/AA174aSection/install/s2_basic/share/s2_basic/hook/cmake_prefix_path.dsv'
[1.879s] INFO:colcon.colcon_core.shell:Creating environment hook '/home/aa274/autonomy_ws/src/AA174aSection/install/s2_basic/share/s2_basic/hook/cmake_prefix_path.sh'
[1.880s] Level 1:colcon.colcon_core.environment:checking '/home/aa274/autonomy_ws/src/AA174aSection/install/s2_basic/lib'
[1.881s] Level 1:colcon.colcon_core.environment:checking '/home/aa274/autonomy_ws/src/AA174aSection/install/s2_basic/bin'
[1.881s] Level 1:colcon.colcon_core.environment:checking '/home/aa274/autonomy_ws/src/AA174aSection/install/s2_basic/lib/pkgconfig/s2_basic.pc'
[1.881s] Level 1:colcon.colcon_core.environment:checking '/home/aa274/autonomy_ws/src/AA174aSection/install/s2_basic/lib/python3.10/site-packages'
[1.882s] Level 1:colcon.colcon_core.environment:checking '/home/aa274/autonomy_ws/src/AA174aSection/install/s2_basic/bin'
[1.883s] INFO:colcon.colcon_core.shell:Creating package script '/home/aa274/autonomy_ws/src/AA174aSection/install/s2_basic/share/s2_basic/package.ps1'
[1.886s] INFO:colcon.colcon_core.shell:Creating package descriptor '/home/aa274/autonomy_ws/src/AA174aSection/install/s2_basic/share/s2_basic/package.dsv'
[1.890s] INFO:colcon.colcon_core.shell:Creating package script '/home/aa274/autonomy_ws/src/AA174aSection/install/s2_basic/share/s2_basic/package.sh'
[1.892s] INFO:colcon.colcon_core.shell:Creating package script '/home/aa274/autonomy_ws/src/AA174aSection/install/s2_basic/share/s2_basic/package.bash'
[1.894s] INFO:colcon.colcon_core.shell:Creating package script '/home/aa274/autonomy_ws/src/AA174aSection/install/s2_basic/share/s2_basic/package.zsh'
[1.895s] Level 1:colcon.colcon_core.environment:create_file_with_runtime_dependencies(/home/aa274/autonomy_ws/src/AA174aSection/install/s2_basic/share/colcon-core/packages/s2_basic)
[1.899s] Level 1:colcon.colcon_core.environment:create_environment_scripts_only(s3_basic)
[1.900s] Level 1:colcon.colcon_core.environment:checking '/home/aa274/autonomy_ws/src/AA174aSection/install/s3_basic' for CMake module files
[1.901s] DEBUG:colcon.colcon_core.event_handler.log_command:Invoked command in '/home/aa274/autonomy_ws/src/AA174aSection/build/s3_basic' returned '0': CMAKE_PREFIX_PATH=${CMAKE_PREFIX_PATH}:/opt/ros/humble /usr/bin/cmake --install /home/aa274/autonomy_ws/src/AA174aSection/build/s3_basic
[1.905s] Level 1:colcon.colcon_core.environment:checking '/home/aa274/autonomy_ws/src/AA174aSection/install/s3_basic' for CMake config files
[1.907s] Level 1:colcon.colcon_core.shell:create_environment_hook('s3_basic', 'cmake_prefix_path')
[1.909s] INFO:colcon.colcon_core.shell:Creating environment hook '/home/aa274/autonomy_ws/src/AA174aSection/install/s3_basic/share/s3_basic/hook/cmake_prefix_path.ps1'
[1.912s] INFO:colcon.colcon_core.shell:Creating environment descriptor '/home/aa274/autonomy_ws/src/AA174aSection/install/s3_basic/share/s3_basic/hook/cmake_prefix_path.dsv'
[1.913s] INFO:colcon.colcon_core.shell:Creating environment hook '/home/aa274/autonomy_ws/src/AA174aSection/install/s3_basic/share/s3_basic/hook/cmake_prefix_path.sh'
[1.915s] Level 1:colcon.colcon_core.environment:checking '/home/aa274/autonomy_ws/src/AA174aSection/install/s3_basic/lib'
[1.915s] Level 1:colcon.colcon_core.environment:checking '/home/aa274/autonomy_ws/src/AA174aSection/install/s3_basic/bin'
[1.915s] Level 1:colcon.colcon_core.environment:checking '/home/aa274/autonomy_ws/src/AA174aSection/install/s3_basic/lib/pkgconfig/s3_basic.pc'
[1.916s] Level 1:colcon.colcon_core.environment:checking '/home/aa274/autonomy_ws/src/AA174aSection/install/s3_basic/lib/python3.10/site-packages'
[1.916s] Level 1:colcon.colcon_core.environment:checking '/home/aa274/autonomy_ws/src/AA174aSection/install/s3_basic/bin'
[1.918s] INFO:colcon.colcon_core.shell:Creating package script '/home/aa274/autonomy_ws/src/AA174aSection/install/s3_basic/share/s3_basic/package.ps1'
[1.920s] INFO:colcon.colcon_core.shell:Creating package descriptor '/home/aa274/autonomy_ws/src/AA174aSection/install/s3_basic/share/s3_basic/package.dsv'
[1.924s] INFO:colcon.colcon_core.shell:Creating package script '/home/aa274/autonomy_ws/src/AA174aSection/install/s3_basic/share/s3_basic/package.sh'
[1.928s] INFO:colcon.colcon_core.shell:Creating package script '/home/aa274/autonomy_ws/src/AA174aSection/install/s3_basic/share/s3_basic/package.bash'
[1.930s] INFO:colcon.colcon_core.shell:Creating package script '/home/aa274/autonomy_ws/src/AA174aSection/install/s3_basic/share/s3_basic/package.zsh'
[1.931s] Level 1:colcon.colcon_core.environment:create_file_with_runtime_dependencies(/home/aa274/autonomy_ws/src/AA174aSection/install/s3_basic/share/colcon-core/packages/s3_basic)
[1.936s] Level 1:colcon.colcon_core.environment:create_environment_scripts_only(autonomy_repo)
[1.937s] Level 1:colcon.colcon_core.environment:checking '/home/aa274/autonomy_ws/src/AA174aSection/install/autonomy_repo' for CMake module files
[1.940s] Level 1:colcon.colcon_core.environment:checking '/home/aa274/autonomy_ws/src/AA174aSection/install/autonomy_repo' for CMake config files
[1.943s] Level 1:colcon.colcon_core.shell:create_environment_hook('autonomy_repo', 'cmake_prefix_path')
[1.945s] INFO:colcon.colcon_core.shell:Creating environment hook '/home/aa274/autonomy_ws/src/AA174aSection/install/autonomy_repo/share/autonomy_repo/hook/cmake_prefix_path.ps1'
[1.948s] INFO:colcon.colcon_core.shell:Creating environment descriptor '/home/aa274/autonomy_ws/src/AA174aSection/install/autonomy_repo/share/autonomy_repo/hook/cmake_prefix_path.dsv'
[1.949s] INFO:colcon.colcon_core.shell:Creating environment hook '/home/aa274/autonomy_ws/src/AA174aSection/install/autonomy_repo/share/autonomy_repo/hook/cmake_prefix_path.sh'
[1.951s] Level 1:colcon.colcon_core.environment:checking '/home/aa274/autonomy_ws/src/AA174aSection/install/autonomy_repo/lib'
[1.951s] Level 1:colcon.colcon_core.environment:checking '/home/aa274/autonomy_ws/src/AA174aSection/install/autonomy_repo/bin'
[1.951s] Level 1:colcon.colcon_core.environment:checking '/home/aa274/autonomy_ws/src/AA174aSection/install/autonomy_repo/lib/pkgconfig/autonomy_repo.pc'
[1.952s] Level 1:colcon.colcon_core.environment:checking '/home/aa274/autonomy_ws/src/AA174aSection/install/autonomy_repo/lib/python3.10/site-packages'
[1.952s] Level 1:colcon.colcon_core.environment:checking '/home/aa274/autonomy_ws/src/AA174aSection/install/autonomy_repo/bin'
[1.953s] INFO:colcon.colcon_core.shell:Creating package script '/home/aa274/autonomy_ws/src/AA174aSection/install/autonomy_repo/share/autonomy_repo/package.ps1'
[1.958s] INFO:colcon.colcon_core.shell:Creating package descriptor '/home/aa274/autonomy_ws/src/AA174aSection/install/autonomy_repo/share/autonomy_repo/package.dsv'
[1.962s] INFO:colcon.colcon_core.shell:Creating package script '/home/aa274/autonomy_ws/src/AA174aSection/install/autonomy_repo/share/autonomy_repo/package.sh'
[1.966s] INFO:colcon.colcon_core.shell:Creating package script '/home/aa274/autonomy_ws/src/AA174aSection/install/autonomy_repo/share/autonomy_repo/package.bash'
[1.968s] INFO:colcon.colcon_core.shell:Creating package script '/home/aa274/autonomy_ws/src/AA174aSection/install/autonomy_repo/share/autonomy_repo/package.zsh'
[1.969s] Level 1:colcon.colcon_core.environment:create_file_with_runtime_dependencies(/home/aa274/autonomy_ws/src/AA174aSection/install/autonomy_repo/share/colcon-core/packages/autonomy_repo)
[1.973s] Level 1:colcon.colcon_core.environment:create_environment_scripts_only(s2_basic)
[1.977s] Level 1:colcon.colcon_core.environment:checking '/home/aa274/autonomy_ws/src/AA174aSection/install/s2_basic' for CMake module files
[1.980s] Level 1:colcon.colcon_core.environment:checking '/home/aa274/autonomy_ws/src/AA174aSection/install/s2_basic' for CMake config files
[1.982s] Level 1:colcon.colcon_core.shell:create_environment_hook('s2_basic', 'cmake_prefix_path')
[1.982s] INFO:colcon.colcon_core.shell:Creating environment hook '/home/aa274/autonomy_ws/src/AA174aSection/install/s2_basic/share/s2_basic/hook/cmake_prefix_path.ps1'
[1.984s] INFO:colcon.colcon_core.shell:Creating environment descriptor '/home/aa274/autonomy_ws/src/AA174aSection/install/s2_basic/share/s2_basic/hook/cmake_prefix_path.dsv'
[1.985s] INFO:colcon.colcon_core.shell:Creating environment hook '/home/aa274/autonomy_ws/src/AA174aSection/install/s2_basic/share/s2_basic/hook/cmake_prefix_path.sh'
[1.986s] Level 1:colcon.colcon_core.environment:checking '/home/aa274/autonomy_ws/src/AA174aSection/install/s2_basic/lib'
[1.986s] Level 1:colcon.colcon_core.environment:checking '/home/aa274/autonomy_ws/src/AA174aSection/install/s2_basic/bin'
[1.986s] Level 1:colcon.colcon_core.environment:checking '/home/aa274/autonomy_ws/src/AA174aSection/install/s2_basic/lib/pkgconfig/s2_basic.pc'
[1.987s] Level 1:colcon.colcon_core.environment:checking '/home/aa274/autonomy_ws/src/AA174aSection/install/s2_basic/lib/python3.10/site-packages'
[1.988s] Level 1:colcon.colcon_core.environment:checking '/home/aa274/autonomy_ws/src/AA174aSection/install/s2_basic/bin'
[1.989s] INFO:colcon.colcon_core.shell:Creating package script '/home/aa274/autonomy_ws/src/AA174aSection/install/s2_basic/share/s2_basic/package.ps1'
[1.994s] INFO:colcon.colcon_core.shell:Creating package descriptor '/home/aa274/autonomy_ws/src/AA174aSection/install/s2_basic/share/s2_basic/package.dsv'
[1.998s] INFO:colcon.colcon_core.shell:Creating package script '/home/aa274/autonomy_ws/src/AA174aSection/install/s2_basic/share/s2_basic/package.sh'
[2.000s] INFO:colcon.colcon_core.shell:Creating package script '/home/aa274/autonomy_ws/src/AA174aSection/install/s2_basic/share/s2_basic/package.bash'
[2.001s] INFO:colcon.colcon_core.shell:Creating package script '/home/aa274/autonomy_ws/src/AA174aSection/install/s2_basic/share/s2_basic/package.zsh'
[2.003s] Level 1:colcon.colcon_core.environment:create_file_with_runtime_dependencies(/home/aa274/autonomy_ws/src/AA174aSection/install/s2_basic/share/colcon-core/packages/s2_basic)
[2.007s] Level 1:colcon.colcon_core.environment:create_environment_scripts_only(s3_basic)
[2.008s] Level 1:colcon.colcon_core.environment:checking '/home/aa274/autonomy_ws/src/AA174aSection/install/s3_basic' for CMake module files
[2.017s] Level 1:colcon.colcon_core.environment:checking '/home/aa274/autonomy_ws/src/AA174aSection/install/s3_basic' for CMake config files
[2.018s] Level 1:colcon.colcon_core.shell:create_environment_hook('s3_basic', 'cmake_prefix_path')
[2.020s] INFO:colcon.colcon_core.shell:Creating environment hook '/home/aa274/autonomy_ws/src/AA174aSection/install/s3_basic/share/s3_basic/hook/cmake_prefix_path.ps1'
[2.021s] INFO:colcon.colcon_core.shell:Creating environment descriptor '/home/aa274/autonomy_ws/src/AA174aSection/install/s3_basic/share/s3_basic/hook/cmake_prefix_path.dsv'
[2.022s] INFO:colcon.colcon_core.shell:Creating environment hook '/home/aa274/autonomy_ws/src/AA174aSection/install/s3_basic/share/s3_basic/hook/cmake_prefix_path.sh'
[2.024s] Level 1:colcon.colcon_core.environment:checking '/home/aa274/autonomy_ws/src/AA174aSection/install/s3_basic/lib'
[2.024s] Level 1:colcon.colcon_core.environment:checking '/home/aa274/autonomy_ws/src/AA174aSection/install/s3_basic/bin'
[2.024s] Level 1:colcon.colcon_core.environment:checking '/home/aa274/autonomy_ws/src/AA174aSection/install/s3_basic/lib/pkgconfig/s3_basic.pc'
[2.025s] Level 1:colcon.colcon_core.environment:checking '/home/aa274/autonomy_ws/src/AA174aSection/install/s3_basic/lib/python3.10/site-packages'
[2.025s] Level 1:colcon.colcon_core.environment:checking '/home/aa274/autonomy_ws/src/AA174aSection/install/s3_basic/bin'
[2.026s] INFO:colcon.colcon_core.shell:Creating package script '/home/aa274/autonomy_ws/src/AA174aSection/install/s3_basic/share/s3_basic/package.ps1'
[2.028s] INFO:colcon.colcon_core.shell:Creating package descriptor '/home/aa274/autonomy_ws/src/AA174aSection/install/s3_basic/share/s3_basic/package.dsv'
[2.031s] INFO:colcon.colcon_core.shell:Creating package script '/home/aa274/autonomy_ws/src/AA174aSection/install/s3_basic/share/s3_basic/package.sh'
[2.036s] INFO:colcon.colcon_core.shell:Creating package script '/home/aa274/autonomy_ws/src/AA174aSection/install/s3_basic/share/s3_basic/package.bash'
[2.039s] INFO:colcon.colcon_core.shell:Creating package script '/home/aa274/autonomy_ws/src/AA174aSection/install/s3_basic/share/s3_basic/package.zsh'
[2.041s] Level 1:colcon.colcon_core.environment:create_file_with_runtime_dependencies(/home/aa274/autonomy_ws/src/AA174aSection/install/s3_basic/share/colcon-core/packages/s3_basic)
[2.041s] DEBUG:colcon.colcon_parallel_executor.executor.parallel:closing loop
[2.042s] DEBUG:colcon.colcon_parallel_executor.executor.parallel:loop closed
[2.042s] DEBUG:colcon.colcon_parallel_executor.executor.parallel:run_until_complete finished with '0'
[2.043s] DEBUG:colcon.colcon_core.event_reactor:joining thread
[2.069s] INFO:colcon.colcon_core.plugin_system:Skipping extension 'colcon_notification.desktop_notification.terminal_notifier': Not used on non-Darwin systems
[2.070s] INFO:colcon.colcon_core.plugin_system:Skipping extension 'colcon_notification.desktop_notification.win32': Not used on non-Windows systems
[2.070s] INFO:colcon.colcon_notification.desktop_notification:Sending desktop notification using 'notify2'
[2.115s] DEBUG:colcon.colcon_core.event_reactor:joined thread
[2.116s] INFO:colcon.colcon_core.shell:Creating prefix script '/home/aa274/autonomy_ws/src/AA174aSection/install/local_setup.ps1'
[2.120s] INFO:colcon.colcon_core.shell:Creating prefix util module '/home/aa274/autonomy_ws/src/AA174aSection/install/_local_setup_util_ps1.py'
[2.130s] INFO:colcon.colcon_core.shell:Creating prefix chain script '/home/aa274/autonomy_ws/src/AA174aSection/install/setup.ps1'
[2.136s] INFO:colcon.colcon_core.shell:Creating prefix script '/home/aa274/autonomy_ws/src/AA174aSection/install/local_setup.sh'
[2.140s] INFO:colcon.colcon_core.shell:Creating prefix util module '/home/aa274/autonomy_ws/src/AA174aSection/install/_local_setup_util_sh.py'
[2.145s] INFO:colcon.colcon_core.shell:Creating prefix chain script '/home/aa274/autonomy_ws/src/AA174aSection/install/setup.sh'
[2.154s] INFO:colcon.colcon_core.shell:Creating prefix script '/home/aa274/autonomy_ws/src/AA174aSection/install/local_setup.bash'
[2.158s] INFO:colcon.colcon_core.shell:Creating prefix chain script '/home/aa274/autonomy_ws/src/AA174aSection/install/setup.bash'
[2.167s] INFO:colcon.colcon_core.shell:Creating prefix script '/home/aa274/autonomy_ws/src/AA174aSection/install/local_setup.zsh'
[2.169s] INFO:colcon.colcon_core.shell:Creating prefix chain script '/home/aa274/autonomy_ws/src/AA174aSection/install/setup.zsh'
