[0.401s] DEBUG:colcon:Command line arguments: ['/usr/bin/colcon', 'build']
[0.401s] DEBUG:colcon:Parsed command line arguments: Namespace(log_base=None, log_level=None, verb_name='build', build_base='build', install_base='install', merge_install=False, symlink_install=True, test_result_base=None, continue_on_error=False, executor='parallel', parallel_workers=8, event_handlers=None, ignore_user_meta=False, metas=['./colcon.meta'], base_paths=['.'], packages_ignore=None, packages_ignore_regex=None, paths=None, packages_up_to=None, packages_up_to_regex=None, packages_above=None, packages_above_and_dependencies=None, packages_above_depth=None, packages_select_by_dep=None, packages_skip_by_dep=None, packages_skip_up_to=None, packages_select_build_failed=False, packages_skip_build_finished=False, packages_select_test_failures=False, packages_skip_test_passed=False, packages_select=None, packages_skip=None, packages_select_regex=None, packages_skip_regex=None, packages_start=None, packages_end=None, allow_overriding=[], cmake_args=['-DCMAKE_EXPORT_COMPILE_COMMANDS=ON', '-DCMAKE_BUILD_TYPE=RelWithDebInfo'], cmake_target=None, cmake_target_skip_unavailable=False, cmake_clean_cache=False, cmake_clean_first=False, cmake_force_configure=False, ament_cmake_args=None, catkin_cmake_args=None, catkin_skip_building_tests=False, mixin_files=None, mixin=None, verb_parser=<colcon_mixin.mixin.mixin_argument.MixinArgumentDecorator object at 0x78b6d053e500>, verb_extension=<colcon_core.verb.build.BuildVerb object at 0x78b6d053de70>, main=<bound method BuildVerb.main of <colcon_core.verb.build.BuildVerb object at 0x78b6d053de70>>, mixin_verb=('build',))
[1.073s] Level 1:colcon.colcon_core.package_discovery:discover_packages(colcon_meta) check parameters
[1.073s] Level 1:colcon.colcon_core.package_discovery:discover_packages(recursive) check parameters
[1.073s] Level 1:colcon.colcon_core.package_discovery:discover_packages(ignore) check parameters
[1.073s] Level 1:colcon.colcon_core.package_discovery:discover_packages(path) check parameters
[1.074s] Level 1:colcon.colcon_core.package_discovery:discover_packages(colcon_meta) discover
[1.074s] Level 1:colcon.colcon_core.package_discovery:discover_packages(recursive) discover
[1.074s] INFO:colcon.colcon_core.package_discovery:Crawling recursively for packages in '/home/aa274/autonomy_ws/src/AA174aSection'
[1.074s] Level 1:colcon.colcon_core.package_identification:_identify(.) by extensions ['ignore', 'ignore_ament_install']
[1.074s] Level 1:colcon.colcon_core.package_identification:_identify(.) by extension 'ignore'
[1.074s] Level 1:colcon.colcon_core.package_identification:_identify(.) by extension 'ignore_ament_install'
[1.075s] Level 1:colcon.colcon_core.package_identification:_identify(.) by extensions ['colcon_pkg']
[1.075s] Level 1:colcon.colcon_core.package_identification:_identify(.) by extension 'colcon_pkg'
[1.075s] Level 1:colcon.colcon_core.package_identification:_identify(.) by extensions ['colcon_meta']
[1.075s] Level 1:colcon.colcon_core.package_identification:_identify(.) by extension 'colcon_meta'
[1.075s] Level 1:colcon.colcon_core.package_identification:_identify(.) by extensions ['ros']
[1.075s] Level 1:colcon.colcon_core.package_identification:_identify(.) by extension 'ros'
[1.113s] Level 1:colcon.colcon_core.package_identification:_identify(.) by extensions ['cmake', 'python']
[1.113s] Level 1:colcon.colcon_core.package_identification:_identify(.) by extension 'cmake'
[1.113s] Level 1:colcon.colcon_core.package_identification:_identify(.) by extension 'python'
[1.113s] Level 1:colcon.colcon_core.package_identification:_identify(.) by extensions ['python_setup_py']
[1.114s] Level 1:colcon.colcon_core.package_identification:_identify(.) by extension 'python_setup_py'
[1.114s] Level 1:colcon.colcon_core.package_identification:_identify(autonomy_repo) by extensions ['ignore', 'ignore_ament_install']
[1.114s] Level 1:colcon.colcon_core.package_identification:_identify(autonomy_repo) by extension 'ignore'
[1.114s] Level 1:colcon.colcon_core.package_identification:_identify(autonomy_repo) by extension 'ignore_ament_install'
[1.115s] Level 1:colcon.colcon_core.package_identification:_identify(autonomy_repo) by extensions ['colcon_pkg']
[1.115s] Level 1:colcon.colcon_core.package_identification:_identify(autonomy_repo) by extension 'colcon_pkg'
[1.115s] Level 1:colcon.colcon_core.package_identification:_identify(autonomy_repo) by extensions ['colcon_meta']
[1.115s] Level 1:colcon.colcon_core.package_identification:_identify(autonomy_repo) by extension 'colcon_meta'
[1.115s] Level 1:colcon.colcon_core.package_identification:_identify(autonomy_repo) by extensions ['ros']
[1.115s] Level 1:colcon.colcon_core.package_identification:_identify(autonomy_repo) by extension 'ros'
[1.123s] DEBUG:colcon.colcon_core.package_identification:Package 'autonomy_repo' with type 'ros.ament_cmake' and name 'autonomy_repo'
[1.123s] Level 1:colcon.colcon_core.package_identification:_identify(build) by extensions ['ignore', 'ignore_ament_install']
[1.124s] Level 1:colcon.colcon_core.package_identification:_identify(build) by extension 'ignore'
[1.124s] Level 1:colcon.colcon_core.package_identification:_identify(build) ignored
[1.124s] Level 1:colcon.colcon_core.package_identification:_identify(install) by extensions ['ignore', 'ignore_ament_install']
[1.124s] Level 1:colcon.colcon_core.package_identification:_identify(install) by extension 'ignore'
[1.124s] Level 1:colcon.colcon_core.package_identification:_identify(install) ignored
[1.125s] Level 1:colcon.colcon_core.package_identification:_identify(log) by extensions ['ignore', 'ignore_ament_install']
[1.125s] Level 1:colcon.colcon_core.package_identification:_identify(log) by extension 'ignore'
[1.125s] Level 1:colcon.colcon_core.package_identification:_identify(log) ignored
[1.125s] Level 1:colcon.colcon_core.package_identification:_identify(s2_basic) by extensions ['ignore', 'ignore_ament_install']
[1.125s] Level 1:colcon.colcon_core.package_identification:_identify(s2_basic) by extension 'ignore'
[1.125s] Level 1:colcon.colcon_core.package_identification:_identify(s2_basic) by extension 'ignore_ament_install'
[1.126s] Level 1:colcon.colcon_core.package_identification:_identify(s2_basic) by extensions ['colcon_pkg']
[1.126s] Level 1:colcon.colcon_core.package_identification:_identify(s2_basic) by extension 'colcon_pkg'
[1.126s] Level 1:colcon.colcon_core.package_identification:_identify(s2_basic) by extensions ['colcon_meta']
[1.126s] Level 1:colcon.colcon_core.package_identification:_identify(s2_basic) by extension 'colcon_meta'
[1.126s] Level 1:colcon.colcon_core.package_identification:_identify(s2_basic) by extensions ['ros']
[1.126s] Level 1:colcon.colcon_core.package_identification:_identify(s2_basic) by extension 'ros'
[1.127s] DEBUG:colcon.colcon_core.package_identification:Package 's2_basic' with type 'ros.ament_cmake' and name 's2_basic'
[1.128s] Level 1:colcon.colcon_core.package_identification:_identify(s3_basic) by extensions ['ignore', 'ignore_ament_install']
[1.128s] Level 1:colcon.colcon_core.package_identification:_identify(s3_basic) by extension 'ignore'
[1.128s] Level 1:colcon.colcon_core.package_identification:_identify(s3_basic) by extension 'ignore_ament_install'
[1.128s] Level 1:colcon.colcon_core.package_identification:_identify(s3_basic) by extensions ['colcon_pkg']
[1.128s] Level 1:colcon.colcon_core.package_identification:_identify(s3_basic) by extension 'colcon_pkg'
[1.129s] Level 1:colcon.colcon_core.package_identification:_identify(s3_basic) by extensions ['colcon_meta']
[1.129s] Level 1:colcon.colcon_core.package_identification:_identify(s3_basic) by extension 'colcon_meta'
[1.129s] Level 1:colcon.colcon_core.package_identification:_identify(s3_basic) by extensions ['ros']
[1.129s] Level 1:colcon.colcon_core.package_identification:_identify(s3_basic) by extension 'ros'
[1.130s] DEBUG:colcon.colcon_core.package_identification:Package 's3_basic' with type 'ros.ament_cmake' and name 's3_basic'
[1.130s] Level 1:colcon.colcon_core.package_discovery:discover_packages(recursive) using defaults
[1.130s] Level 1:colcon.colcon_core.package_discovery:discover_packages(ignore) discover
[1.130s] Level 1:colcon.colcon_core.package_discovery:discover_packages(ignore) using defaults
[1.130s] Level 1:colcon.colcon_core.package_discovery:discover_packages(path) discover
[1.131s] Level 1:colcon.colcon_core.package_discovery:discover_packages(path) using defaults
[1.223s] Level 1:colcon.colcon_core.package_discovery:discover_packages(prefix_path) check parameters
[1.223s] Level 1:colcon.colcon_core.package_discovery:discover_packages(prefix_path) discover
[1.230s] DEBUG:colcon.colcon_installed_package_information.package_discovery:Found 3 installed packages in /home/aa274/autonomy_ws/install
[1.232s] DEBUG:colcon.colcon_installed_package_information.package_discovery:Found 18 installed packages in /home/aa274/tb_ws/install
[1.235s] DEBUG:colcon.colcon_installed_package_information.package_discovery:Found 240 installed packages in /opt/ros/humble
[1.238s] Level 1:colcon.colcon_core.package_discovery:discover_packages(prefix_path) using defaults
[1.344s] Level 5:colcon.colcon_core.verb:set package 'autonomy_repo' build argument 'cmake_args' from command line to '['-DCMAKE_EXPORT_COMPILE_COMMANDS=ON', '-DCMAKE_BUILD_TYPE=RelWithDebInfo']'
[1.344s] Level 5:colcon.colcon_core.verb:set package 'autonomy_repo' build argument 'cmake_target' from command line to 'None'
[1.344s] Level 5:colcon.colcon_core.verb:set package 'autonomy_repo' build argument 'cmake_target_skip_unavailable' from command line to 'False'
[1.344s] Level 5:colcon.colcon_core.verb:set package 'autonomy_repo' build argument 'cmake_clean_cache' from command line to 'False'
[1.344s] Level 5:colcon.colcon_core.verb:set package 'autonomy_repo' build argument 'cmake_clean_first' from command line to 'False'
[1.344s] Level 5:colcon.colcon_core.verb:set package 'autonomy_repo' build argument 'cmake_force_configure' from command line to 'False'
[1.344s] Level 5:colcon.colcon_core.verb:set package 'autonomy_repo' build argument 'ament_cmake_args' from command line to 'None'
[1.344s] Level 5:colcon.colcon_core.verb:set package 'autonomy_repo' build argument 'catkin_cmake_args' from command line to 'None'
[1.344s] Level 5:colcon.colcon_core.verb:set package 'autonomy_repo' build argument 'catkin_skip_building_tests' from command line to 'False'
[1.344s] DEBUG:colcon.colcon_core.verb:Building package 'autonomy_repo' with the following arguments: {'ament_cmake_args': None, 'build_base': '/home/aa274/autonomy_ws/src/AA174aSection/build/autonomy_repo', 'catkin_cmake_args': None, 'catkin_skip_building_tests': False, 'cmake_args': ['-DCMAKE_EXPORT_COMPILE_COMMANDS=ON', '-DCMAKE_BUILD_TYPE=RelWithDebInfo'], 'cmake_clean_cache': False, 'cmake_clean_first': False, 'cmake_force_configure': False, 'cmake_target': None, 'cmake_target_skip_unavailable': False, 'install_base': '/home/aa274/autonomy_ws/src/AA174aSection/install/autonomy_repo', 'merge_install': False, 'path': '/home/aa274/autonomy_ws/src/AA174aSection/autonomy_repo', 'symlink_install': True, 'test_result_base': None}
[1.345s] Level 5:colcon.colcon_core.verb:set package 's2_basic' build argument 'cmake_args' from command line to '['-DCMAKE_EXPORT_COMPILE_COMMANDS=ON', '-DCMAKE_BUILD_TYPE=RelWithDebInfo']'
[1.345s] Level 5:colcon.colcon_core.verb:set package 's2_basic' build argument 'cmake_target' from command line to 'None'
[1.345s] Level 5:colcon.colcon_core.verb:set package 's2_basic' build argument 'cmake_target_skip_unavailable' from command line to 'False'
[1.345s] Level 5:colcon.colcon_core.verb:set package 's2_basic' build argument 'cmake_clean_cache' from command line to 'False'
[1.345s] Level 5:colcon.colcon_core.verb:set package 's2_basic' build argument 'cmake_clean_first' from command line to 'False'
[1.345s] Level 5:colcon.colcon_core.verb:set package 's2_basic' build argument 'cmake_force_configure' from command line to 'False'
[1.346s] Level 5:colcon.colcon_core.verb:set package 's2_basic' build argument 'ament_cmake_args' from command line to 'None'
[1.346s] Level 5:colcon.colcon_core.verb:set package 's2_basic' build argument 'catkin_cmake_args' from command line to 'None'
[1.346s] Level 5:colcon.colcon_core.verb:set package 's2_basic' build argument 'catkin_skip_building_tests' from command line to 'False'
[1.346s] DEBUG:colcon.colcon_core.verb:Building package 's2_basic' with the following arguments: {'ament_cmake_args': None, 'build_base': '/home/aa274/autonomy_ws/src/AA174aSection/build/s2_basic', 'catkin_cmake_args': None, 'catkin_skip_building_tests': False, 'cmake_args': ['-DCMAKE_EXPORT_COMPILE_COMMANDS=ON', '-DCMAKE_BUILD_TYPE=RelWithDebInfo'], 'cmake_clean_cache': False, 'cmake_clean_first': False, 'cmake_force_configure': False, 'cmake_target': None, 'cmake_target_skip_unavailable': False, 'install_base': '/home/aa274/autonomy_ws/src/AA174aSection/install/s2_basic', 'merge_install': False, 'path': '/home/aa274/autonomy_ws/src/AA174aSection/s2_basic', 'symlink_install': True, 'test_result_base': None}
[1.347s] Level 5:colcon.colcon_core.verb:set package 's3_basic' build argument 'cmake_args' from command line to '['-DCMAKE_EXPORT_COMPILE_COMMANDS=ON', '-DCMAKE_BUILD_TYPE=RelWithDebInfo']'
[1.347s] Level 5:colcon.colcon_core.verb:set package 's3_basic' build argument 'cmake_target' from command line to 'None'
[1.347s] Level 5:colcon.colcon_core.verb:set package 's3_basic' build argument 'cmake_target_skip_unavailable' from command line to 'False'
[1.347s] Level 5:colcon.colcon_core.verb:set package 's3_basic' build argument 'cmake_clean_cache' from command line to 'False'
[1.347s] Level 5:colcon.colcon_core.verb:set package 's3_basic' build argument 'cmake_clean_first' from command line to 'False'
[1.347s] Level 5:colcon.colcon_core.verb:set package 's3_basic' build argument 'cmake_force_configure' from command line to 'False'
[1.347s] Level 5:colcon.colcon_core.verb:set package 's3_basic' build argument 'ament_cmake_args' from command line to 'None'
[1.347s] Level 5:colcon.colcon_core.verb:set package 's3_basic' build argument 'catkin_cmake_args' from command line to 'None'
[1.347s] Level 5:colcon.colcon_core.verb:set package 's3_basic' build argument 'catkin_skip_building_tests' from command line to 'False'
[1.347s] DEBUG:colcon.colcon_core.verb:Building package 's3_basic' with the following arguments: {'ament_cmake_args': None, 'build_base': '/home/aa274/autonomy_ws/src/AA174aSection/build/s3_basic', 'catkin_cmake_args': None, 'catkin_skip_building_tests': False, 'cmake_args': ['-DCMAKE_EXPORT_COMPILE_COMMANDS=ON', '-DCMAKE_BUILD_TYPE=RelWithDebInfo'], 'cmake_clean_cache': False, 'cmake_clean_first': False, 'cmake_force_configure': False, 'cmake_target': None, 'cmake_target_skip_unavailable': False, 'install_base': '/home/aa274/autonomy_ws/src/AA174aSection/install/s3_basic', 'merge_install': False, 'path': '/home/aa274/autonomy_ws/src/AA174aSection/s3_basic', 'symlink_install': True, 'test_result_base': None}
[1.347s] INFO:colcon.colcon_core.executor:Executing jobs using 'parallel' executor
[1.352s] DEBUG:colcon.colcon_parallel_executor.executor.parallel:run_until_complete
[1.353s] INFO:colcon.colcon_ros.task.ament_cmake.build:Building ROS package in '/home/aa274/autonomy_ws/src/AA174aSection/autonomy_repo' with build type 'ament_cmake'
[1.354s] INFO:colcon.colcon_cmake.task.cmake.build:Building CMake package in '/home/aa274/autonomy_ws/src/AA174aSection/autonomy_repo'
[1.366s] INFO:colcon.colcon_core.plugin_system:Skipping extension 'colcon_core.shell.bat': Not used on non-Windows systems
[1.367s] INFO:colcon.colcon_core.shell:Skip shell extension 'powershell' for command environment: Not usable outside of PowerShell
[1.367s] DEBUG:colcon.colcon_core.shell:Skip shell extension 'dsv' for command environment
[1.377s] INFO:colcon.colcon_ros.task.ament_cmake.build:Building ROS package in '/home/aa274/autonomy_ws/src/AA174aSection/s2_basic' with build type 'ament_cmake'
[1.377s] INFO:colcon.colcon_cmake.task.cmake.build:Building CMake package in '/home/aa274/autonomy_ws/src/AA174aSection/s2_basic'
[1.378s] INFO:colcon.colcon_core.shell:Skip shell extension 'powershell' for command environment: Not usable outside of PowerShell
[1.378s] DEBUG:colcon.colcon_core.shell:Skip shell extension 'dsv' for command environment
[1.389s] INFO:colcon.colcon_ros.task.ament_cmake.build:Building ROS package in '/home/aa274/autonomy_ws/src/AA174aSection/s3_basic' with build type 'ament_cmake'
[1.389s] INFO:colcon.colcon_cmake.task.cmake.build:Building CMake package in '/home/aa274/autonomy_ws/src/AA174aSection/s3_basic'
[1.390s] INFO:colcon.colcon_core.shell:Skip shell extension 'powershell' for command environment: Not usable outside of PowerShell
[1.391s] DEBUG:colcon.colcon_core.shell:Skip shell extension 'dsv' for command environment
[1.417s] DEBUG:colcon.colcon_core.event_handler.log_command:Invoking command in '/home/aa274/autonomy_ws/src/AA174aSection/build/autonomy_repo': CMAKE_PREFIX_PATH=${CMAKE_PREFIX_PATH}:/opt/ros/humble /usr/bin/cmake --build /home/aa274/autonomy_ws/src/AA174aSection/build/autonomy_repo -- -j8 -l8
[1.439s] DEBUG:colcon.colcon_core.event_handler.log_command:Invoking command in '/home/aa274/autonomy_ws/src/AA174aSection/build/s2_basic': CMAKE_PREFIX_PATH=${CMAKE_PREFIX_PATH}:/opt/ros/humble /usr/bin/cmake --build /home/aa274/autonomy_ws/src/AA174aSection/build/s2_basic -- -j8 -l8
[1.447s] DEBUG:colcon.colcon_core.event_handler.log_command:Invoking command in '/home/aa274/autonomy_ws/src/AA174aSection/build/s3_basic': CMAKE_PREFIX_PATH=${CMAKE_PREFIX_PATH}:/opt/ros/humble /usr/bin/cmake --build /home/aa274/autonomy_ws/src/AA174aSection/build/s3_basic -- -j8 -l8
[1.540s] DEBUG:colcon.colcon_core.event_handler.log_command:Invoked command in '/home/aa274/autonomy_ws/src/AA174aSection/build/autonomy_repo' returned '0': CMAKE_PREFIX_PATH=${CMAKE_PREFIX_PATH}:/opt/ros/humble /usr/bin/cmake --build /home/aa274/autonomy_ws/src/AA174aSection/build/autonomy_repo -- -j8 -l8
[1.564s] DEBUG:colcon.colcon_core.event_handler.log_command:Invoked command in '/home/aa274/autonomy_ws/src/AA174aSection/build/s2_basic' returned '0': CMAKE_PREFIX_PATH=${CMAKE_PREFIX_PATH}:/opt/ros/humble /usr/bin/cmake --build /home/aa274/autonomy_ws/src/AA174aSection/build/s2_basic -- -j8 -l8
[1.567s] DEBUG:colcon.colcon_core.event_handler.log_command:Invoked command in '/home/aa274/autonomy_ws/src/AA174aSection/build/s3_basic' returned '0': CMAKE_PREFIX_PATH=${CMAKE_PREFIX_PATH}:/opt/ros/humble /usr/bin/cmake --build /home/aa274/autonomy_ws/src/AA174aSection/build/s3_basic -- -j8 -l8
[1.653s] DEBUG:colcon.colcon_core.event_handler.log_command:Invoking command in '/home/aa274/autonomy_ws/src/AA174aSection/build/autonomy_repo': CMAKE_PREFIX_PATH=${CMAKE_PREFIX_PATH}:/opt/ros/humble /usr/bin/cmake --install /home/aa274/autonomy_ws/src/AA174aSection/build/autonomy_repo
[1.664s] DEBUG:colcon.colcon_core.event_handler.log_command:Invoking command in '/home/aa274/autonomy_ws/src/AA174aSection/build/s3_basic': CMAKE_PREFIX_PATH=${CMAKE_PREFIX_PATH}:/opt/ros/humble /usr/bin/cmake --install /home/aa274/autonomy_ws/src/AA174aSection/build/s3_basic
[1.669s] DEBUG:colcon.colcon_core.event_handler.log_command:Invoking command in '/home/aa274/autonomy_ws/src/AA174aSection/build/s2_basic': CMAKE_PREFIX_PATH=${CMAKE_PREFIX_PATH}:/opt/ros/humble /usr/bin/cmake --install /home/aa274/autonomy_ws/src/AA174aSection/build/s2_basic
[1.737s] Level 1:colcon.colcon_core.environment:create_environment_scripts_only(autonomy_repo)
[1.744s] DEBUG:colcon.colcon_core.event_handler.log_command:Invoked command in '/home/aa274/autonomy_ws/src/AA174aSection/build/autonomy_repo' returned '0': CMAKE_PREFIX_PATH=${CMAKE_PREFIX_PATH}:/opt/ros/humble /usr/bin/cmake --install /home/aa274/autonomy_ws/src/AA174aSection/build/autonomy_repo
[1.753s] Level 1:colcon.colcon_core.environment:checking '/home/aa274/autonomy_ws/src/AA174aSection/install/autonomy_repo' for CMake module files
[1.759s] Level 1:colcon.colcon_core.environment:checking '/home/aa274/autonomy_ws/src/AA174aSection/install/autonomy_repo' for CMake config files
[1.762s] Level 1:colcon.colcon_core.shell:create_environment_hook('autonomy_repo', 'cmake_prefix_path')
[1.763s] INFO:colcon.colcon_core.shell:Creating environment hook '/home/aa274/autonomy_ws/src/AA174aSection/install/autonomy_repo/share/autonomy_repo/hook/cmake_prefix_path.ps1'
[1.765s] INFO:colcon.colcon_core.shell:Creating environment descriptor '/home/aa274/autonomy_ws/src/AA174aSection/install/autonomy_repo/share/autonomy_repo/hook/cmake_prefix_path.dsv'
[1.766s] INFO:colcon.colcon_core.shell:Creating environment hook '/home/aa274/autonomy_ws/src/AA174aSection/install/autonomy_repo/share/autonomy_repo/hook/cmake_prefix_path.sh'
[1.769s] Level 1:colcon.colcon_core.environment:checking '/home/aa274/autonomy_ws/src/AA174aSection/install/autonomy_repo/lib'
[1.770s] Level 1:colcon.colcon_core.environment:checking '/home/aa274/autonomy_ws/src/AA174aSection/install/autonomy_repo/bin'
[1.771s] Level 1:colcon.colcon_core.environment:checking '/home/aa274/autonomy_ws/src/AA174aSection/install/autonomy_repo/lib/pkgconfig/autonomy_repo.pc'
[1.774s] Level 1:colcon.colcon_core.environment:checking '/home/aa274/autonomy_ws/src/AA174aSection/install/autonomy_repo/lib/python3.10/site-packages'
[1.775s] Level 1:colcon.colcon_core.environment:checking '/home/aa274/autonomy_ws/src/AA174aSection/install/autonomy_repo/bin'
[1.778s] INFO:colcon.colcon_core.shell:Creating package script '/home/aa274/autonomy_ws/src/AA174aSection/install/autonomy_repo/share/autonomy_repo/package.ps1'
[1.780s] INFO:colcon.colcon_core.shell:Creating package descriptor '/home/aa274/autonomy_ws/src/AA174aSection/install/autonomy_repo/share/autonomy_repo/package.dsv'
[1.782s] INFO:colcon.colcon_core.shell:Creating package script '/home/aa274/autonomy_ws/src/AA174aSection/install/autonomy_repo/share/autonomy_repo/package.sh'
[1.786s] INFO:colcon.colcon_core.shell:Creating package script '/home/aa274/autonomy_ws/src/AA174aSection/install/autonomy_repo/share/autonomy_repo/package.bash'
[1.792s] INFO:colcon.colcon_core.shell:Creating package script '/home/aa274/autonomy_ws/src/AA174aSection/install/autonomy_repo/share/autonomy_repo/package.zsh'
[1.794s] Level 1:colcon.colcon_core.environment:create_file_with_runtime_dependencies(/home/aa274/autonomy_ws/src/AA174aSection/install/autonomy_repo/share/colcon-core/packages/autonomy_repo)
[1.800s] Level 1:colcon.colcon_core.environment:create_environment_scripts_only(s3_basic)
[1.803s] Level 1:colcon.colcon_core.environment:checking '/home/aa274/autonomy_ws/src/AA174aSection/install/s3_basic' for CMake module files
[1.806s] DEBUG:colcon.colcon_core.event_handler.log_command:Invoked command in '/home/aa274/autonomy_ws/src/AA174aSection/build/s3_basic' returned '0': CMAKE_PREFIX_PATH=${CMAKE_PREFIX_PATH}:/opt/ros/humble /usr/bin/cmake --install /home/aa274/autonomy_ws/src/AA174aSection/build/s3_basic
[1.809s] Level 1:colcon.colcon_core.environment:checking '/home/aa274/autonomy_ws/src/AA174aSection/install/s3_basic' for CMake config files
[1.810s] Level 1:colcon.colcon_core.shell:create_environment_hook('s3_basic', 'cmake_prefix_path')
[1.811s] INFO:colcon.colcon_core.shell:Creating environment hook '/home/aa274/autonomy_ws/src/AA174aSection/install/s3_basic/share/s3_basic/hook/cmake_prefix_path.ps1'
[1.812s] INFO:colcon.colcon_core.shell:Creating environment descriptor '/home/aa274/autonomy_ws/src/AA174aSection/install/s3_basic/share/s3_basic/hook/cmake_prefix_path.dsv'
[1.813s] INFO:colcon.colcon_core.shell:Creating environment hook '/home/aa274/autonomy_ws/src/AA174aSection/install/s3_basic/share/s3_basic/hook/cmake_prefix_path.sh'
[1.815s] Level 1:colcon.colcon_core.environment:checking '/home/aa274/autonomy_ws/src/AA174aSection/install/s3_basic/lib'
[1.815s] Level 1:colcon.colcon_core.environment:checking '/home/aa274/autonomy_ws/src/AA174aSection/install/s3_basic/bin'
[1.815s] Level 1:colcon.colcon_core.environment:checking '/home/aa274/autonomy_ws/src/AA174aSection/install/s3_basic/lib/pkgconfig/s3_basic.pc'
[1.816s] Level 1:colcon.colcon_core.environment:checking '/home/aa274/autonomy_ws/src/AA174aSection/install/s3_basic/lib/python3.10/site-packages'
[1.816s] Level 1:colcon.colcon_core.environment:checking '/home/aa274/autonomy_ws/src/AA174aSection/install/s3_basic/bin'
[1.820s] INFO:colcon.colcon_core.shell:Creating package script '/home/aa274/autonomy_ws/src/AA174aSection/install/s3_basic/share/s3_basic/package.ps1'
[1.825s] INFO:colcon.colcon_core.shell:Creating package descriptor '/home/aa274/autonomy_ws/src/AA174aSection/install/s3_basic/share/s3_basic/package.dsv'
[1.827s] INFO:colcon.colcon_core.shell:Creating package script '/home/aa274/autonomy_ws/src/AA174aSection/install/s3_basic/share/s3_basic/package.sh'
[1.828s] INFO:colcon.colcon_core.shell:Creating package script '/home/aa274/autonomy_ws/src/AA174aSection/install/s3_basic/share/s3_basic/package.bash'
[1.830s] INFO:colcon.colcon_core.shell:Creating package script '/home/aa274/autonomy_ws/src/AA174aSection/install/s3_basic/share/s3_basic/package.zsh'
[1.832s] Level 1:colcon.colcon_core.environment:create_file_with_runtime_dependencies(/home/aa274/autonomy_ws/src/AA174aSection/install/s3_basic/share/colcon-core/packages/s3_basic)
[1.839s] Level 1:colcon.colcon_core.environment:create_environment_scripts_only(s2_basic)
[1.843s] Level 1:colcon.colcon_core.environment:checking '/home/aa274/autonomy_ws/src/AA174aSection/install/s2_basic' for CMake module files
[1.844s] DEBUG:colcon.colcon_core.event_handler.log_command:Invoked command in '/home/aa274/autonomy_ws/src/AA174aSection/build/s2_basic' returned '0': CMAKE_PREFIX_PATH=${CMAKE_PREFIX_PATH}:/opt/ros/humble /usr/bin/cmake --install /home/aa274/autonomy_ws/src/AA174aSection/build/s2_basic
[1.845s] Level 1:colcon.colcon_core.environment:checking '/home/aa274/autonomy_ws/src/AA174aSection/install/s2_basic' for CMake config files
[1.846s] Level 1:colcon.colcon_core.shell:create_environment_hook('s2_basic', 'cmake_prefix_path')
[1.847s] INFO:colcon.colcon_core.shell:Creating environment hook '/home/aa274/autonomy_ws/src/AA174aSection/install/s2_basic/share/s2_basic/hook/cmake_prefix_path.ps1'
[1.848s] INFO:colcon.colcon_core.shell:Creating environment descriptor '/home/aa274/autonomy_ws/src/AA174aSection/install/s2_basic/share/s2_basic/hook/cmake_prefix_path.dsv'
[1.849s] INFO:colcon.colcon_core.shell:Creating environment hook '/home/aa274/autonomy_ws/src/AA174aSection/install/s2_basic/share/s2_basic/hook/cmake_prefix_path.sh'
[1.852s] Level 1:colcon.colcon_core.environment:checking '/home/aa274/autonomy_ws/src/AA174aSection/install/s2_basic/lib'
[1.853s] Level 1:colcon.colcon_core.environment:checking '/home/aa274/autonomy_ws/src/AA174aSection/install/s2_basic/bin'
[1.854s] Level 1:colcon.colcon_core.environment:checking '/home/aa274/autonomy_ws/src/AA174aSection/install/s2_basic/lib/pkgconfig/s2_basic.pc'
[1.858s] Level 1:colcon.colcon_core.environment:checking '/home/aa274/autonomy_ws/src/AA174aSection/install/s2_basic/lib/python3.10/site-packages'
[1.860s] Level 1:colcon.colcon_core.environment:checking '/home/aa274/autonomy_ws/src/AA174aSection/install/s2_basic/bin'
[1.861s] INFO:colcon.colcon_core.shell:Creating package script '/home/aa274/autonomy_ws/src/AA174aSection/install/s2_basic/share/s2_basic/package.ps1'
[1.862s] INFO:colcon.colcon_core.shell:Creating package descriptor '/home/aa274/autonomy_ws/src/AA174aSection/install/s2_basic/share/s2_basic/package.dsv'
[1.863s] INFO:colcon.colcon_core.shell:Creating package script '/home/aa274/autonomy_ws/src/AA174aSection/install/s2_basic/share/s2_basic/package.sh'
[1.865s] INFO:colcon.colcon_core.shell:Creating package script '/home/aa274/autonomy_ws/src/AA174aSection/install/s2_basic/share/s2_basic/package.bash'
[1.866s] INFO:colcon.colcon_core.shell:Creating package script '/home/aa274/autonomy_ws/src/AA174aSection/install/s2_basic/share/s2_basic/package.zsh'
[1.867s] Level 1:colcon.colcon_core.environment:create_file_with_runtime_dependencies(/home/aa274/autonomy_ws/src/AA174aSection/install/s2_basic/share/colcon-core/packages/s2_basic)
[1.879s] Level 1:colcon.colcon_core.environment:create_environment_scripts_only(autonomy_repo)
[1.880s] Level 1:colcon.colcon_core.environment:checking '/home/aa274/autonomy_ws/src/AA174aSection/install/autonomy_repo' for CMake module files
[1.881s] Level 1:colcon.colcon_core.environment:checking '/home/aa274/autonomy_ws/src/AA174aSection/install/autonomy_repo' for CMake config files
[1.882s] Level 1:colcon.colcon_core.shell:create_environment_hook('autonomy_repo', 'cmake_prefix_path')
[1.883s] INFO:colcon.colcon_core.shell:Creating environment hook '/home/aa274/autonomy_ws/src/AA174aSection/install/autonomy_repo/share/autonomy_repo/hook/cmake_prefix_path.ps1'
[1.887s] INFO:colcon.colcon_core.shell:Creating environment descriptor '/home/aa274/autonomy_ws/src/AA174aSection/install/autonomy_repo/share/autonomy_repo/hook/cmake_prefix_path.dsv'
[1.891s] INFO:colcon.colcon_core.shell:Creating environment hook '/home/aa274/autonomy_ws/src/AA174aSection/install/autonomy_repo/share/autonomy_repo/hook/cmake_prefix_path.sh'
[1.894s] Level 1:colcon.colcon_core.environment:checking '/home/aa274/autonomy_ws/src/AA174aSection/install/autonomy_repo/lib'
[1.894s] Level 1:colcon.colcon_core.environment:checking '/home/aa274/autonomy_ws/src/AA174aSection/install/autonomy_repo/bin'
[1.895s] Level 1:colcon.colcon_core.environment:checking '/home/aa274/autonomy_ws/src/AA174aSection/install/autonomy_repo/lib/pkgconfig/autonomy_repo.pc'
[1.895s] Level 1:colcon.colcon_core.environment:checking '/home/aa274/autonomy_ws/src/AA174aSection/install/autonomy_repo/lib/python3.10/site-packages'
[1.896s] Level 1:colcon.colcon_core.environment:checking '/home/aa274/autonomy_ws/src/AA174aSection/install/autonomy_repo/bin'
[1.897s] INFO:colcon.colcon_core.shell:Creating package script '/home/aa274/autonomy_ws/src/AA174aSection/install/autonomy_repo/share/autonomy_repo/package.ps1'
[1.900s] INFO:colcon.colcon_core.shell:Creating package descriptor '/home/aa274/autonomy_ws/src/AA174aSection/install/autonomy_repo/share/autonomy_repo/package.dsv'
[1.902s] INFO:colcon.colcon_core.shell:Creating package script '/home/aa274/autonomy_ws/src/AA174aSection/install/autonomy_repo/share/autonomy_repo/package.sh'
[1.904s] INFO:colcon.colcon_core.shell:Creating package script '/home/aa274/autonomy_ws/src/AA174aSection/install/autonomy_repo/share/autonomy_repo/package.bash'
[1.910s] INFO:colcon.colcon_core.shell:Creating package script '/home/aa274/autonomy_ws/src/AA174aSection/install/autonomy_repo/share/autonomy_repo/package.zsh'
[1.913s] Level 1:colcon.colcon_core.environment:create_file_with_runtime_dependencies(/home/aa274/autonomy_ws/src/AA174aSection/install/autonomy_repo/share/colcon-core/packages/autonomy_repo)
[1.916s] Level 1:colcon.colcon_core.environment:create_environment_scripts_only(s3_basic)
[1.917s] Level 1:colcon.colcon_core.environment:checking '/home/aa274/autonomy_ws/src/AA174aSection/install/s3_basic' for CMake module files
[1.919s] Level 1:colcon.colcon_core.environment:checking '/home/aa274/autonomy_ws/src/AA174aSection/install/s3_basic' for CMake config files
[1.921s] Level 1:colcon.colcon_core.shell:create_environment_hook('s3_basic', 'cmake_prefix_path')
[1.924s] INFO:colcon.colcon_core.shell:Creating environment hook '/home/aa274/autonomy_ws/src/AA174aSection/install/s3_basic/share/s3_basic/hook/cmake_prefix_path.ps1'
[1.928s] INFO:colcon.colcon_core.shell:Creating environment descriptor '/home/aa274/autonomy_ws/src/AA174aSection/install/s3_basic/share/s3_basic/hook/cmake_prefix_path.dsv'
[1.929s] INFO:colcon.colcon_core.shell:Creating environment hook '/home/aa274/autonomy_ws/src/AA174aSection/install/s3_basic/share/s3_basic/hook/cmake_prefix_path.sh'
[1.931s] Level 1:colcon.colcon_core.environment:checking '/home/aa274/autonomy_ws/src/AA174aSection/install/s3_basic/lib'
[1.931s] Level 1:colcon.colcon_core.environment:checking '/home/aa274/autonomy_ws/src/AA174aSection/install/s3_basic/bin'
[1.932s] Level 1:colcon.colcon_core.environment:checking '/home/aa274/autonomy_ws/src/AA174aSection/install/s3_basic/lib/pkgconfig/s3_basic.pc'
[1.932s] Level 1:colcon.colcon_core.environment:checking '/home/aa274/autonomy_ws/src/AA174aSection/install/s3_basic/lib/python3.10/site-packages'
[1.933s] Level 1:colcon.colcon_core.environment:checking '/home/aa274/autonomy_ws/src/AA174aSection/install/s3_basic/bin'
[1.934s] INFO:colcon.colcon_core.shell:Creating package script '/home/aa274/autonomy_ws/src/AA174aSection/install/s3_basic/share/s3_basic/package.ps1'
[1.936s] INFO:colcon.colcon_core.shell:Creating package descriptor '/home/aa274/autonomy_ws/src/AA174aSection/install/s3_basic/share/s3_basic/package.dsv'
[1.937s] INFO:colcon.colcon_core.shell:Creating package script '/home/aa274/autonomy_ws/src/AA174aSection/install/s3_basic/share/s3_basic/package.sh'
[1.938s] INFO:colcon.colcon_core.shell:Creating package script '/home/aa274/autonomy_ws/src/AA174aSection/install/s3_basic/share/s3_basic/package.bash'
[1.943s] INFO:colcon.colcon_core.shell:Creating package script '/home/aa274/autonomy_ws/src/AA174aSection/install/s3_basic/share/s3_basic/package.zsh'
[1.948s] Level 1:colcon.colcon_core.environment:create_file_with_runtime_dependencies(/home/aa274/autonomy_ws/src/AA174aSection/install/s3_basic/share/colcon-core/packages/s3_basic)
[1.952s] Level 1:colcon.colcon_core.environment:create_environment_scripts_only(s2_basic)
[1.953s] Level 1:colcon.colcon_core.environment:checking '/home/aa274/autonomy_ws/src/AA174aSection/install/s2_basic' for CMake module files
[1.954s] Level 1:colcon.colcon_core.environment:checking '/home/aa274/autonomy_ws/src/AA174aSection/install/s2_basic' for CMake config files
[1.955s] Level 1:colcon.colcon_core.shell:create_environment_hook('s2_basic', 'cmake_prefix_path')
[1.956s] INFO:colcon.colcon_core.shell:Creating environment hook '/home/aa274/autonomy_ws/src/AA174aSection/install/s2_basic/share/s2_basic/hook/cmake_prefix_path.ps1'
[1.958s] INFO:colcon.colcon_core.shell:Creating environment descriptor '/home/aa274/autonomy_ws/src/AA174aSection/install/s2_basic/share/s2_basic/hook/cmake_prefix_path.dsv'
[1.961s] INFO:colcon.colcon_core.shell:Creating environment hook '/home/aa274/autonomy_ws/src/AA174aSection/install/s2_basic/share/s2_basic/hook/cmake_prefix_path.sh'
[1.966s] Level 1:colcon.colcon_core.environment:checking '/home/aa274/autonomy_ws/src/AA174aSection/install/s2_basic/lib'
[1.967s] Level 1:colcon.colcon_core.environment:checking '/home/aa274/autonomy_ws/src/AA174aSection/install/s2_basic/bin'
[1.968s] Level 1:colcon.colcon_core.environment:checking '/home/aa274/autonomy_ws/src/AA174aSection/install/s2_basic/lib/pkgconfig/s2_basic.pc'
[1.968s] Level 1:colcon.colcon_core.environment:checking '/home/aa274/autonomy_ws/src/AA174aSection/install/s2_basic/lib/python3.10/site-packages'
[1.969s] Level 1:colcon.colcon_core.environment:checking '/home/aa274/autonomy_ws/src/AA174aSection/install/s2_basic/bin'
[1.970s] INFO:colcon.colcon_core.shell:Creating package script '/home/aa274/autonomy_ws/src/AA174aSection/install/s2_basic/share/s2_basic/package.ps1'
[1.971s] INFO:colcon.colcon_core.shell:Creating package descriptor '/home/aa274/autonomy_ws/src/AA174aSection/install/s2_basic/share/s2_basic/package.dsv'
[1.973s] INFO:colcon.colcon_core.shell:Creating package script '/home/aa274/autonomy_ws/src/AA174aSection/install/s2_basic/share/s2_basic/package.sh'
[1.977s] INFO:colcon.colcon_core.shell:Creating package script '/home/aa274/autonomy_ws/src/AA174aSection/install/s2_basic/share/s2_basic/package.bash'
[1.982s] INFO:colcon.colcon_core.shell:Creating package script '/home/aa274/autonomy_ws/src/AA174aSection/install/s2_basic/share/s2_basic/package.zsh'
[1.984s] Level 1:colcon.colcon_core.environment:create_file_with_runtime_dependencies(/home/aa274/autonomy_ws/src/AA174aSection/install/s2_basic/share/colcon-core/packages/s2_basic)
[1.985s] DEBUG:colcon.colcon_parallel_executor.executor.parallel:closing loop
[1.986s] DEBUG:colcon.colcon_parallel_executor.executor.parallel:loop closed
[1.986s] DEBUG:colcon.colcon_parallel_executor.executor.parallel:run_until_complete finished with '0'
[1.986s] DEBUG:colcon.colcon_core.event_reactor:joining thread
[2.014s] INFO:colcon.colcon_core.plugin_system:Skipping extension 'colcon_notification.desktop_notification.terminal_notifier': Not used on non-Darwin systems
[2.015s] INFO:colcon.colcon_core.plugin_system:Skipping extension 'colcon_notification.desktop_notification.win32': Not used on non-Windows systems
[2.015s] INFO:colcon.colcon_notification.desktop_notification:Sending desktop notification using 'notify2'
[2.059s] DEBUG:colcon.colcon_core.event_reactor:joined thread
[2.060s] INFO:colcon.colcon_core.shell:Creating prefix script '/home/aa274/autonomy_ws/src/AA174aSection/install/local_setup.ps1'
[2.063s] INFO:colcon.colcon_core.shell:Creating prefix util module '/home/aa274/autonomy_ws/src/AA174aSection/install/_local_setup_util_ps1.py'
[2.074s] INFO:colcon.colcon_core.shell:Creating prefix chain script '/home/aa274/autonomy_ws/src/AA174aSection/install/setup.ps1'
[2.081s] INFO:colcon.colcon_core.shell:Creating prefix script '/home/aa274/autonomy_ws/src/AA174aSection/install/local_setup.sh'
[2.082s] INFO:colcon.colcon_core.shell:Creating prefix util module '/home/aa274/autonomy_ws/src/AA174aSection/install/_local_setup_util_sh.py'
[2.086s] INFO:colcon.colcon_core.shell:Creating prefix chain script '/home/aa274/autonomy_ws/src/AA174aSection/install/setup.sh'
[2.092s] INFO:colcon.colcon_core.shell:Creating prefix script '/home/aa274/autonomy_ws/src/AA174aSection/install/local_setup.bash'
[2.093s] INFO:colcon.colcon_core.shell:Creating prefix chain script '/home/aa274/autonomy_ws/src/AA174aSection/install/setup.bash'
[2.097s] INFO:colcon.colcon_core.shell:Creating prefix script '/home/aa274/autonomy_ws/src/AA174aSection/install/local_setup.zsh'
[2.098s] INFO:colcon.colcon_core.shell:Creating prefix chain script '/home/aa274/autonomy_ws/src/AA174aSection/install/setup.zsh'
