[0.401s] DEBUG:colcon:Command line arguments: ['/usr/bin/colcon', 'build']
[0.402s] DEBUG:colcon:Parsed command line arguments: Namespace(log_base=None, log_level=None, verb_name='build', build_base='build', install_base='install', merge_install=False, symlink_install=True, test_result_base=None, continue_on_error=False, executor='parallel', parallel_workers=8, event_handlers=None, ignore_user_meta=False, metas=['./colcon.meta'], base_paths=['.'], packages_ignore=None, packages_ignore_regex=None, paths=None, packages_up_to=None, packages_up_to_regex=None, packages_above=None, packages_above_and_dependencies=None, packages_above_depth=None, packages_select_by_dep=None, packages_skip_by_dep=None, packages_skip_up_to=None, packages_select_build_failed=False, packages_skip_build_finished=False, packages_select_test_failures=False, packages_skip_test_passed=False, packages_select=None, packages_skip=None, packages_select_regex=None, packages_skip_regex=None, packages_start=None, packages_end=None, allow_overriding=[], cmake_args=['-DCMAKE_EXPORT_COMPILE_COMMANDS=ON', '-DCMAKE_BUILD_TYPE=RelWithDebInfo'], cmake_target=None, cmake_target_skip_unavailable=False, cmake_clean_cache=False, cmake_clean_first=False, cmake_force_configure=False, ament_cmake_args=None, catkin_cmake_args=None, catkin_skip_building_tests=False, mixin_files=None, mixin=None, verb_parser=<colcon_mixin.mixin.mixin_argument.MixinArgumentDecorator object at 0x754f5500e500>, verb_extension=<colcon_core.verb.build.BuildVerb object at 0x754f5500de70>, main=<bound method BuildVerb.main of <colcon_core.verb.build.BuildVerb object at 0x754f5500de70>>, mixin_verb=('build',))
[1.031s] Level 1:colcon.colcon_core.package_discovery:discover_packages(colcon_meta) check parameters
[1.031s] Level 1:colcon.colcon_core.package_discovery:discover_packages(recursive) check parameters
[1.031s] Level 1:colcon.colcon_core.package_discovery:discover_packages(ignore) check parameters
[1.031s] Level 1:colcon.colcon_core.package_discovery:discover_packages(path) check parameters
[1.031s] Level 1:colcon.colcon_core.package_discovery:discover_packages(colcon_meta) discover
[1.031s] Level 1:colcon.colcon_core.package_discovery:discover_packages(recursive) discover
[1.032s] INFO:colcon.colcon_core.package_discovery:Crawling recursively for packages in '/home/aa274/autonomy_ws/src/AA174aSection'
[1.032s] Level 1:colcon.colcon_core.package_identification:_identify(.) by extensions ['ignore', 'ignore_ament_install']
[1.032s] Level 1:colcon.colcon_core.package_identification:_identify(.) by extension 'ignore'
[1.032s] Level 1:colcon.colcon_core.package_identification:_identify(.) by extension 'ignore_ament_install'
[1.032s] Level 1:colcon.colcon_core.package_identification:_identify(.) by extensions ['colcon_pkg']
[1.032s] Level 1:colcon.colcon_core.package_identification:_identify(.) by extension 'colcon_pkg'
[1.033s] Level 1:colcon.colcon_core.package_identification:_identify(.) by extensions ['colcon_meta']
[1.033s] Level 1:colcon.colcon_core.package_identification:_identify(.) by extension 'colcon_meta'
[1.033s] Level 1:colcon.colcon_core.package_identification:_identify(.) by extensions ['ros']
[1.033s] Level 1:colcon.colcon_core.package_identification:_identify(.) by extension 'ros'
[1.084s] Level 1:colcon.colcon_core.package_identification:_identify(.) by extensions ['cmake', 'python']
[1.084s] Level 1:colcon.colcon_core.package_identification:_identify(.) by extension 'cmake'
[1.085s] Level 1:colcon.colcon_core.package_identification:_identify(.) by extension 'python'
[1.086s] Level 1:colcon.colcon_core.package_identification:_identify(.) by extensions ['python_setup_py']
[1.086s] Level 1:colcon.colcon_core.package_identification:_identify(.) by extension 'python_setup_py'
[1.087s] Level 1:colcon.colcon_core.package_identification:_identify(autonomy_repo) by extensions ['ignore', 'ignore_ament_install']
[1.088s] Level 1:colcon.colcon_core.package_identification:_identify(autonomy_repo) by extension 'ignore'
[1.089s] Level 1:colcon.colcon_core.package_identification:_identify(autonomy_repo) by extension 'ignore_ament_install'
[1.090s] Level 1:colcon.colcon_core.package_identification:_identify(autonomy_repo) by extensions ['colcon_pkg']
[1.090s] Level 1:colcon.colcon_core.package_identification:_identify(autonomy_repo) by extension 'colcon_pkg'
[1.091s] Level 1:colcon.colcon_core.package_identification:_identify(autonomy_repo) by extensions ['colcon_meta']
[1.091s] Level 1:colcon.colcon_core.package_identification:_identify(autonomy_repo) by extension 'colcon_meta'
[1.091s] Level 1:colcon.colcon_core.package_identification:_identify(autonomy_repo) by extensions ['ros']
[1.091s] Level 1:colcon.colcon_core.package_identification:_identify(autonomy_repo) by extension 'ros'
[1.098s] DEBUG:colcon.colcon_core.package_identification:Package 'autonomy_repo' with type 'ros.ament_cmake' and name 'autonomy_repo'
[1.099s] Level 1:colcon.colcon_core.package_identification:_identify(build) by extensions ['ignore', 'ignore_ament_install']
[1.099s] Level 1:colcon.colcon_core.package_identification:_identify(build) by extension 'ignore'
[1.099s] Level 1:colcon.colcon_core.package_identification:_identify(build) ignored
[1.100s] Level 1:colcon.colcon_core.package_identification:_identify(install) by extensions ['ignore', 'ignore_ament_install']
[1.100s] Level 1:colcon.colcon_core.package_identification:_identify(install) by extension 'ignore'
[1.100s] Level 1:colcon.colcon_core.package_identification:_identify(install) ignored
[1.100s] Level 1:colcon.colcon_core.package_identification:_identify(log) by extensions ['ignore', 'ignore_ament_install']
[1.101s] Level 1:colcon.colcon_core.package_identification:_identify(log) by extension 'ignore'
[1.101s] Level 1:colcon.colcon_core.package_identification:_identify(log) ignored
[1.101s] Level 1:colcon.colcon_core.package_identification:_identify(s2_basic) by extensions ['ignore', 'ignore_ament_install']
[1.101s] Level 1:colcon.colcon_core.package_identification:_identify(s2_basic) by extension 'ignore'
[1.101s] Level 1:colcon.colcon_core.package_identification:_identify(s2_basic) by extension 'ignore_ament_install'
[1.101s] Level 1:colcon.colcon_core.package_identification:_identify(s2_basic) by extensions ['colcon_pkg']
[1.101s] Level 1:colcon.colcon_core.package_identification:_identify(s2_basic) by extension 'colcon_pkg'
[1.102s] Level 1:colcon.colcon_core.package_identification:_identify(s2_basic) by extensions ['colcon_meta']
[1.102s] Level 1:colcon.colcon_core.package_identification:_identify(s2_basic) by extension 'colcon_meta'
[1.102s] Level 1:colcon.colcon_core.package_identification:_identify(s2_basic) by extensions ['ros']
[1.102s] Level 1:colcon.colcon_core.package_identification:_identify(s2_basic) by extension 'ros'
[1.104s] DEBUG:colcon.colcon_core.package_identification:Package 's2_basic' with type 'ros.ament_cmake' and name 's2_basic'
[1.105s] Level 1:colcon.colcon_core.package_identification:_identify(s3_basic) by extensions ['ignore', 'ignore_ament_install']
[1.106s] Level 1:colcon.colcon_core.package_identification:_identify(s3_basic) by extension 'ignore'
[1.106s] Level 1:colcon.colcon_core.package_identification:_identify(s3_basic) by extension 'ignore_ament_install'
[1.107s] Level 1:colcon.colcon_core.package_identification:_identify(s3_basic) by extensions ['colcon_pkg']
[1.107s] Level 1:colcon.colcon_core.package_identification:_identify(s3_basic) by extension 'colcon_pkg'
[1.108s] Level 1:colcon.colcon_core.package_identification:_identify(s3_basic) by extensions ['colcon_meta']
[1.108s] Level 1:colcon.colcon_core.package_identification:_identify(s3_basic) by extension 'colcon_meta'
[1.108s] Level 1:colcon.colcon_core.package_identification:_identify(s3_basic) by extensions ['ros']
[1.108s] Level 1:colcon.colcon_core.package_identification:_identify(s3_basic) by extension 'ros'
[1.112s] DEBUG:colcon.colcon_core.package_identification:Package 's3_basic' with type 'ros.ament_cmake' and name 's3_basic'
[1.112s] Level 1:colcon.colcon_core.package_discovery:discover_packages(recursive) using defaults
[1.112s] Level 1:colcon.colcon_core.package_discovery:discover_packages(ignore) discover
[1.112s] Level 1:colcon.colcon_core.package_discovery:discover_packages(ignore) using defaults
[1.113s] Level 1:colcon.colcon_core.package_discovery:discover_packages(path) discover
[1.113s] Level 1:colcon.colcon_core.package_discovery:discover_packages(path) using defaults
[1.251s] Level 1:colcon.colcon_core.package_discovery:discover_packages(prefix_path) check parameters
[1.251s] Level 1:colcon.colcon_core.package_discovery:discover_packages(prefix_path) discover
[1.262s] DEBUG:colcon.colcon_installed_package_information.package_discovery:Found 3 installed packages in /home/aa274/autonomy_ws/install
[1.266s] DEBUG:colcon.colcon_installed_package_information.package_discovery:Found 18 installed packages in /home/aa274/tb_ws/install
[1.271s] DEBUG:colcon.colcon_installed_package_information.package_discovery:Found 240 installed packages in /opt/ros/humble
[1.277s] Level 1:colcon.colcon_core.package_discovery:discover_packages(prefix_path) using defaults
[1.392s] Level 5:colcon.colcon_core.verb:set package 'autonomy_repo' build argument 'cmake_args' from command line to '['-DCMAKE_EXPORT_COMPILE_COMMANDS=ON', '-DCMAKE_BUILD_TYPE=RelWithDebInfo']'
[1.392s] Level 5:colcon.colcon_core.verb:set package 'autonomy_repo' build argument 'cmake_target' from command line to 'None'
[1.392s] Level 5:colcon.colcon_core.verb:set package 'autonomy_repo' build argument 'cmake_target_skip_unavailable' from command line to 'False'
[1.393s] Level 5:colcon.colcon_core.verb:set package 'autonomy_repo' build argument 'cmake_clean_cache' from command line to 'False'
[1.393s] Level 5:colcon.colcon_core.verb:set package 'autonomy_repo' build argument 'cmake_clean_first' from command line to 'False'
[1.393s] Level 5:colcon.colcon_core.verb:set package 'autonomy_repo' build argument 'cmake_force_configure' from command line to 'False'
[1.393s] Level 5:colcon.colcon_core.verb:set package 'autonomy_repo' build argument 'ament_cmake_args' from command line to 'None'
[1.393s] Level 5:colcon.colcon_core.verb:set package 'autonomy_repo' build argument 'catkin_cmake_args' from command line to 'None'
[1.393s] Level 5:colcon.colcon_core.verb:set package 'autonomy_repo' build argument 'catkin_skip_building_tests' from command line to 'False'
[1.393s] DEBUG:colcon.colcon_core.verb:Building package 'autonomy_repo' with the following arguments: {'ament_cmake_args': None, 'build_base': '/home/aa274/autonomy_ws/src/AA174aSection/build/autonomy_repo', 'catkin_cmake_args': None, 'catkin_skip_building_tests': False, 'cmake_args': ['-DCMAKE_EXPORT_COMPILE_COMMANDS=ON', '-DCMAKE_BUILD_TYPE=RelWithDebInfo'], 'cmake_clean_cache': False, 'cmake_clean_first': False, 'cmake_force_configure': False, 'cmake_target': None, 'cmake_target_skip_unavailable': False, 'install_base': '/home/aa274/autonomy_ws/src/AA174aSection/install/autonomy_repo', 'merge_install': False, 'path': '/home/aa274/autonomy_ws/src/AA174aSection/autonomy_repo', 'symlink_install': True, 'test_result_base': None}
[1.395s] Level 5:colcon.colcon_core.verb:set package 's2_basic' build argument 'cmake_args' from command line to '['-DCMAKE_EXPORT_COMPILE_COMMANDS=ON', '-DCMAKE_BUILD_TYPE=RelWithDebInfo']'
[1.395s] Level 5:colcon.colcon_core.verb:set package 's2_basic' build argument 'cmake_target' from command line to 'None'
[1.395s] Level 5:colcon.colcon_core.verb:set package 's2_basic' build argument 'cmake_target_skip_unavailable' from command line to 'False'
[1.395s] Level 5:colcon.colcon_core.verb:set package 's2_basic' build argument 'cmake_clean_cache' from command line to 'False'
[1.395s] Level 5:colcon.colcon_core.verb:set package 's2_basic' build argument 'cmake_clean_first' from command line to 'False'
[1.395s] Level 5:colcon.colcon_core.verb:set package 's2_basic' build argument 'cmake_force_configure' from command line to 'False'
[1.395s] Level 5:colcon.colcon_core.verb:set package 's2_basic' build argument 'ament_cmake_args' from command line to 'None'
[1.396s] Level 5:colcon.colcon_core.verb:set package 's2_basic' build argument 'catkin_cmake_args' from command line to 'None'
[1.396s] Level 5:colcon.colcon_core.verb:set package 's2_basic' build argument 'catkin_skip_building_tests' from command line to 'False'
[1.396s] DEBUG:colcon.colcon_core.verb:Building package 's2_basic' with the following arguments: {'ament_cmake_args': None, 'build_base': '/home/aa274/autonomy_ws/src/AA174aSection/build/s2_basic', 'catkin_cmake_args': None, 'catkin_skip_building_tests': False, 'cmake_args': ['-DCMAKE_EXPORT_COMPILE_COMMANDS=ON', '-DCMAKE_BUILD_TYPE=RelWithDebInfo'], 'cmake_clean_cache': False, 'cmake_clean_first': False, 'cmake_force_configure': False, 'cmake_target': None, 'cmake_target_skip_unavailable': False, 'install_base': '/home/aa274/autonomy_ws/src/AA174aSection/install/s2_basic', 'merge_install': False, 'path': '/home/aa274/autonomy_ws/src/AA174aSection/s2_basic', 'symlink_install': True, 'test_result_base': None}
[1.397s] Level 5:colcon.colcon_core.verb:set package 's3_basic' build argument 'cmake_args' from command line to '['-DCMAKE_EXPORT_COMPILE_COMMANDS=ON', '-DCMAKE_BUILD_TYPE=RelWithDebInfo']'
[1.397s] Level 5:colcon.colcon_core.verb:set package 's3_basic' build argument 'cmake_target' from command line to 'None'
[1.398s] Level 5:colcon.colcon_core.verb:set package 's3_basic' build argument 'cmake_target_skip_unavailable' from command line to 'False'
[1.398s] Level 5:colcon.colcon_core.verb:set package 's3_basic' build argument 'cmake_clean_cache' from command line to 'False'
[1.398s] Level 5:colcon.colcon_core.verb:set package 's3_basic' build argument 'cmake_clean_first' from command line to 'False'
[1.398s] Level 5:colcon.colcon_core.verb:set package 's3_basic' build argument 'cmake_force_configure' from command line to 'False'
[1.398s] Level 5:colcon.colcon_core.verb:set package 's3_basic' build argument 'ament_cmake_args' from command line to 'None'
[1.398s] Level 5:colcon.colcon_core.verb:set package 's3_basic' build argument 'catkin_cmake_args' from command line to 'None'
[1.398s] Level 5:colcon.colcon_core.verb:set package 's3_basic' build argument 'catkin_skip_building_tests' from command line to 'False'
[1.398s] DEBUG:colcon.colcon_core.verb:Building package 's3_basic' with the following arguments: {'ament_cmake_args': None, 'build_base': '/home/aa274/autonomy_ws/src/AA174aSection/build/s3_basic', 'catkin_cmake_args': None, 'catkin_skip_building_tests': False, 'cmake_args': ['-DCMAKE_EXPORT_COMPILE_COMMANDS=ON', '-DCMAKE_BUILD_TYPE=RelWithDebInfo'], 'cmake_clean_cache': False, 'cmake_clean_first': False, 'cmake_force_configure': False, 'cmake_target': None, 'cmake_target_skip_unavailable': False, 'install_base': '/home/aa274/autonomy_ws/src/AA174aSection/install/s3_basic', 'merge_install': False, 'path': '/home/aa274/autonomy_ws/src/AA174aSection/s3_basic', 'symlink_install': True, 'test_result_base': None}
[1.399s] INFO:colcon.colcon_core.executor:Executing jobs using 'parallel' executor
[1.401s] DEBUG:colcon.colcon_parallel_executor.executor.parallel:run_until_complete
[1.401s] INFO:colcon.colcon_ros.task.ament_cmake.build:Building ROS package in '/home/aa274/autonomy_ws/src/AA174aSection/autonomy_repo' with build type 'ament_cmake'
[1.402s] INFO:colcon.colcon_cmake.task.cmake.build:Building CMake package in '/home/aa274/autonomy_ws/src/AA174aSection/autonomy_repo'
[1.407s] INFO:colcon.colcon_core.plugin_system:Skipping extension 'colcon_core.shell.bat': Not used on non-Windows systems
[1.407s] INFO:colcon.colcon_core.shell:Skip shell extension 'powershell' for command environment: Not usable outside of PowerShell
[1.408s] DEBUG:colcon.colcon_core.shell:Skip shell extension 'dsv' for command environment
[1.421s] INFO:colcon.colcon_ros.task.ament_cmake.build:Building ROS package in '/home/aa274/autonomy_ws/src/AA174aSection/s2_basic' with build type 'ament_cmake'
[1.422s] INFO:colcon.colcon_cmake.task.cmake.build:Building CMake package in '/home/aa274/autonomy_ws/src/AA174aSection/s2_basic'
[1.423s] INFO:colcon.colcon_core.shell:Skip shell extension 'powershell' for command environment: Not usable outside of PowerShell
[1.423s] DEBUG:colcon.colcon_core.shell:Skip shell extension 'dsv' for command environment
[1.436s] INFO:colcon.colcon_ros.task.ament_cmake.build:Building ROS package in '/home/aa274/autonomy_ws/src/AA174aSection/s3_basic' with build type 'ament_cmake'
[1.436s] INFO:colcon.colcon_cmake.task.cmake.build:Building CMake package in '/home/aa274/autonomy_ws/src/AA174aSection/s3_basic'
[1.438s] INFO:colcon.colcon_core.shell:Skip shell extension 'powershell' for command environment: Not usable outside of PowerShell
[1.438s] DEBUG:colcon.colcon_core.shell:Skip shell extension 'dsv' for command environment
[1.477s] DEBUG:colcon.colcon_core.event_handler.log_command:Invoking command in '/home/aa274/autonomy_ws/src/AA174aSection/build/autonomy_repo': CMAKE_PREFIX_PATH=${CMAKE_PREFIX_PATH}:/opt/ros/humble /usr/bin/cmake --build /home/aa274/autonomy_ws/src/AA174aSection/build/autonomy_repo -- -j8 -l8
[1.489s] DEBUG:colcon.colcon_core.event_handler.log_command:Invoking command in '/home/aa274/autonomy_ws/src/AA174aSection/build/s2_basic': CMAKE_PREFIX_PATH=${CMAKE_PREFIX_PATH}:/opt/ros/humble /usr/bin/cmake --build /home/aa274/autonomy_ws/src/AA174aSection/build/s2_basic -- -j8 -l8
[1.505s] DEBUG:colcon.colcon_core.event_handler.log_command:Invoking command in '/home/aa274/autonomy_ws/src/AA174aSection/build/s3_basic': CMAKE_PREFIX_PATH=${CMAKE_PREFIX_PATH}:/opt/ros/humble /usr/bin/cmake --build /home/aa274/autonomy_ws/src/AA174aSection/build/s3_basic -- -j8 -l8
[1.602s] DEBUG:colcon.colcon_core.event_handler.log_command:Invoked command in '/home/aa274/autonomy_ws/src/AA174aSection/build/autonomy_repo' returned '0': CMAKE_PREFIX_PATH=${CMAKE_PREFIX_PATH}:/opt/ros/humble /usr/bin/cmake --build /home/aa274/autonomy_ws/src/AA174aSection/build/autonomy_repo -- -j8 -l8
[1.617s] DEBUG:colcon.colcon_core.event_handler.log_command:Invoked command in '/home/aa274/autonomy_ws/src/AA174aSection/build/s2_basic' returned '0': CMAKE_PREFIX_PATH=${CMAKE_PREFIX_PATH}:/opt/ros/humble /usr/bin/cmake --build /home/aa274/autonomy_ws/src/AA174aSection/build/s2_basic -- -j8 -l8
[1.631s] DEBUG:colcon.colcon_core.event_handler.log_command:Invoked command in '/home/aa274/autonomy_ws/src/AA174aSection/build/s3_basic' returned '0': CMAKE_PREFIX_PATH=${CMAKE_PREFIX_PATH}:/opt/ros/humble /usr/bin/cmake --build /home/aa274/autonomy_ws/src/AA174aSection/build/s3_basic -- -j8 -l8
[1.707s] DEBUG:colcon.colcon_core.event_handler.log_command:Invoking command in '/home/aa274/autonomy_ws/src/AA174aSection/build/autonomy_repo': CMAKE_PREFIX_PATH=${CMAKE_PREFIX_PATH}:/opt/ros/humble /usr/bin/cmake --install /home/aa274/autonomy_ws/src/AA174aSection/build/autonomy_repo
[1.719s] DEBUG:colcon.colcon_core.event_handler.log_command:Invoking command in '/home/aa274/autonomy_ws/src/AA174aSection/build/s2_basic': CMAKE_PREFIX_PATH=${CMAKE_PREFIX_PATH}:/opt/ros/humble /usr/bin/cmake --install /home/aa274/autonomy_ws/src/AA174aSection/build/s2_basic
[1.725s] DEBUG:colcon.colcon_core.event_handler.log_command:Invoking command in '/home/aa274/autonomy_ws/src/AA174aSection/build/s3_basic': CMAKE_PREFIX_PATH=${CMAKE_PREFIX_PATH}:/opt/ros/humble /usr/bin/cmake --install /home/aa274/autonomy_ws/src/AA174aSection/build/s3_basic
[1.788s] Level 1:colcon.colcon_core.environment:create_environment_scripts_only(s2_basic)
[1.791s] DEBUG:colcon.colcon_core.event_handler.log_command:Invoked command in '/home/aa274/autonomy_ws/src/AA174aSection/build/s2_basic' returned '0': CMAKE_PREFIX_PATH=${CMAKE_PREFIX_PATH}:/opt/ros/humble /usr/bin/cmake --install /home/aa274/autonomy_ws/src/AA174aSection/build/s2_basic
[1.800s] Level 1:colcon.colcon_core.environment:checking '/home/aa274/autonomy_ws/src/AA174aSection/install/s2_basic' for CMake module files
[1.806s] Level 1:colcon.colcon_core.environment:checking '/home/aa274/autonomy_ws/src/AA174aSection/install/s2_basic' for CMake config files
[1.807s] Level 1:colcon.colcon_core.shell:create_environment_hook('s2_basic', 'cmake_prefix_path')
[1.808s] INFO:colcon.colcon_core.shell:Creating environment hook '/home/aa274/autonomy_ws/src/AA174aSection/install/s2_basic/share/s2_basic/hook/cmake_prefix_path.ps1'
[1.810s] INFO:colcon.colcon_core.shell:Creating environment descriptor '/home/aa274/autonomy_ws/src/AA174aSection/install/s2_basic/share/s2_basic/hook/cmake_prefix_path.dsv'
[1.812s] INFO:colcon.colcon_core.shell:Creating environment hook '/home/aa274/autonomy_ws/src/AA174aSection/install/s2_basic/share/s2_basic/hook/cmake_prefix_path.sh'
[1.819s] Level 1:colcon.colcon_core.environment:checking '/home/aa274/autonomy_ws/src/AA174aSection/install/s2_basic/lib'
[1.819s] Level 1:colcon.colcon_core.environment:checking '/home/aa274/autonomy_ws/src/AA174aSection/install/s2_basic/bin'
[1.820s] Level 1:colcon.colcon_core.environment:checking '/home/aa274/autonomy_ws/src/AA174aSection/install/s2_basic/lib/pkgconfig/s2_basic.pc'
[1.820s] Level 1:colcon.colcon_core.environment:checking '/home/aa274/autonomy_ws/src/AA174aSection/install/s2_basic/lib/python3.10/site-packages'
[1.821s] Level 1:colcon.colcon_core.environment:checking '/home/aa274/autonomy_ws/src/AA174aSection/install/s2_basic/bin'
[1.822s] INFO:colcon.colcon_core.shell:Creating package script '/home/aa274/autonomy_ws/src/AA174aSection/install/s2_basic/share/s2_basic/package.ps1'
[1.825s] INFO:colcon.colcon_core.shell:Creating package descriptor '/home/aa274/autonomy_ws/src/AA174aSection/install/s2_basic/share/s2_basic/package.dsv'
[1.830s] INFO:colcon.colcon_core.shell:Creating package script '/home/aa274/autonomy_ws/src/AA174aSection/install/s2_basic/share/s2_basic/package.sh'
[1.834s] INFO:colcon.colcon_core.shell:Creating package script '/home/aa274/autonomy_ws/src/AA174aSection/install/s2_basic/share/s2_basic/package.bash'
[1.836s] INFO:colcon.colcon_core.shell:Creating package script '/home/aa274/autonomy_ws/src/AA174aSection/install/s2_basic/share/s2_basic/package.zsh'
[1.839s] Level 1:colcon.colcon_core.environment:create_file_with_runtime_dependencies(/home/aa274/autonomy_ws/src/AA174aSection/install/s2_basic/share/colcon-core/packages/s2_basic)
[1.846s] Level 1:colcon.colcon_core.environment:create_environment_scripts_only(autonomy_repo)
[1.847s] Level 1:colcon.colcon_core.environment:checking '/home/aa274/autonomy_ws/src/AA174aSection/install/autonomy_repo' for CMake module files
[1.848s] DEBUG:colcon.colcon_core.event_handler.log_command:Invoked command in '/home/aa274/autonomy_ws/src/AA174aSection/build/autonomy_repo' returned '0': CMAKE_PREFIX_PATH=${CMAKE_PREFIX_PATH}:/opt/ros/humble /usr/bin/cmake --install /home/aa274/autonomy_ws/src/AA174aSection/build/autonomy_repo
[1.850s] Level 1:colcon.colcon_core.environment:checking '/home/aa274/autonomy_ws/src/AA174aSection/install/autonomy_repo' for CMake config files
[1.851s] Level 1:colcon.colcon_core.shell:create_environment_hook('autonomy_repo', 'cmake_prefix_path')
[1.852s] INFO:colcon.colcon_core.shell:Creating environment hook '/home/aa274/autonomy_ws/src/AA174aSection/install/autonomy_repo/share/autonomy_repo/hook/cmake_prefix_path.ps1'
[1.855s] INFO:colcon.colcon_core.shell:Creating environment descriptor '/home/aa274/autonomy_ws/src/AA174aSection/install/autonomy_repo/share/autonomy_repo/hook/cmake_prefix_path.dsv'
[1.859s] INFO:colcon.colcon_core.shell:Creating environment hook '/home/aa274/autonomy_ws/src/AA174aSection/install/autonomy_repo/share/autonomy_repo/hook/cmake_prefix_path.sh'
[1.863s] Level 1:colcon.colcon_core.environment:checking '/home/aa274/autonomy_ws/src/AA174aSection/install/autonomy_repo/lib'
[1.864s] Level 1:colcon.colcon_core.environment:checking '/home/aa274/autonomy_ws/src/AA174aSection/install/autonomy_repo/bin'
[1.864s] Level 1:colcon.colcon_core.environment:checking '/home/aa274/autonomy_ws/src/AA174aSection/install/autonomy_repo/lib/pkgconfig/autonomy_repo.pc'
[1.865s] Level 1:colcon.colcon_core.environment:checking '/home/aa274/autonomy_ws/src/AA174aSection/install/autonomy_repo/lib/python3.10/site-packages'
[1.865s] Level 1:colcon.colcon_core.environment:checking '/home/aa274/autonomy_ws/src/AA174aSection/install/autonomy_repo/bin'
[1.866s] INFO:colcon.colcon_core.shell:Creating package script '/home/aa274/autonomy_ws/src/AA174aSection/install/autonomy_repo/share/autonomy_repo/package.ps1'
[1.868s] INFO:colcon.colcon_core.shell:Creating package descriptor '/home/aa274/autonomy_ws/src/AA174aSection/install/autonomy_repo/share/autonomy_repo/package.dsv'
[1.869s] INFO:colcon.colcon_core.shell:Creating package script '/home/aa274/autonomy_ws/src/AA174aSection/install/autonomy_repo/share/autonomy_repo/package.sh'
[1.871s] INFO:colcon.colcon_core.shell:Creating package script '/home/aa274/autonomy_ws/src/AA174aSection/install/autonomy_repo/share/autonomy_repo/package.bash'
[1.872s] INFO:colcon.colcon_core.shell:Creating package script '/home/aa274/autonomy_ws/src/AA174aSection/install/autonomy_repo/share/autonomy_repo/package.zsh'
[1.873s] Level 1:colcon.colcon_core.environment:create_file_with_runtime_dependencies(/home/aa274/autonomy_ws/src/AA174aSection/install/autonomy_repo/share/colcon-core/packages/autonomy_repo)
[1.880s] Level 1:colcon.colcon_core.environment:create_environment_scripts_only(s3_basic)
[1.884s] Level 1:colcon.colcon_core.environment:checking '/home/aa274/autonomy_ws/src/AA174aSection/install/s3_basic' for CMake module files
[1.886s] DEBUG:colcon.colcon_core.event_handler.log_command:Invoked command in '/home/aa274/autonomy_ws/src/AA174aSection/build/s3_basic' returned '0': CMAKE_PREFIX_PATH=${CMAKE_PREFIX_PATH}:/opt/ros/humble /usr/bin/cmake --install /home/aa274/autonomy_ws/src/AA174aSection/build/s3_basic
[1.887s] Level 1:colcon.colcon_core.environment:checking '/home/aa274/autonomy_ws/src/AA174aSection/install/s3_basic' for CMake config files
[1.888s] Level 1:colcon.colcon_core.shell:create_environment_hook('s3_basic', 'cmake_prefix_path')
[1.888s] INFO:colcon.colcon_core.shell:Creating environment hook '/home/aa274/autonomy_ws/src/AA174aSection/install/s3_basic/share/s3_basic/hook/cmake_prefix_path.ps1'
[1.890s] INFO:colcon.colcon_core.shell:Creating environment descriptor '/home/aa274/autonomy_ws/src/AA174aSection/install/s3_basic/share/s3_basic/hook/cmake_prefix_path.dsv'
[1.891s] INFO:colcon.colcon_core.shell:Creating environment hook '/home/aa274/autonomy_ws/src/AA174aSection/install/s3_basic/share/s3_basic/hook/cmake_prefix_path.sh'
[1.892s] Level 1:colcon.colcon_core.environment:checking '/home/aa274/autonomy_ws/src/AA174aSection/install/s3_basic/lib'
[1.893s] Level 1:colcon.colcon_core.environment:checking '/home/aa274/autonomy_ws/src/AA174aSection/install/s3_basic/bin'
[1.893s] Level 1:colcon.colcon_core.environment:checking '/home/aa274/autonomy_ws/src/AA174aSection/install/s3_basic/lib/pkgconfig/s3_basic.pc'
[1.894s] Level 1:colcon.colcon_core.environment:checking '/home/aa274/autonomy_ws/src/AA174aSection/install/s3_basic/lib/python3.10/site-packages'
[1.894s] Level 1:colcon.colcon_core.environment:checking '/home/aa274/autonomy_ws/src/AA174aSection/install/s3_basic/bin'
[1.895s] INFO:colcon.colcon_core.shell:Creating package script '/home/aa274/autonomy_ws/src/AA174aSection/install/s3_basic/share/s3_basic/package.ps1'
[1.901s] INFO:colcon.colcon_core.shell:Creating package descriptor '/home/aa274/autonomy_ws/src/AA174aSection/install/s3_basic/share/s3_basic/package.dsv'
[1.904s] INFO:colcon.colcon_core.shell:Creating package script '/home/aa274/autonomy_ws/src/AA174aSection/install/s3_basic/share/s3_basic/package.sh'
[1.905s] INFO:colcon.colcon_core.shell:Creating package script '/home/aa274/autonomy_ws/src/AA174aSection/install/s3_basic/share/s3_basic/package.bash'
[1.906s] INFO:colcon.colcon_core.shell:Creating package script '/home/aa274/autonomy_ws/src/AA174aSection/install/s3_basic/share/s3_basic/package.zsh'
[1.907s] Level 1:colcon.colcon_core.environment:create_file_with_runtime_dependencies(/home/aa274/autonomy_ws/src/AA174aSection/install/s3_basic/share/colcon-core/packages/s3_basic)
[1.919s] Level 1:colcon.colcon_core.environment:create_environment_scripts_only(s2_basic)
[1.922s] Level 1:colcon.colcon_core.environment:checking '/home/aa274/autonomy_ws/src/AA174aSection/install/s2_basic' for CMake module files
[1.923s] Level 1:colcon.colcon_core.environment:checking '/home/aa274/autonomy_ws/src/AA174aSection/install/s2_basic' for CMake config files
[1.924s] Level 1:colcon.colcon_core.shell:create_environment_hook('s2_basic', 'cmake_prefix_path')
[1.925s] INFO:colcon.colcon_core.shell:Creating environment hook '/home/aa274/autonomy_ws/src/AA174aSection/install/s2_basic/share/s2_basic/hook/cmake_prefix_path.ps1'
[1.926s] INFO:colcon.colcon_core.shell:Creating environment descriptor '/home/aa274/autonomy_ws/src/AA174aSection/install/s2_basic/share/s2_basic/hook/cmake_prefix_path.dsv'
[1.927s] INFO:colcon.colcon_core.shell:Creating environment hook '/home/aa274/autonomy_ws/src/AA174aSection/install/s2_basic/share/s2_basic/hook/cmake_prefix_path.sh'
[1.929s] Level 1:colcon.colcon_core.environment:checking '/home/aa274/autonomy_ws/src/AA174aSection/install/s2_basic/lib'
[1.929s] Level 1:colcon.colcon_core.environment:checking '/home/aa274/autonomy_ws/src/AA174aSection/install/s2_basic/bin'
[1.929s] Level 1:colcon.colcon_core.environment:checking '/home/aa274/autonomy_ws/src/AA174aSection/install/s2_basic/lib/pkgconfig/s2_basic.pc'
[1.930s] Level 1:colcon.colcon_core.environment:checking '/home/aa274/autonomy_ws/src/AA174aSection/install/s2_basic/lib/python3.10/site-packages'
[1.930s] Level 1:colcon.colcon_core.environment:checking '/home/aa274/autonomy_ws/src/AA174aSection/install/s2_basic/bin'
[1.931s] INFO:colcon.colcon_core.shell:Creating package script '/home/aa274/autonomy_ws/src/AA174aSection/install/s2_basic/share/s2_basic/package.ps1'
[1.933s] INFO:colcon.colcon_core.shell:Creating package descriptor '/home/aa274/autonomy_ws/src/AA174aSection/install/s2_basic/share/s2_basic/package.dsv'
[1.938s] INFO:colcon.colcon_core.shell:Creating package script '/home/aa274/autonomy_ws/src/AA174aSection/install/s2_basic/share/s2_basic/package.sh'
[1.942s] INFO:colcon.colcon_core.shell:Creating package script '/home/aa274/autonomy_ws/src/AA174aSection/install/s2_basic/share/s2_basic/package.bash'
[1.944s] INFO:colcon.colcon_core.shell:Creating package script '/home/aa274/autonomy_ws/src/AA174aSection/install/s2_basic/share/s2_basic/package.zsh'
[1.945s] Level 1:colcon.colcon_core.environment:create_file_with_runtime_dependencies(/home/aa274/autonomy_ws/src/AA174aSection/install/s2_basic/share/colcon-core/packages/s2_basic)
[1.948s] Level 1:colcon.colcon_core.environment:create_environment_scripts_only(autonomy_repo)
[1.949s] Level 1:colcon.colcon_core.environment:checking '/home/aa274/autonomy_ws/src/AA174aSection/install/autonomy_repo' for CMake module files
[1.952s] Level 1:colcon.colcon_core.environment:checking '/home/aa274/autonomy_ws/src/AA174aSection/install/autonomy_repo' for CMake config files
[1.954s] Level 1:colcon.colcon_core.shell:create_environment_hook('autonomy_repo', 'cmake_prefix_path')
[1.957s] INFO:colcon.colcon_core.shell:Creating environment hook '/home/aa274/autonomy_ws/src/AA174aSection/install/autonomy_repo/share/autonomy_repo/hook/cmake_prefix_path.ps1'
[1.961s] INFO:colcon.colcon_core.shell:Creating environment descriptor '/home/aa274/autonomy_ws/src/AA174aSection/install/autonomy_repo/share/autonomy_repo/hook/cmake_prefix_path.dsv'
[1.962s] INFO:colcon.colcon_core.shell:Creating environment hook '/home/aa274/autonomy_ws/src/AA174aSection/install/autonomy_repo/share/autonomy_repo/hook/cmake_prefix_path.sh'
[1.964s] Level 1:colcon.colcon_core.environment:checking '/home/aa274/autonomy_ws/src/AA174aSection/install/autonomy_repo/lib'
[1.965s] Level 1:colcon.colcon_core.environment:checking '/home/aa274/autonomy_ws/src/AA174aSection/install/autonomy_repo/bin'
[1.965s] Level 1:colcon.colcon_core.environment:checking '/home/aa274/autonomy_ws/src/AA174aSection/install/autonomy_repo/lib/pkgconfig/autonomy_repo.pc'
[1.965s] Level 1:colcon.colcon_core.environment:checking '/home/aa274/autonomy_ws/src/AA174aSection/install/autonomy_repo/lib/python3.10/site-packages'
[1.966s] Level 1:colcon.colcon_core.environment:checking '/home/aa274/autonomy_ws/src/AA174aSection/install/autonomy_repo/bin'
[1.970s] INFO:colcon.colcon_core.shell:Creating package script '/home/aa274/autonomy_ws/src/AA174aSection/install/autonomy_repo/share/autonomy_repo/package.ps1'
[1.975s] INFO:colcon.colcon_core.shell:Creating package descriptor '/home/aa274/autonomy_ws/src/AA174aSection/install/autonomy_repo/share/autonomy_repo/package.dsv'
[1.977s] INFO:colcon.colcon_core.shell:Creating package script '/home/aa274/autonomy_ws/src/AA174aSection/install/autonomy_repo/share/autonomy_repo/package.sh'
[1.978s] INFO:colcon.colcon_core.shell:Creating package script '/home/aa274/autonomy_ws/src/AA174aSection/install/autonomy_repo/share/autonomy_repo/package.bash'
[1.980s] INFO:colcon.colcon_core.shell:Creating package script '/home/aa274/autonomy_ws/src/AA174aSection/install/autonomy_repo/share/autonomy_repo/package.zsh'
[1.981s] Level 1:colcon.colcon_core.environment:create_file_with_runtime_dependencies(/home/aa274/autonomy_ws/src/AA174aSection/install/autonomy_repo/share/colcon-core/packages/autonomy_repo)
[1.990s] Level 1:colcon.colcon_core.environment:create_environment_scripts_only(s3_basic)
[1.992s] Level 1:colcon.colcon_core.environment:checking '/home/aa274/autonomy_ws/src/AA174aSection/install/s3_basic' for CMake module files
[1.995s] Level 1:colcon.colcon_core.environment:checking '/home/aa274/autonomy_ws/src/AA174aSection/install/s3_basic' for CMake config files
[1.995s] Level 1:colcon.colcon_core.shell:create_environment_hook('s3_basic', 'cmake_prefix_path')
[1.996s] INFO:colcon.colcon_core.shell:Creating environment hook '/home/aa274/autonomy_ws/src/AA174aSection/install/s3_basic/share/s3_basic/hook/cmake_prefix_path.ps1'
[1.997s] INFO:colcon.colcon_core.shell:Creating environment descriptor '/home/aa274/autonomy_ws/src/AA174aSection/install/s3_basic/share/s3_basic/hook/cmake_prefix_path.dsv'
[1.998s] INFO:colcon.colcon_core.shell:Creating environment hook '/home/aa274/autonomy_ws/src/AA174aSection/install/s3_basic/share/s3_basic/hook/cmake_prefix_path.sh'
[2.001s] Level 1:colcon.colcon_core.environment:checking '/home/aa274/autonomy_ws/src/AA174aSection/install/s3_basic/lib'
[2.002s] Level 1:colcon.colcon_core.environment:checking '/home/aa274/autonomy_ws/src/AA174aSection/install/s3_basic/bin'
[2.003s] Level 1:colcon.colcon_core.environment:checking '/home/aa274/autonomy_ws/src/AA174aSection/install/s3_basic/lib/pkgconfig/s3_basic.pc'
[2.006s] Level 1:colcon.colcon_core.environment:checking '/home/aa274/autonomy_ws/src/AA174aSection/install/s3_basic/lib/python3.10/site-packages'
[2.008s] Level 1:colcon.colcon_core.environment:checking '/home/aa274/autonomy_ws/src/AA174aSection/install/s3_basic/bin'
[2.009s] INFO:colcon.colcon_core.shell:Creating package script '/home/aa274/autonomy_ws/src/AA174aSection/install/s3_basic/share/s3_basic/package.ps1'
[2.012s] INFO:colcon.colcon_core.shell:Creating package descriptor '/home/aa274/autonomy_ws/src/AA174aSection/install/s3_basic/share/s3_basic/package.dsv'
[2.014s] INFO:colcon.colcon_core.shell:Creating package script '/home/aa274/autonomy_ws/src/AA174aSection/install/s3_basic/share/s3_basic/package.sh'
[2.015s] INFO:colcon.colcon_core.shell:Creating package script '/home/aa274/autonomy_ws/src/AA174aSection/install/s3_basic/share/s3_basic/package.bash'
[2.020s] INFO:colcon.colcon_core.shell:Creating package script '/home/aa274/autonomy_ws/src/AA174aSection/install/s3_basic/share/s3_basic/package.zsh'
[2.024s] Level 1:colcon.colcon_core.environment:create_file_with_runtime_dependencies(/home/aa274/autonomy_ws/src/AA174aSection/install/s3_basic/share/colcon-core/packages/s3_basic)
[2.025s] DEBUG:colcon.colcon_parallel_executor.executor.parallel:closing loop
[2.026s] DEBUG:colcon.colcon_parallel_executor.executor.parallel:loop closed
[2.026s] DEBUG:colcon.colcon_parallel_executor.executor.parallel:run_until_complete finished with '0'
[2.027s] DEBUG:colcon.colcon_core.event_reactor:joining thread
[2.050s] INFO:colcon.colcon_core.plugin_system:Skipping extension 'colcon_notification.desktop_notification.terminal_notifier': Not used on non-Darwin systems
[2.051s] INFO:colcon.colcon_core.plugin_system:Skipping extension 'colcon_notification.desktop_notification.win32': Not used on non-Windows systems
[2.052s] INFO:colcon.colcon_notification.desktop_notification:Sending desktop notification using 'notify2'
[2.100s] DEBUG:colcon.colcon_core.event_reactor:joined thread
[2.101s] INFO:colcon.colcon_core.shell:Creating prefix script '/home/aa274/autonomy_ws/src/AA174aSection/install/local_setup.ps1'
[2.104s] INFO:colcon.colcon_core.shell:Creating prefix util module '/home/aa274/autonomy_ws/src/AA174aSection/install/_local_setup_util_ps1.py'
[2.109s] INFO:colcon.colcon_core.shell:Creating prefix chain script '/home/aa274/autonomy_ws/src/AA174aSection/install/setup.ps1'
[2.115s] INFO:colcon.colcon_core.shell:Creating prefix script '/home/aa274/autonomy_ws/src/AA174aSection/install/local_setup.sh'
[2.118s] INFO:colcon.colcon_core.shell:Creating prefix util module '/home/aa274/autonomy_ws/src/AA174aSection/install/_local_setup_util_sh.py'
[2.121s] INFO:colcon.colcon_core.shell:Creating prefix chain script '/home/aa274/autonomy_ws/src/AA174aSection/install/setup.sh'
[2.128s] INFO:colcon.colcon_core.shell:Creating prefix script '/home/aa274/autonomy_ws/src/AA174aSection/install/local_setup.bash'
[2.133s] INFO:colcon.colcon_core.shell:Creating prefix chain script '/home/aa274/autonomy_ws/src/AA174aSection/install/setup.bash'
[2.142s] INFO:colcon.colcon_core.shell:Creating prefix script '/home/aa274/autonomy_ws/src/AA174aSection/install/local_setup.zsh'
[2.143s] INFO:colcon.colcon_core.shell:Creating prefix chain script '/home/aa274/autonomy_ws/src/AA174aSection/install/setup.zsh'
