[0.093s] Invoking command in '/home/aa274/autonomy_ws/src/AA174aSection/build/s2_basic': CMAKE_PREFIX_PATH=${CMAKE_PREFIX_PATH}:/opt/ros/humble /usr/bin/cmake --build /home/aa274/autonomy_ws/src/AA174aSection/build/s2_basic -- -j8 -l8
[0.247s] Invoked command in '/home/aa274/autonomy_ws/src/AA174aSection/build/s2_basic' returned '0': CMAKE_PREFIX_PATH=${CMAKE_PREFIX_PATH}:/opt/ros/humble /usr/bin/cmake --build /home/aa274/autonomy_ws/src/AA174aSection/build/s2_basic -- -j8 -l8
[0.360s] Invoking command in '/home/aa274/autonomy_ws/src/AA174aSection/build/s2_basic': CMAKE_PREFIX_PATH=${CMAKE_PREFIX_PATH}:/opt/ros/humble /usr/bin/cmake --install /home/aa274/autonomy_ws/src/AA174aSection/build/s2_basic
[0.386s] -- Install configuration: "RelWithDebInfo"
[0.386s] -- Up-to-date: /home/aa274/autonomy_ws/src/AA174aSection/install/s2_basic/lib/s2_basic/constant_control.py
[0.388s] -- Execute custom install script
[0.388s] -- Up-to-date symlink: /home/aa274/autonomy_ws/src/AA174aSection/install/s2_basic/share/ament_index/resource_index/package_run_dependencies/s2_basic
[0.389s] -- Up-to-date symlink: /home/aa274/autonomy_ws/src/AA174aSection/install/s2_basic/share/ament_index/resource_index/parent_prefix_path/s2_basic
[0.389s] -- Up-to-date symlink: /home/aa274/autonomy_ws/src/AA174aSection/install/s2_basic/share/s2_basic/environment/ament_prefix_path.sh
[0.390s] -- Up-to-date symlink: /home/aa274/autonomy_ws/src/AA174aSection/install/s2_basic/share/s2_basic/environment/ament_prefix_path.dsv
[0.391s] -- Up-to-date symlink: /home/aa274/autonomy_ws/src/AA174aSection/install/s2_basic/share/s2_basic/environment/path.sh
[0.395s] -- Up-to-date symlink: /home/aa274/autonomy_ws/src/AA174aSection/install/s2_basic/share/s2_basic/environment/path.dsv
[0.395s] -- Up-to-date symlink: /home/aa274/autonomy_ws/src/AA174aSection/install/s2_basic/share/s2_basic/local_setup.bash
[0.396s] -- Up-to-date symlink: /home/aa274/autonomy_ws/src/AA174aSection/install/s2_basic/share/s2_basic/local_setup.sh
[0.396s] -- Up-to-date symlink: /home/aa274/autonomy_ws/src/AA174aSection/install/s2_basic/share/s2_basic/local_setup.zsh
[0.396s] -- Up-to-date symlink: /home/aa274/autonomy_ws/src/AA174aSection/install/s2_basic/share/s2_basic/local_setup.dsv
[0.396s] -- Symlinking: /home/aa274/autonomy_ws/src/AA174aSection/install/s2_basic/share/s2_basic/package.dsv
[0.428s] -- Up-to-date symlink: /home/aa274/autonomy_ws/src/AA174aSection/install/s2_basic/share/ament_index/resource_index/packages/s2_basic
[0.433s] -- Up-to-date symlink: /home/aa274/autonomy_ws/src/AA174aSection/install/s2_basic/share/s2_basic/cmake/s2_basicConfig.cmake
[0.433s] -- Up-to-date symlink: /home/aa274/autonomy_ws/src/AA174aSection/install/s2_basic/share/s2_basic/cmake/s2_basicConfig-version.cmake
[0.436s] -- Up-to-date symlink: /home/aa274/autonomy_ws/src/AA174aSection/install/s2_basic/share/s2_basic/package.xml
[0.446s] Invoked command in '/home/aa274/autonomy_ws/src/AA174aSection/build/s2_basic' returned '0': CMAKE_PREFIX_PATH=${CMAKE_PREFIX_PATH}:/opt/ros/humble /usr/bin/cmake --install /home/aa274/autonomy_ws/src/AA174aSection/build/s2_basic
