[0.032s] Invoking command in '/home/aa274/autonomy_ws/src/AA174aSection/s3_basic/build/s3_basic': CMAKE_PREFIX_PATH=${CMAKE_PREFIX_PATH}:/opt/ros/humble /usr/bin/cmake /home/aa274/autonomy_ws/src/AA174aSection/s3_basic -DCMAKE_INSTALL_PREFIX=/home/aa274/autonomy_ws/src/AA174aSection/s3_basic/install/s3_basic
[0.153s] -- The C compiler identification is GNU 11.4.0
[0.287s] -- The CXX compiler identification is GNU 11.4.0
[0.304s] -- Detecting C compiler ABI info
[0.467s] -- Detecting C compiler ABI info - done
[0.485s] -- Check for working C compiler: /usr/bin/cc - skipped
[0.485s] -- Detecting C compile features
[0.487s] -- Detecting C compile features - done
[0.494s] -- Detecting CXX compiler ABI info
[0.680s] -- Detecting CXX compiler ABI info - done
[0.708s] -- Check for working CXX compiler: /usr/bin/c++ - skipped
[0.709s] -- Detecting CXX compile features
[0.710s] -- Detecting CXX compile features - done
[0.716s] -- Found ament_cmake: 1.3.10 (/opt/ros/humble/share/ament_cmake/cmake)
[1.225s] -- Found Python3: /usr/bin/python3 (found version "3.10.12") found components: Interpreter 
[1.533s] -- Found ament_lint_auto: 0.12.11 (/opt/ros/humble/share/ament_lint_auto/cmake)
[1.804s] -- Added test 'cppcheck' to perform static code analysis on C / C++ code
[1.804s] -- Configured cppcheck include dirs: 
[1.805s] -- Configured cppcheck exclude dirs and/or files: 
[1.808s] -- Added test 'flake8' to check Python code syntax and style conventions
[1.813s] -- Added test 'lint_cmake' to check CMake code style
[1.815s] -- Added test 'pep257' to check Python code against some of the docstring style conventions in PEP 257
[1.834s] -- Added test 'uncrustify' to check C / C++ code style
[1.835s] -- Configured uncrustify additional arguments: 
[1.840s] -- Added test 'xmllint' to check XML markup files
[1.848s] -- Configuring done
[1.849s] -- Generating done
[1.851s] -- Build files have been written to: /home/aa274/autonomy_ws/src/AA174aSection/s3_basic/build/s3_basic
[1.864s] Invoked command in '/home/aa274/autonomy_ws/src/AA174aSection/s3_basic/build/s3_basic' returned '0': CMAKE_PREFIX_PATH=${CMAKE_PREFIX_PATH}:/opt/ros/humble /usr/bin/cmake /home/aa274/autonomy_ws/src/AA174aSection/s3_basic -DCMAKE_INSTALL_PREFIX=/home/aa274/autonomy_ws/src/AA174aSection/s3_basic/install/s3_basic
[1.871s] Invoking command in '/home/aa274/autonomy_ws/src/AA174aSection/s3_basic/build/s3_basic': CMAKE_PREFIX_PATH=${CMAKE_PREFIX_PATH}:/opt/ros/humble /usr/bin/cmake --build /home/aa274/autonomy_ws/src/AA174aSection/s3_basic/build/s3_basic -- -j8 -l8
[1.949s] Invoked command in '/home/aa274/autonomy_ws/src/AA174aSection/s3_basic/build/s3_basic' returned '0': CMAKE_PREFIX_PATH=${CMAKE_PREFIX_PATH}:/opt/ros/humble /usr/bin/cmake --build /home/aa274/autonomy_ws/src/AA174aSection/s3_basic/build/s3_basic -- -j8 -l8
[2.016s] Invoking command in '/home/aa274/autonomy_ws/src/AA174aSection/s3_basic/build/s3_basic': CMAKE_PREFIX_PATH=${CMAKE_PREFIX_PATH}:/opt/ros/humble /usr/bin/cmake --install /home/aa274/autonomy_ws/src/AA174aSection/s3_basic/build/s3_basic
[2.030s] -- Install configuration: ""
[2.030s] -- Installing: /home/aa274/autonomy_ws/src/AA174aSection/s3_basic/install/s3_basic/lib/s3_basic/constant_control.py
[2.031s] -- Installing: /home/aa274/autonomy_ws/src/AA174aSection/s3_basic/install/s3_basic/share/ament_index/resource_index/package_run_dependencies/s3_basic
[2.031s] -- Installing: /home/aa274/autonomy_ws/src/AA174aSection/s3_basic/install/s3_basic/share/ament_index/resource_index/parent_prefix_path/s3_basic
[2.032s] -- Installing: /home/aa274/autonomy_ws/src/AA174aSection/s3_basic/install/s3_basic/share/s3_basic/environment/ament_prefix_path.sh
[2.032s] -- Installing: /home/aa274/autonomy_ws/src/AA174aSection/s3_basic/install/s3_basic/share/s3_basic/environment/ament_prefix_path.dsv
[2.032s] -- Installing: /home/aa274/autonomy_ws/src/AA174aSection/s3_basic/install/s3_basic/share/s3_basic/environment/path.sh
[2.032s] -- Installing: /home/aa274/autonomy_ws/src/AA174aSection/s3_basic/install/s3_basic/share/s3_basic/environment/path.dsv
[2.033s] -- Installing: /home/aa274/autonomy_ws/src/AA174aSection/s3_basic/install/s3_basic/share/s3_basic/local_setup.bash
[2.033s] -- Installing: /home/aa274/autonomy_ws/src/AA174aSection/s3_basic/install/s3_basic/share/s3_basic/local_setup.sh
[2.033s] -- Installing: /home/aa274/autonomy_ws/src/AA174aSection/s3_basic/install/s3_basic/share/s3_basic/local_setup.zsh
[2.034s] -- Installing: /home/aa274/autonomy_ws/src/AA174aSection/s3_basic/install/s3_basic/share/s3_basic/local_setup.dsv
[2.034s] -- Installing: /home/aa274/autonomy_ws/src/AA174aSection/s3_basic/install/s3_basic/share/s3_basic/package.dsv
[2.034s] -- Installing: /home/aa274/autonomy_ws/src/AA174aSection/s3_basic/install/s3_basic/share/ament_index/resource_index/packages/s3_basic
[2.034s] -- Installing: /home/aa274/autonomy_ws/src/AA174aSection/s3_basic/install/s3_basic/share/s3_basic/cmake/s3_basicConfig.cmake
[2.035s] -- Installing: /home/aa274/autonomy_ws/src/AA174aSection/s3_basic/install/s3_basic/share/s3_basic/cmake/s3_basicConfig-version.cmake
[2.035s] -- Installing: /home/aa274/autonomy_ws/src/AA174aSection/s3_basic/install/s3_basic/share/s3_basic/package.xml
[2.039s] Invoked command in '/home/aa274/autonomy_ws/src/AA174aSection/s3_basic/build/s3_basic' returned '0': CMAKE_PREFIX_PATH=${CMAKE_PREFIX_PATH}:/opt/ros/humble /usr/bin/cmake --install /home/aa274/autonomy_ws/src/AA174aSection/s3_basic/build/s3_basic
