[0.050s] Invoking command in '/home/aa274/autonomy_ws/src/AA174aSection/build/s3_basic': CMAKE_PREFIX_PATH=${CMAKE_PREFIX_PATH}:/opt/ros/humble /usr/bin/cmake --build /home/aa274/autonomy_ws/src/AA174aSection/build/s3_basic -- -j8 -l8
[0.162s] Invoked command in '/home/aa274/autonomy_ws/src/AA174aSection/build/s3_basic' returned '0': CMAKE_PREFIX_PATH=${CMAKE_PREFIX_PATH}:/opt/ros/humble /usr/bin/cmake --build /home/aa274/autonomy_ws/src/AA174aSection/build/s3_basic -- -j8 -l8
[0.238s] Invoking command in '/home/aa274/autonomy_ws/src/AA174aSection/build/s3_basic': CMAKE_PREFIX_PATH=${CMAKE_PREFIX_PATH}:/opt/ros/humble /usr/bin/cmake --install /home/aa274/autonomy_ws/src/AA174aSection/build/s3_basic
[0.258s] -- Install configuration: "RelWithDebInfo"
[0.262s] -- Execute custom install script
[0.263s] -- Up-to-date symlink: /home/aa274/autonomy_ws/src/AA174aSection/install/s3_basic/lib/s3_basic/constant_control.py
[0.263s] -- Up-to-date symlink: /home/aa274/autonomy_ws/src/AA174aSection/install/s3_basic/share/s3_basic/launch/section3.launch.py
[0.264s] -- Up-to-date symlink: /home/aa274/autonomy_ws/src/AA174aSection/install/s3_basic/share/s3_basic/rviz/section3.rvize.rviz
[0.264s] -- Up-to-date symlink: /home/aa274/autonomy_ws/src/AA174aSection/install/s3_basic/share/ament_index/resource_index/package_run_dependencies/s3_basic
[0.265s] -- Up-to-date symlink: /home/aa274/autonomy_ws/src/AA174aSection/install/s3_basic/share/ament_index/resource_index/parent_prefix_path/s3_basic
[0.266s] -- Up-to-date symlink: /home/aa274/autonomy_ws/src/AA174aSection/install/s3_basic/share/s3_basic/environment/ament_prefix_path.sh
[0.267s] -- Up-to-date symlink: /home/aa274/autonomy_ws/src/AA174aSection/install/s3_basic/share/s3_basic/environment/ament_prefix_path.dsv
[0.268s] -- Up-to-date symlink: /home/aa274/autonomy_ws/src/AA174aSection/install/s3_basic/share/s3_basic/environment/path.sh
[0.268s] -- Up-to-date symlink: /home/aa274/autonomy_ws/src/AA174aSection/install/s3_basic/share/s3_basic/environment/path.dsv
[0.268s] -- Up-to-date symlink: /home/aa274/autonomy_ws/src/AA174aSection/install/s3_basic/share/s3_basic/local_setup.bash
[0.269s] -- Up-to-date symlink: /home/aa274/autonomy_ws/src/AA174aSection/install/s3_basic/share/s3_basic/local_setup.sh
[0.269s] -- Up-to-date symlink: /home/aa274/autonomy_ws/src/AA174aSection/install/s3_basic/share/s3_basic/local_setup.zsh
[0.270s] -- Up-to-date symlink: /home/aa274/autonomy_ws/src/AA174aSection/install/s3_basic/share/s3_basic/local_setup.dsv
[0.270s] -- Symlinking: /home/aa274/autonomy_ws/src/AA174aSection/install/s3_basic/share/s3_basic/package.dsv
[0.286s] -- Up-to-date symlink: /home/aa274/autonomy_ws/src/AA174aSection/install/s3_basic/share/ament_index/resource_index/packages/s3_basic
[0.286s] -- Up-to-date symlink: /home/aa274/autonomy_ws/src/AA174aSection/install/s3_basic/share/s3_basic/cmake/s3_basicConfig.cmake
[0.286s] -- Up-to-date symlink: /home/aa274/autonomy_ws/src/AA174aSection/install/s3_basic/share/s3_basic/cmake/s3_basicConfig-version.cmake
[0.286s] -- Up-to-date symlink: /home/aa274/autonomy_ws/src/AA174aSection/install/s3_basic/share/s3_basic/package.xml
[0.343s] Invoked command in '/home/aa274/autonomy_ws/src/AA174aSection/build/s3_basic' returned '0': CMAKE_PREFIX_PATH=${CMAKE_PREFIX_PATH}:/opt/ros/humble /usr/bin/cmake --install /home/aa274/autonomy_ws/src/AA174aSection/build/s3_basic
