[0.049s] Invoking command in '/home/aa274/autonomy_ws/src/AA174aSection/build/s3_basic': CMAKE_PREFIX_PATH=${CMAKE_PREFIX_PATH}:/opt/ros/humble /usr/bin/cmake --build /home/aa274/autonomy_ws/src/AA174aSection/build/s3_basic -- -j8 -l8
[0.191s] Invoked command in '/home/aa274/autonomy_ws/src/AA174aSection/build/s3_basic' returned '0': CMAKE_PREFIX_PATH=${CMAKE_PREFIX_PATH}:/opt/ros/humble /usr/bin/cmake --build /home/aa274/autonomy_ws/src/AA174aSection/build/s3_basic -- -j8 -l8
[0.296s] Invoking command in '/home/aa274/autonomy_ws/src/AA174aSection/build/s3_basic': CMAKE_PREFIX_PATH=${CMAKE_PREFIX_PATH}:/opt/ros/humble /usr/bin/cmake --install /home/aa274/autonomy_ws/src/AA174aSection/build/s3_basic
[0.322s] -- Install configuration: "RelWithDebInfo"
[0.323s] -- Execute custom install script
[0.324s] -- Up-to-date symlink: /home/aa274/autonomy_ws/src/AA174aSection/install/s3_basic/lib/s3_basic/constant_control.py
[0.325s] -- Up-to-date symlink: /home/aa274/autonomy_ws/src/AA174aSection/install/s3_basic/share/s3_basic/launch/section3.launch.py
[0.326s] -- Up-to-date symlink: /home/aa274/autonomy_ws/src/AA174aSection/install/s3_basic/share/s3_basic/rviz/section3.rvize.rviz
[0.326s] -- Up-to-date symlink: /home/aa274/autonomy_ws/src/AA174aSection/install/s3_basic/share/ament_index/resource_index/package_run_dependencies/s3_basic
[0.326s] -- Up-to-date symlink: /home/aa274/autonomy_ws/src/AA174aSection/install/s3_basic/share/ament_index/resource_index/parent_prefix_path/s3_basic
[0.327s] -- Up-to-date symlink: /home/aa274/autonomy_ws/src/AA174aSection/install/s3_basic/share/s3_basic/environment/ament_prefix_path.sh
[0.328s] -- Up-to-date symlink: /home/aa274/autonomy_ws/src/AA174aSection/install/s3_basic/share/s3_basic/environment/ament_prefix_path.dsv
[0.328s] -- Up-to-date symlink: /home/aa274/autonomy_ws/src/AA174aSection/install/s3_basic/share/s3_basic/environment/path.sh
[0.329s] -- Up-to-date symlink: /home/aa274/autonomy_ws/src/AA174aSection/install/s3_basic/share/s3_basic/environment/path.dsv
[0.329s] -- Up-to-date symlink: /home/aa274/autonomy_ws/src/AA174aSection/install/s3_basic/share/s3_basic/local_setup.bash
[0.329s] -- Up-to-date symlink: /home/aa274/autonomy_ws/src/AA174aSection/install/s3_basic/share/s3_basic/local_setup.sh
[0.330s] -- Up-to-date symlink: /home/aa274/autonomy_ws/src/AA174aSection/install/s3_basic/share/s3_basic/local_setup.zsh
[0.330s] -- Up-to-date symlink: /home/aa274/autonomy_ws/src/AA174aSection/install/s3_basic/share/s3_basic/local_setup.dsv
[0.330s] -- Symlinking: /home/aa274/autonomy_ws/src/AA174aSection/install/s3_basic/share/s3_basic/package.dsv
[0.363s] -- Up-to-date symlink: /home/aa274/autonomy_ws/src/AA174aSection/install/s3_basic/share/ament_index/resource_index/packages/s3_basic
[0.363s] -- Up-to-date symlink: /home/aa274/autonomy_ws/src/AA174aSection/install/s3_basic/share/s3_basic/cmake/s3_basicConfig.cmake
[0.363s] -- Up-to-date symlink: /home/aa274/autonomy_ws/src/AA174aSection/install/s3_basic/share/s3_basic/cmake/s3_basicConfig-version.cmake
[0.364s] -- Up-to-date symlink: /home/aa274/autonomy_ws/src/AA174aSection/install/s3_basic/share/s3_basic/package.xml
[0.425s] Invoked command in '/home/aa274/autonomy_ws/src/AA174aSection/build/s3_basic' returned '0': CMAKE_PREFIX_PATH=${CMAKE_PREFIX_PATH}:/opt/ros/humble /usr/bin/cmake --install /home/aa274/autonomy_ws/src/AA174aSection/build/s3_basic
