[0.068s] Invoking command in '/home/aa274/autonomy_ws/src/AA174aSection/build/s2_basic': CMAKE_PREFIX_PATH=${CMAKE_PREFIX_PATH}:/opt/ros/humble /usr/bin/cmake --build /home/aa274/autonomy_ws/src/AA174aSection/build/s2_basic -- -j8 -l8
[0.178s] Invoked command in '/home/aa274/autonomy_ws/src/AA174aSection/build/s2_basic' returned '0': CMAKE_PREFIX_PATH=${CMAKE_PREFIX_PATH}:/opt/ros/humble /usr/bin/cmake --build /home/aa274/autonomy_ws/src/AA174aSection/build/s2_basic -- -j8 -l8
[0.280s] Invoking command in '/home/aa274/autonomy_ws/src/AA174aSection/build/s2_basic': CMAKE_PREFIX_PATH=${CMAKE_PREFIX_PATH}:/opt/ros/humble /usr/bin/cmake --install /home/aa274/autonomy_ws/src/AA174aSection/build/s2_basic
[0.301s] -- Install configuration: "RelWithDebInfo"
[0.301s] -- Up-to-date: /home/aa274/autonomy_ws/src/AA174aSection/install/s2_basic/lib/s2_basic/constant_control.py
[0.303s] -- Execute custom install script
[0.308s] -- Up-to-date symlink: /home/aa274/autonomy_ws/src/AA174aSection/install/s2_basic/share/ament_index/resource_index/package_run_dependencies/s2_basic
[0.312s] -- Up-to-date symlink: /home/aa274/autonomy_ws/src/AA174aSection/install/s2_basic/share/ament_index/resource_index/parent_prefix_path/s2_basic
[0.312s] -- Up-to-date symlink: /home/aa274/autonomy_ws/src/AA174aSection/install/s2_basic/share/s2_basic/environment/ament_prefix_path.sh
[0.313s] -- Up-to-date symlink: /home/aa274/autonomy_ws/src/AA174aSection/install/s2_basic/share/s2_basic/environment/ament_prefix_path.dsv
[0.314s] -- Up-to-date symlink: /home/aa274/autonomy_ws/src/AA174aSection/install/s2_basic/share/s2_basic/environment/path.sh
[0.315s] -- Up-to-date symlink: /home/aa274/autonomy_ws/src/AA174aSection/install/s2_basic/share/s2_basic/environment/path.dsv
[0.328s] -- Up-to-date symlink: /home/aa274/autonomy_ws/src/AA174aSection/install/s2_basic/share/s2_basic/local_setup.bash
[0.330s] -- Up-to-date symlink: /home/aa274/autonomy_ws/src/AA174aSection/install/s2_basic/share/s2_basic/local_setup.sh
[0.331s] -- Up-to-date symlink: /home/aa274/autonomy_ws/src/AA174aSection/install/s2_basic/share/s2_basic/local_setup.zsh
[0.331s] -- Up-to-date symlink: /home/aa274/autonomy_ws/src/AA174aSection/install/s2_basic/share/s2_basic/local_setup.dsv
[0.331s] -- Symlinking: /home/aa274/autonomy_ws/src/AA174aSection/install/s2_basic/share/s2_basic/package.dsv
[0.349s] -- Up-to-date symlink: /home/aa274/autonomy_ws/src/AA174aSection/install/s2_basic/share/ament_index/resource_index/packages/s2_basic
[0.353s] -- Up-to-date symlink: /home/aa274/autonomy_ws/src/AA174aSection/install/s2_basic/share/s2_basic/cmake/s2_basicConfig.cmake
[0.354s] -- Up-to-date symlink: /home/aa274/autonomy_ws/src/AA174aSection/install/s2_basic/share/s2_basic/cmake/s2_basicConfig-version.cmake
[0.359s] -- Up-to-date symlink: /home/aa274/autonomy_ws/src/AA174aSection/install/s2_basic/share/s2_basic/package.xml
[0.426s] Invoked command in '/home/aa274/autonomy_ws/src/AA174aSection/build/s2_basic' returned '0': CMAKE_PREFIX_PATH=${CMAKE_PREFIX_PATH}:/opt/ros/humble /usr/bin/cmake --install /home/aa274/autonomy_ws/src/AA174aSection/build/s2_basic
