[0.645s] DEBUG:colcon:Command line arguments: ['/usr/bin/colcon', 'build']
[0.645s] DEBUG:colcon:Parsed command line arguments: Namespace(log_base=None, log_level=None, verb_name='build', build_base='build', install_base='install', merge_install=False, symlink_install=True, test_result_base=None, continue_on_error=False, executor='parallel', parallel_workers=8, event_handlers=None, ignore_user_meta=False, metas=['./colcon.meta'], base_paths=['.'], packages_ignore=None, packages_ignore_regex=None, paths=None, packages_up_to=None, packages_up_to_regex=None, packages_above=None, packages_above_and_dependencies=None, packages_above_depth=None, packages_select_by_dep=None, packages_skip_by_dep=None, packages_skip_up_to=None, packages_select_build_failed=False, packages_skip_build_finished=False, packages_select_test_failures=False, packages_skip_test_passed=False, packages_select=None, packages_skip=None, packages_select_regex=None, packages_skip_regex=None, packages_start=None, packages_end=None, allow_overriding=[], cmake_args=['-DCMAKE_EXPORT_COMPILE_COMMANDS=ON', '-DCMAKE_BUILD_TYPE=RelWithDebInfo'], cmake_target=None, cmake_target_skip_unavailable=False, cmake_clean_cache=False, cmake_clean_first=False, cmake_force_configure=False, ament_cmake_args=None, catkin_cmake_args=None, catkin_skip_building_tests=False, mixin_files=None, mixin=None, verb_parser=<colcon_mixin.mixin.mixin_argument.MixinArgumentDecorator object at 0x77b7fb1e2500>, verb_extension=<colcon_core.verb.build.BuildVerb object at 0x77b7fb1e1e70>, main=<bound method BuildVerb.main of <colcon_core.verb.build.BuildVerb object at 0x77b7fb1e1e70>>, mixin_verb=('build',))
[1.476s] Level 1:colcon.colcon_core.package_discovery:discover_packages(colcon_meta) check parameters
[1.477s] Level 1:colcon.colcon_core.package_discovery:discover_packages(recursive) check parameters
[1.477s] Level 1:colcon.colcon_core.package_discovery:discover_packages(ignore) check parameters
[1.478s] Level 1:colcon.colcon_core.package_discovery:discover_packages(path) check parameters
[1.478s] Level 1:colcon.colcon_core.package_discovery:discover_packages(colcon_meta) discover
[1.479s] Level 1:colcon.colcon_core.package_discovery:discover_packages(recursive) discover
[1.479s] INFO:colcon.colcon_core.package_discovery:Crawling recursively for packages in '/home/aa274/autonomy_ws/src/AA174aSection'
[1.480s] Level 1:colcon.colcon_core.package_identification:_identify(.) by extensions ['ignore', 'ignore_ament_install']
[1.480s] Level 1:colcon.colcon_core.package_identification:_identify(.) by extension 'ignore'
[1.481s] Level 1:colcon.colcon_core.package_identification:_identify(.) by extension 'ignore_ament_install'
[1.481s] Level 1:colcon.colcon_core.package_identification:_identify(.) by extensions ['colcon_pkg']
[1.481s] Level 1:colcon.colcon_core.package_identification:_identify(.) by extension 'colcon_pkg'
[1.481s] Level 1:colcon.colcon_core.package_identification:_identify(.) by extensions ['colcon_meta']
[1.481s] Level 1:colcon.colcon_core.package_identification:_identify(.) by extension 'colcon_meta'
[1.481s] Level 1:colcon.colcon_core.package_identification:_identify(.) by extensions ['ros']
[1.482s] Level 1:colcon.colcon_core.package_identification:_identify(.) by extension 'ros'
[1.535s] Level 1:colcon.colcon_core.package_identification:_identify(.) by extensions ['cmake', 'python']
[1.535s] Level 1:colcon.colcon_core.package_identification:_identify(.) by extension 'cmake'
[1.535s] Level 1:colcon.colcon_core.package_identification:_identify(.) by extension 'python'
[1.536s] Level 1:colcon.colcon_core.package_identification:_identify(.) by extensions ['python_setup_py']
[1.536s] Level 1:colcon.colcon_core.package_identification:_identify(.) by extension 'python_setup_py'
[1.536s] Level 1:colcon.colcon_core.package_identification:_identify(autonomy_repo) by extensions ['ignore', 'ignore_ament_install']
[1.536s] Level 1:colcon.colcon_core.package_identification:_identify(autonomy_repo) by extension 'ignore'
[1.536s] Level 1:colcon.colcon_core.package_identification:_identify(autonomy_repo) by extension 'ignore_ament_install'
[1.537s] Level 1:colcon.colcon_core.package_identification:_identify(autonomy_repo) by extensions ['colcon_pkg']
[1.537s] Level 1:colcon.colcon_core.package_identification:_identify(autonomy_repo) by extension 'colcon_pkg'
[1.537s] Level 1:colcon.colcon_core.package_identification:_identify(autonomy_repo) by extensions ['colcon_meta']
[1.537s] Level 1:colcon.colcon_core.package_identification:_identify(autonomy_repo) by extension 'colcon_meta'
[1.537s] Level 1:colcon.colcon_core.package_identification:_identify(autonomy_repo) by extensions ['ros']
[1.537s] Level 1:colcon.colcon_core.package_identification:_identify(autonomy_repo) by extension 'ros'
[1.546s] DEBUG:colcon.colcon_core.package_identification:Package 'autonomy_repo' with type 'ros.ament_cmake' and name 'autonomy_repo'
[1.547s] Level 1:colcon.colcon_core.package_identification:_identify(build) by extensions ['ignore', 'ignore_ament_install']
[1.549s] Level 1:colcon.colcon_core.package_identification:_identify(build) by extension 'ignore'
[1.550s] Level 1:colcon.colcon_core.package_identification:_identify(build) ignored
[1.551s] Level 1:colcon.colcon_core.package_identification:_identify(install) by extensions ['ignore', 'ignore_ament_install']
[1.553s] Level 1:colcon.colcon_core.package_identification:_identify(install) by extension 'ignore'
[1.554s] Level 1:colcon.colcon_core.package_identification:_identify(install) ignored
[1.554s] Level 1:colcon.colcon_core.package_identification:_identify(log) by extensions ['ignore', 'ignore_ament_install']
[1.554s] Level 1:colcon.colcon_core.package_identification:_identify(log) by extension 'ignore'
[1.555s] Level 1:colcon.colcon_core.package_identification:_identify(log) ignored
[1.555s] Level 1:colcon.colcon_core.package_identification:_identify(s2_basic) by extensions ['ignore', 'ignore_ament_install']
[1.555s] Level 1:colcon.colcon_core.package_identification:_identify(s2_basic) by extension 'ignore'
[1.555s] Level 1:colcon.colcon_core.package_identification:_identify(s2_basic) by extension 'ignore_ament_install'
[1.556s] Level 1:colcon.colcon_core.package_identification:_identify(s2_basic) by extensions ['colcon_pkg']
[1.556s] Level 1:colcon.colcon_core.package_identification:_identify(s2_basic) by extension 'colcon_pkg'
[1.556s] Level 1:colcon.colcon_core.package_identification:_identify(s2_basic) by extensions ['colcon_meta']
[1.556s] Level 1:colcon.colcon_core.package_identification:_identify(s2_basic) by extension 'colcon_meta'
[1.556s] Level 1:colcon.colcon_core.package_identification:_identify(s2_basic) by extensions ['ros']
[1.556s] Level 1:colcon.colcon_core.package_identification:_identify(s2_basic) by extension 'ros'
[1.558s] DEBUG:colcon.colcon_core.package_identification:Package 's2_basic' with type 'ros.ament_cmake' and name 's2_basic'
[1.559s] Level 1:colcon.colcon_core.package_identification:_identify(s3_basic) by extensions ['ignore', 'ignore_ament_install']
[1.559s] Level 1:colcon.colcon_core.package_identification:_identify(s3_basic) by extension 'ignore'
[1.559s] Level 1:colcon.colcon_core.package_identification:_identify(s3_basic) by extension 'ignore_ament_install'
[1.559s] Level 1:colcon.colcon_core.package_identification:_identify(s3_basic) by extensions ['colcon_pkg']
[1.559s] Level 1:colcon.colcon_core.package_identification:_identify(s3_basic) by extension 'colcon_pkg'
[1.559s] Level 1:colcon.colcon_core.package_identification:_identify(s3_basic) by extensions ['colcon_meta']
[1.560s] Level 1:colcon.colcon_core.package_identification:_identify(s3_basic) by extension 'colcon_meta'
[1.560s] Level 1:colcon.colcon_core.package_identification:_identify(s3_basic) by extensions ['ros']
[1.560s] Level 1:colcon.colcon_core.package_identification:_identify(s3_basic) by extension 'ros'
[1.561s] DEBUG:colcon.colcon_core.package_identification:Package 's3_basic' with type 'ros.ament_cmake' and name 's3_basic'
[1.562s] Level 1:colcon.colcon_core.package_discovery:discover_packages(recursive) using defaults
[1.562s] Level 1:colcon.colcon_core.package_discovery:discover_packages(ignore) discover
[1.562s] Level 1:colcon.colcon_core.package_discovery:discover_packages(ignore) using defaults
[1.562s] Level 1:colcon.colcon_core.package_discovery:discover_packages(path) discover
[1.562s] Level 1:colcon.colcon_core.package_discovery:discover_packages(path) using defaults
[1.717s] Level 1:colcon.colcon_core.package_discovery:discover_packages(prefix_path) check parameters
[1.718s] Level 1:colcon.colcon_core.package_discovery:discover_packages(prefix_path) discover
[1.731s] DEBUG:colcon.colcon_installed_package_information.package_discovery:Found 3 installed packages in /home/aa274/autonomy_ws/install
[1.735s] DEBUG:colcon.colcon_installed_package_information.package_discovery:Found 18 installed packages in /home/aa274/tb_ws/install
[1.740s] DEBUG:colcon.colcon_installed_package_information.package_discovery:Found 240 installed packages in /opt/ros/humble
[1.748s] Level 1:colcon.colcon_core.package_discovery:discover_packages(prefix_path) using defaults
[1.896s] Level 5:colcon.colcon_core.verb:set package 'autonomy_repo' build argument 'cmake_args' from command line to '['-DCMAKE_EXPORT_COMPILE_COMMANDS=ON', '-DCMAKE_BUILD_TYPE=RelWithDebInfo']'
[1.896s] Level 5:colcon.colcon_core.verb:set package 'autonomy_repo' build argument 'cmake_target' from command line to 'None'
[1.896s] Level 5:colcon.colcon_core.verb:set package 'autonomy_repo' build argument 'cmake_target_skip_unavailable' from command line to 'False'
[1.896s] Level 5:colcon.colcon_core.verb:set package 'autonomy_repo' build argument 'cmake_clean_cache' from command line to 'False'
[1.896s] Level 5:colcon.colcon_core.verb:set package 'autonomy_repo' build argument 'cmake_clean_first' from command line to 'False'
[1.897s] Level 5:colcon.colcon_core.verb:set package 'autonomy_repo' build argument 'cmake_force_configure' from command line to 'False'
[1.897s] Level 5:colcon.colcon_core.verb:set package 'autonomy_repo' build argument 'ament_cmake_args' from command line to 'None'
[1.897s] Level 5:colcon.colcon_core.verb:set package 'autonomy_repo' build argument 'catkin_cmake_args' from command line to 'None'
[1.897s] Level 5:colcon.colcon_core.verb:set package 'autonomy_repo' build argument 'catkin_skip_building_tests' from command line to 'False'
[1.897s] DEBUG:colcon.colcon_core.verb:Building package 'autonomy_repo' with the following arguments: {'ament_cmake_args': None, 'build_base': '/home/aa274/autonomy_ws/src/AA174aSection/build/autonomy_repo', 'catkin_cmake_args': None, 'catkin_skip_building_tests': False, 'cmake_args': ['-DCMAKE_EXPORT_COMPILE_COMMANDS=ON', '-DCMAKE_BUILD_TYPE=RelWithDebInfo'], 'cmake_clean_cache': False, 'cmake_clean_first': False, 'cmake_force_configure': False, 'cmake_target': None, 'cmake_target_skip_unavailable': False, 'install_base': '/home/aa274/autonomy_ws/src/AA174aSection/install/autonomy_repo', 'merge_install': False, 'path': '/home/aa274/autonomy_ws/src/AA174aSection/autonomy_repo', 'symlink_install': True, 'test_result_base': None}
[1.898s] Level 5:colcon.colcon_core.verb:set package 's2_basic' build argument 'cmake_args' from command line to '['-DCMAKE_EXPORT_COMPILE_COMMANDS=ON', '-DCMAKE_BUILD_TYPE=RelWithDebInfo']'
[1.898s] Level 5:colcon.colcon_core.verb:set package 's2_basic' build argument 'cmake_target' from command line to 'None'
[1.898s] Level 5:colcon.colcon_core.verb:set package 's2_basic' build argument 'cmake_target_skip_unavailable' from command line to 'False'
[1.899s] Level 5:colcon.colcon_core.verb:set package 's2_basic' build argument 'cmake_clean_cache' from command line to 'False'
[1.899s] Level 5:colcon.colcon_core.verb:set package 's2_basic' build argument 'cmake_clean_first' from command line to 'False'
[1.899s] Level 5:colcon.colcon_core.verb:set package 's2_basic' build argument 'cmake_force_configure' from command line to 'False'
[1.899s] Level 5:colcon.colcon_core.verb:set package 's2_basic' build argument 'ament_cmake_args' from command line to 'None'
[1.899s] Level 5:colcon.colcon_core.verb:set package 's2_basic' build argument 'catkin_cmake_args' from command line to 'None'
[1.899s] Level 5:colcon.colcon_core.verb:set package 's2_basic' build argument 'catkin_skip_building_tests' from command line to 'False'
[1.899s] DEBUG:colcon.colcon_core.verb:Building package 's2_basic' with the following arguments: {'ament_cmake_args': None, 'build_base': '/home/aa274/autonomy_ws/src/AA174aSection/build/s2_basic', 'catkin_cmake_args': None, 'catkin_skip_building_tests': False, 'cmake_args': ['-DCMAKE_EXPORT_COMPILE_COMMANDS=ON', '-DCMAKE_BUILD_TYPE=RelWithDebInfo'], 'cmake_clean_cache': False, 'cmake_clean_first': False, 'cmake_force_configure': False, 'cmake_target': None, 'cmake_target_skip_unavailable': False, 'install_base': '/home/aa274/autonomy_ws/src/AA174aSection/install/s2_basic', 'merge_install': False, 'path': '/home/aa274/autonomy_ws/src/AA174aSection/s2_basic', 'symlink_install': True, 'test_result_base': None}
[1.900s] Level 5:colcon.colcon_core.verb:set package 's3_basic' build argument 'cmake_args' from command line to '['-DCMAKE_EXPORT_COMPILE_COMMANDS=ON', '-DCMAKE_BUILD_TYPE=RelWithDebInfo']'
[1.900s] Level 5:colcon.colcon_core.verb:set package 's3_basic' build argument 'cmake_target' from command line to 'None'
[1.900s] Level 5:colcon.colcon_core.verb:set package 's3_basic' build argument 'cmake_target_skip_unavailable' from command line to 'False'
[1.900s] Level 5:colcon.colcon_core.verb:set package 's3_basic' build argument 'cmake_clean_cache' from command line to 'False'
[1.900s] Level 5:colcon.colcon_core.verb:set package 's3_basic' build argument 'cmake_clean_first' from command line to 'False'
[1.900s] Level 5:colcon.colcon_core.verb:set package 's3_basic' build argument 'cmake_force_configure' from command line to 'False'
[1.900s] Level 5:colcon.colcon_core.verb:set package 's3_basic' build argument 'ament_cmake_args' from command line to 'None'
[1.901s] Level 5:colcon.colcon_core.verb:set package 's3_basic' build argument 'catkin_cmake_args' from command line to 'None'
[1.901s] Level 5:colcon.colcon_core.verb:set package 's3_basic' build argument 'catkin_skip_building_tests' from command line to 'False'
[1.901s] DEBUG:colcon.colcon_core.verb:Building package 's3_basic' with the following arguments: {'ament_cmake_args': None, 'build_base': '/home/aa274/autonomy_ws/src/AA174aSection/build/s3_basic', 'catkin_cmake_args': None, 'catkin_skip_building_tests': False, 'cmake_args': ['-DCMAKE_EXPORT_COMPILE_COMMANDS=ON', '-DCMAKE_BUILD_TYPE=RelWithDebInfo'], 'cmake_clean_cache': False, 'cmake_clean_first': False, 'cmake_force_configure': False, 'cmake_target': None, 'cmake_target_skip_unavailable': False, 'install_base': '/home/aa274/autonomy_ws/src/AA174aSection/install/s3_basic', 'merge_install': False, 'path': '/home/aa274/autonomy_ws/src/AA174aSection/s3_basic', 'symlink_install': True, 'test_result_base': None}
[1.901s] INFO:colcon.colcon_core.executor:Executing jobs using 'parallel' executor
[1.906s] DEBUG:colcon.colcon_parallel_executor.executor.parallel:run_until_complete
[1.909s] INFO:colcon.colcon_ros.task.ament_cmake.build:Building ROS package in '/home/aa274/autonomy_ws/src/AA174aSection/autonomy_repo' with build type 'ament_cmake'
[1.910s] INFO:colcon.colcon_cmake.task.cmake.build:Building CMake package in '/home/aa274/autonomy_ws/src/AA174aSection/autonomy_repo'
[1.918s] INFO:colcon.colcon_core.plugin_system:Skipping extension 'colcon_core.shell.bat': Not used on non-Windows systems
[1.918s] INFO:colcon.colcon_core.shell:Skip shell extension 'powershell' for command environment: Not usable outside of PowerShell
[1.918s] DEBUG:colcon.colcon_core.shell:Skip shell extension 'dsv' for command environment
[1.939s] INFO:colcon.colcon_ros.task.ament_cmake.build:Building ROS package in '/home/aa274/autonomy_ws/src/AA174aSection/s2_basic' with build type 'ament_cmake'
[1.941s] INFO:colcon.colcon_cmake.task.cmake.build:Building CMake package in '/home/aa274/autonomy_ws/src/AA174aSection/s2_basic'
[1.944s] INFO:colcon.colcon_core.shell:Skip shell extension 'powershell' for command environment: Not usable outside of PowerShell
[1.945s] DEBUG:colcon.colcon_core.shell:Skip shell extension 'dsv' for command environment
[1.965s] INFO:colcon.colcon_ros.task.ament_cmake.build:Building ROS package in '/home/aa274/autonomy_ws/src/AA174aSection/s3_basic' with build type 'ament_cmake'
[1.967s] INFO:colcon.colcon_cmake.task.cmake.build:Building CMake package in '/home/aa274/autonomy_ws/src/AA174aSection/s3_basic'
[1.969s] INFO:colcon.colcon_core.shell:Skip shell extension 'powershell' for command environment: Not usable outside of PowerShell
[1.969s] DEBUG:colcon.colcon_core.shell:Skip shell extension 'dsv' for command environment
[2.017s] DEBUG:colcon.colcon_core.event_handler.log_command:Invoking command in '/home/aa274/autonomy_ws/src/AA174aSection/build/autonomy_repo': CMAKE_PREFIX_PATH=${CMAKE_PREFIX_PATH}:/opt/ros/humble /usr/bin/cmake --build /home/aa274/autonomy_ws/src/AA174aSection/build/autonomy_repo -- -j8 -l8
[2.039s] DEBUG:colcon.colcon_core.event_handler.log_command:Invoking command in '/home/aa274/autonomy_ws/src/AA174aSection/build/s2_basic': CMAKE_PREFIX_PATH=${CMAKE_PREFIX_PATH}:/opt/ros/humble /usr/bin/cmake --build /home/aa274/autonomy_ws/src/AA174aSection/build/s2_basic -- -j8 -l8
[2.054s] DEBUG:colcon.colcon_core.event_handler.log_command:Invoking command in '/home/aa274/autonomy_ws/src/AA174aSection/build/s3_basic': CMAKE_PREFIX_PATH=${CMAKE_PREFIX_PATH}:/opt/ros/humble /usr/bin/cmake --build /home/aa274/autonomy_ws/src/AA174aSection/build/s3_basic -- -j8 -l8
[2.165s] DEBUG:colcon.colcon_core.event_handler.log_command:Invoked command in '/home/aa274/autonomy_ws/src/AA174aSection/build/autonomy_repo' returned '0': CMAKE_PREFIX_PATH=${CMAKE_PREFIX_PATH}:/opt/ros/humble /usr/bin/cmake --build /home/aa274/autonomy_ws/src/AA174aSection/build/autonomy_repo -- -j8 -l8
[2.180s] DEBUG:colcon.colcon_core.event_handler.log_command:Invoked command in '/home/aa274/autonomy_ws/src/AA174aSection/build/s2_basic' returned '0': CMAKE_PREFIX_PATH=${CMAKE_PREFIX_PATH}:/opt/ros/humble /usr/bin/cmake --build /home/aa274/autonomy_ws/src/AA174aSection/build/s2_basic -- -j8 -l8
[2.197s] DEBUG:colcon.colcon_core.event_handler.log_command:Invoked command in '/home/aa274/autonomy_ws/src/AA174aSection/build/s3_basic' returned '0': CMAKE_PREFIX_PATH=${CMAKE_PREFIX_PATH}:/opt/ros/humble /usr/bin/cmake --build /home/aa274/autonomy_ws/src/AA174aSection/build/s3_basic -- -j8 -l8
[2.291s] DEBUG:colcon.colcon_core.event_handler.log_command:Invoking command in '/home/aa274/autonomy_ws/src/AA174aSection/build/autonomy_repo': CMAKE_PREFIX_PATH=${CMAKE_PREFIX_PATH}:/opt/ros/humble /usr/bin/cmake --install /home/aa274/autonomy_ws/src/AA174aSection/build/autonomy_repo
[2.298s] DEBUG:colcon.colcon_core.event_handler.log_command:Invoking command in '/home/aa274/autonomy_ws/src/AA174aSection/build/s3_basic': CMAKE_PREFIX_PATH=${CMAKE_PREFIX_PATH}:/opt/ros/humble /usr/bin/cmake --install /home/aa274/autonomy_ws/src/AA174aSection/build/s3_basic
[2.301s] DEBUG:colcon.colcon_core.event_handler.log_command:Invoking command in '/home/aa274/autonomy_ws/src/AA174aSection/build/s2_basic': CMAKE_PREFIX_PATH=${CMAKE_PREFIX_PATH}:/opt/ros/humble /usr/bin/cmake --install /home/aa274/autonomy_ws/src/AA174aSection/build/s2_basic
[2.386s] Level 1:colcon.colcon_core.environment:create_environment_scripts_only(autonomy_repo)
[2.389s] DEBUG:colcon.colcon_core.event_handler.log_command:Invoked command in '/home/aa274/autonomy_ws/src/AA174aSection/build/autonomy_repo' returned '0': CMAKE_PREFIX_PATH=${CMAKE_PREFIX_PATH}:/opt/ros/humble /usr/bin/cmake --install /home/aa274/autonomy_ws/src/AA174aSection/build/autonomy_repo
[2.402s] Level 1:colcon.colcon_core.environment:checking '/home/aa274/autonomy_ws/src/AA174aSection/install/autonomy_repo' for CMake module files
[2.403s] Level 1:colcon.colcon_core.environment:checking '/home/aa274/autonomy_ws/src/AA174aSection/install/autonomy_repo' for CMake config files
[2.404s] Level 1:colcon.colcon_core.shell:create_environment_hook('autonomy_repo', 'cmake_prefix_path')
[2.405s] INFO:colcon.colcon_core.shell:Creating environment hook '/home/aa274/autonomy_ws/src/AA174aSection/install/autonomy_repo/share/autonomy_repo/hook/cmake_prefix_path.ps1'
[2.408s] INFO:colcon.colcon_core.shell:Creating environment descriptor '/home/aa274/autonomy_ws/src/AA174aSection/install/autonomy_repo/share/autonomy_repo/hook/cmake_prefix_path.dsv'
[2.415s] INFO:colcon.colcon_core.shell:Creating environment hook '/home/aa274/autonomy_ws/src/AA174aSection/install/autonomy_repo/share/autonomy_repo/hook/cmake_prefix_path.sh'
[2.419s] Level 1:colcon.colcon_core.environment:checking '/home/aa274/autonomy_ws/src/AA174aSection/install/autonomy_repo/lib'
[2.421s] Level 1:colcon.colcon_core.environment:checking '/home/aa274/autonomy_ws/src/AA174aSection/install/autonomy_repo/bin'
[2.422s] Level 1:colcon.colcon_core.environment:checking '/home/aa274/autonomy_ws/src/AA174aSection/install/autonomy_repo/lib/pkgconfig/autonomy_repo.pc'
[2.423s] Level 1:colcon.colcon_core.environment:checking '/home/aa274/autonomy_ws/src/AA174aSection/install/autonomy_repo/lib/python3.10/site-packages'
[2.424s] Level 1:colcon.colcon_core.environment:checking '/home/aa274/autonomy_ws/src/AA174aSection/install/autonomy_repo/bin'
[2.425s] INFO:colcon.colcon_core.shell:Creating package script '/home/aa274/autonomy_ws/src/AA174aSection/install/autonomy_repo/share/autonomy_repo/package.ps1'
[2.432s] INFO:colcon.colcon_core.shell:Creating package descriptor '/home/aa274/autonomy_ws/src/AA174aSection/install/autonomy_repo/share/autonomy_repo/package.dsv'
[2.435s] INFO:colcon.colcon_core.shell:Creating package script '/home/aa274/autonomy_ws/src/AA174aSection/install/autonomy_repo/share/autonomy_repo/package.sh'
[2.438s] INFO:colcon.colcon_core.shell:Creating package script '/home/aa274/autonomy_ws/src/AA174aSection/install/autonomy_repo/share/autonomy_repo/package.bash'
[2.440s] INFO:colcon.colcon_core.shell:Creating package script '/home/aa274/autonomy_ws/src/AA174aSection/install/autonomy_repo/share/autonomy_repo/package.zsh'
[2.449s] Level 1:colcon.colcon_core.environment:create_file_with_runtime_dependencies(/home/aa274/autonomy_ws/src/AA174aSection/install/autonomy_repo/share/colcon-core/packages/autonomy_repo)
[2.453s] Level 1:colcon.colcon_core.environment:create_environment_scripts_only(s3_basic)
[2.454s] DEBUG:colcon.colcon_core.event_handler.log_command:Invoked command in '/home/aa274/autonomy_ws/src/AA174aSection/build/s3_basic' returned '0': CMAKE_PREFIX_PATH=${CMAKE_PREFIX_PATH}:/opt/ros/humble /usr/bin/cmake --install /home/aa274/autonomy_ws/src/AA174aSection/build/s3_basic
[2.455s] Level 1:colcon.colcon_core.environment:checking '/home/aa274/autonomy_ws/src/AA174aSection/install/s3_basic' for CMake module files
[2.457s] Level 1:colcon.colcon_core.environment:checking '/home/aa274/autonomy_ws/src/AA174aSection/install/s3_basic' for CMake config files
[2.458s] Level 1:colcon.colcon_core.shell:create_environment_hook('s3_basic', 'cmake_prefix_path')
[2.458s] INFO:colcon.colcon_core.shell:Creating environment hook '/home/aa274/autonomy_ws/src/AA174aSection/install/s3_basic/share/s3_basic/hook/cmake_prefix_path.ps1'
[2.460s] INFO:colcon.colcon_core.shell:Creating environment descriptor '/home/aa274/autonomy_ws/src/AA174aSection/install/s3_basic/share/s3_basic/hook/cmake_prefix_path.dsv'
[2.463s] INFO:colcon.colcon_core.shell:Creating environment hook '/home/aa274/autonomy_ws/src/AA174aSection/install/s3_basic/share/s3_basic/hook/cmake_prefix_path.sh'
[2.466s] Level 1:colcon.colcon_core.environment:checking '/home/aa274/autonomy_ws/src/AA174aSection/install/s3_basic/lib'
[2.467s] Level 1:colcon.colcon_core.environment:checking '/home/aa274/autonomy_ws/src/AA174aSection/install/s3_basic/bin'
[2.468s] Level 1:colcon.colcon_core.environment:checking '/home/aa274/autonomy_ws/src/AA174aSection/install/s3_basic/lib/pkgconfig/s3_basic.pc'
[2.469s] Level 1:colcon.colcon_core.environment:checking '/home/aa274/autonomy_ws/src/AA174aSection/install/s3_basic/lib/python3.10/site-packages'
[2.470s] Level 1:colcon.colcon_core.environment:checking '/home/aa274/autonomy_ws/src/AA174aSection/install/s3_basic/bin'
[2.472s] INFO:colcon.colcon_core.shell:Creating package script '/home/aa274/autonomy_ws/src/AA174aSection/install/s3_basic/share/s3_basic/package.ps1'
[2.473s] INFO:colcon.colcon_core.shell:Creating package descriptor '/home/aa274/autonomy_ws/src/AA174aSection/install/s3_basic/share/s3_basic/package.dsv'
[2.475s] INFO:colcon.colcon_core.shell:Creating package script '/home/aa274/autonomy_ws/src/AA174aSection/install/s3_basic/share/s3_basic/package.sh'
[2.476s] INFO:colcon.colcon_core.shell:Creating package script '/home/aa274/autonomy_ws/src/AA174aSection/install/s3_basic/share/s3_basic/package.bash'
[2.478s] INFO:colcon.colcon_core.shell:Creating package script '/home/aa274/autonomy_ws/src/AA174aSection/install/s3_basic/share/s3_basic/package.zsh'
[2.480s] Level 1:colcon.colcon_core.environment:create_file_with_runtime_dependencies(/home/aa274/autonomy_ws/src/AA174aSection/install/s3_basic/share/colcon-core/packages/s3_basic)
[2.489s] Level 1:colcon.colcon_core.environment:create_environment_scripts_only(s2_basic)
[2.492s] Level 1:colcon.colcon_core.environment:checking '/home/aa274/autonomy_ws/src/AA174aSection/install/s2_basic' for CMake module files
[2.495s] DEBUG:colcon.colcon_core.event_handler.log_command:Invoked command in '/home/aa274/autonomy_ws/src/AA174aSection/build/s2_basic' returned '0': CMAKE_PREFIX_PATH=${CMAKE_PREFIX_PATH}:/opt/ros/humble /usr/bin/cmake --install /home/aa274/autonomy_ws/src/AA174aSection/build/s2_basic
[2.496s] Level 1:colcon.colcon_core.environment:checking '/home/aa274/autonomy_ws/src/AA174aSection/install/s2_basic' for CMake config files
[2.496s] Level 1:colcon.colcon_core.shell:create_environment_hook('s2_basic', 'cmake_prefix_path')
[2.498s] INFO:colcon.colcon_core.shell:Creating environment hook '/home/aa274/autonomy_ws/src/AA174aSection/install/s2_basic/share/s2_basic/hook/cmake_prefix_path.ps1'
[2.503s] INFO:colcon.colcon_core.shell:Creating environment descriptor '/home/aa274/autonomy_ws/src/AA174aSection/install/s2_basic/share/s2_basic/hook/cmake_prefix_path.dsv'
[2.506s] INFO:colcon.colcon_core.shell:Creating environment hook '/home/aa274/autonomy_ws/src/AA174aSection/install/s2_basic/share/s2_basic/hook/cmake_prefix_path.sh'
[2.508s] Level 1:colcon.colcon_core.environment:checking '/home/aa274/autonomy_ws/src/AA174aSection/install/s2_basic/lib'
[2.508s] Level 1:colcon.colcon_core.environment:checking '/home/aa274/autonomy_ws/src/AA174aSection/install/s2_basic/bin'
[2.508s] Level 1:colcon.colcon_core.environment:checking '/home/aa274/autonomy_ws/src/AA174aSection/install/s2_basic/lib/pkgconfig/s2_basic.pc'
[2.509s] Level 1:colcon.colcon_core.environment:checking '/home/aa274/autonomy_ws/src/AA174aSection/install/s2_basic/lib/python3.10/site-packages'
[2.510s] Level 1:colcon.colcon_core.environment:checking '/home/aa274/autonomy_ws/src/AA174aSection/install/s2_basic/bin'
[2.510s] INFO:colcon.colcon_core.shell:Creating package script '/home/aa274/autonomy_ws/src/AA174aSection/install/s2_basic/share/s2_basic/package.ps1'
[2.512s] INFO:colcon.colcon_core.shell:Creating package descriptor '/home/aa274/autonomy_ws/src/AA174aSection/install/s2_basic/share/s2_basic/package.dsv'
[2.513s] INFO:colcon.colcon_core.shell:Creating package script '/home/aa274/autonomy_ws/src/AA174aSection/install/s2_basic/share/s2_basic/package.sh'
[2.515s] INFO:colcon.colcon_core.shell:Creating package script '/home/aa274/autonomy_ws/src/AA174aSection/install/s2_basic/share/s2_basic/package.bash'
[2.520s] INFO:colcon.colcon_core.shell:Creating package script '/home/aa274/autonomy_ws/src/AA174aSection/install/s2_basic/share/s2_basic/package.zsh'
[2.525s] Level 1:colcon.colcon_core.environment:create_file_with_runtime_dependencies(/home/aa274/autonomy_ws/src/AA174aSection/install/s2_basic/share/colcon-core/packages/s2_basic)
[2.537s] Level 1:colcon.colcon_core.environment:create_environment_scripts_only(autonomy_repo)
[2.541s] Level 1:colcon.colcon_core.environment:checking '/home/aa274/autonomy_ws/src/AA174aSection/install/autonomy_repo' for CMake module files
[2.545s] Level 1:colcon.colcon_core.environment:checking '/home/aa274/autonomy_ws/src/AA174aSection/install/autonomy_repo' for CMake config files
[2.546s] Level 1:colcon.colcon_core.shell:create_environment_hook('autonomy_repo', 'cmake_prefix_path')
[2.547s] INFO:colcon.colcon_core.shell:Creating environment hook '/home/aa274/autonomy_ws/src/AA174aSection/install/autonomy_repo/share/autonomy_repo/hook/cmake_prefix_path.ps1'
[2.549s] INFO:colcon.colcon_core.shell:Creating environment descriptor '/home/aa274/autonomy_ws/src/AA174aSection/install/autonomy_repo/share/autonomy_repo/hook/cmake_prefix_path.dsv'
[2.550s] INFO:colcon.colcon_core.shell:Creating environment hook '/home/aa274/autonomy_ws/src/AA174aSection/install/autonomy_repo/share/autonomy_repo/hook/cmake_prefix_path.sh'
[2.552s] Level 1:colcon.colcon_core.environment:checking '/home/aa274/autonomy_ws/src/AA174aSection/install/autonomy_repo/lib'
[2.552s] Level 1:colcon.colcon_core.environment:checking '/home/aa274/autonomy_ws/src/AA174aSection/install/autonomy_repo/bin'
[2.552s] Level 1:colcon.colcon_core.environment:checking '/home/aa274/autonomy_ws/src/AA174aSection/install/autonomy_repo/lib/pkgconfig/autonomy_repo.pc'
[2.553s] Level 1:colcon.colcon_core.environment:checking '/home/aa274/autonomy_ws/src/AA174aSection/install/autonomy_repo/lib/python3.10/site-packages'
[2.554s] Level 1:colcon.colcon_core.environment:checking '/home/aa274/autonomy_ws/src/AA174aSection/install/autonomy_repo/bin'
[2.556s] INFO:colcon.colcon_core.shell:Creating package script '/home/aa274/autonomy_ws/src/AA174aSection/install/autonomy_repo/share/autonomy_repo/package.ps1'
[2.559s] INFO:colcon.colcon_core.shell:Creating package descriptor '/home/aa274/autonomy_ws/src/AA174aSection/install/autonomy_repo/share/autonomy_repo/package.dsv'
[2.564s] INFO:colcon.colcon_core.shell:Creating package script '/home/aa274/autonomy_ws/src/AA174aSection/install/autonomy_repo/share/autonomy_repo/package.sh'
[2.567s] INFO:colcon.colcon_core.shell:Creating package script '/home/aa274/autonomy_ws/src/AA174aSection/install/autonomy_repo/share/autonomy_repo/package.bash'
[2.569s] INFO:colcon.colcon_core.shell:Creating package script '/home/aa274/autonomy_ws/src/AA174aSection/install/autonomy_repo/share/autonomy_repo/package.zsh'
[2.570s] Level 1:colcon.colcon_core.environment:create_file_with_runtime_dependencies(/home/aa274/autonomy_ws/src/AA174aSection/install/autonomy_repo/share/colcon-core/packages/autonomy_repo)
[2.575s] Level 1:colcon.colcon_core.environment:create_environment_scripts_only(s3_basic)
[2.576s] Level 1:colcon.colcon_core.environment:checking '/home/aa274/autonomy_ws/src/AA174aSection/install/s3_basic' for CMake module files
[2.579s] Level 1:colcon.colcon_core.environment:checking '/home/aa274/autonomy_ws/src/AA174aSection/install/s3_basic' for CMake config files
[2.580s] Level 1:colcon.colcon_core.shell:create_environment_hook('s3_basic', 'cmake_prefix_path')
[2.580s] INFO:colcon.colcon_core.shell:Creating environment hook '/home/aa274/autonomy_ws/src/AA174aSection/install/s3_basic/share/s3_basic/hook/cmake_prefix_path.ps1'
[2.582s] INFO:colcon.colcon_core.shell:Creating environment descriptor '/home/aa274/autonomy_ws/src/AA174aSection/install/s3_basic/share/s3_basic/hook/cmake_prefix_path.dsv'
[2.587s] INFO:colcon.colcon_core.shell:Creating environment hook '/home/aa274/autonomy_ws/src/AA174aSection/install/s3_basic/share/s3_basic/hook/cmake_prefix_path.sh'
[2.593s] Level 1:colcon.colcon_core.environment:checking '/home/aa274/autonomy_ws/src/AA174aSection/install/s3_basic/lib'
[2.593s] Level 1:colcon.colcon_core.environment:checking '/home/aa274/autonomy_ws/src/AA174aSection/install/s3_basic/bin'
[2.594s] Level 1:colcon.colcon_core.environment:checking '/home/aa274/autonomy_ws/src/AA174aSection/install/s3_basic/lib/pkgconfig/s3_basic.pc'
[2.594s] Level 1:colcon.colcon_core.environment:checking '/home/aa274/autonomy_ws/src/AA174aSection/install/s3_basic/lib/python3.10/site-packages'
[2.595s] Level 1:colcon.colcon_core.environment:checking '/home/aa274/autonomy_ws/src/AA174aSection/install/s3_basic/bin'
[2.596s] INFO:colcon.colcon_core.shell:Creating package script '/home/aa274/autonomy_ws/src/AA174aSection/install/s3_basic/share/s3_basic/package.ps1'
[2.598s] INFO:colcon.colcon_core.shell:Creating package descriptor '/home/aa274/autonomy_ws/src/AA174aSection/install/s3_basic/share/s3_basic/package.dsv'
[2.599s] INFO:colcon.colcon_core.shell:Creating package script '/home/aa274/autonomy_ws/src/AA174aSection/install/s3_basic/share/s3_basic/package.sh'
[2.601s] INFO:colcon.colcon_core.shell:Creating package script '/home/aa274/autonomy_ws/src/AA174aSection/install/s3_basic/share/s3_basic/package.bash'
[2.603s] INFO:colcon.colcon_core.shell:Creating package script '/home/aa274/autonomy_ws/src/AA174aSection/install/s3_basic/share/s3_basic/package.zsh'
[2.610s] Level 1:colcon.colcon_core.environment:create_file_with_runtime_dependencies(/home/aa274/autonomy_ws/src/AA174aSection/install/s3_basic/share/colcon-core/packages/s3_basic)
[2.615s] Level 1:colcon.colcon_core.environment:create_environment_scripts_only(s2_basic)
[2.616s] Level 1:colcon.colcon_core.environment:checking '/home/aa274/autonomy_ws/src/AA174aSection/install/s2_basic' for CMake module files
[2.618s] Level 1:colcon.colcon_core.environment:checking '/home/aa274/autonomy_ws/src/AA174aSection/install/s2_basic' for CMake config files
[2.619s] Level 1:colcon.colcon_core.shell:create_environment_hook('s2_basic', 'cmake_prefix_path')
[2.622s] INFO:colcon.colcon_core.shell:Creating environment hook '/home/aa274/autonomy_ws/src/AA174aSection/install/s2_basic/share/s2_basic/hook/cmake_prefix_path.ps1'
[2.625s] INFO:colcon.colcon_core.shell:Creating environment descriptor '/home/aa274/autonomy_ws/src/AA174aSection/install/s2_basic/share/s2_basic/hook/cmake_prefix_path.dsv'
[2.628s] INFO:colcon.colcon_core.shell:Creating environment hook '/home/aa274/autonomy_ws/src/AA174aSection/install/s2_basic/share/s2_basic/hook/cmake_prefix_path.sh'
[2.632s] Level 1:colcon.colcon_core.environment:checking '/home/aa274/autonomy_ws/src/AA174aSection/install/s2_basic/lib'
[2.633s] Level 1:colcon.colcon_core.environment:checking '/home/aa274/autonomy_ws/src/AA174aSection/install/s2_basic/bin'
[2.633s] Level 1:colcon.colcon_core.environment:checking '/home/aa274/autonomy_ws/src/AA174aSection/install/s2_basic/lib/pkgconfig/s2_basic.pc'
[2.635s] Level 1:colcon.colcon_core.environment:checking '/home/aa274/autonomy_ws/src/AA174aSection/install/s2_basic/lib/python3.10/site-packages'
[2.635s] Level 1:colcon.colcon_core.environment:checking '/home/aa274/autonomy_ws/src/AA174aSection/install/s2_basic/bin'
[2.636s] INFO:colcon.colcon_core.shell:Creating package script '/home/aa274/autonomy_ws/src/AA174aSection/install/s2_basic/share/s2_basic/package.ps1'
[2.642s] INFO:colcon.colcon_core.shell:Creating package descriptor '/home/aa274/autonomy_ws/src/AA174aSection/install/s2_basic/share/s2_basic/package.dsv'
[2.646s] INFO:colcon.colcon_core.shell:Creating package script '/home/aa274/autonomy_ws/src/AA174aSection/install/s2_basic/share/s2_basic/package.sh'
[2.647s] INFO:colcon.colcon_core.shell:Creating package script '/home/aa274/autonomy_ws/src/AA174aSection/install/s2_basic/share/s2_basic/package.bash'
[2.649s] INFO:colcon.colcon_core.shell:Creating package script '/home/aa274/autonomy_ws/src/AA174aSection/install/s2_basic/share/s2_basic/package.zsh'
[2.650s] Level 1:colcon.colcon_core.environment:create_file_with_runtime_dependencies(/home/aa274/autonomy_ws/src/AA174aSection/install/s2_basic/share/colcon-core/packages/s2_basic)
[2.651s] DEBUG:colcon.colcon_parallel_executor.executor.parallel:closing loop
[2.652s] DEBUG:colcon.colcon_parallel_executor.executor.parallel:loop closed
[2.653s] DEBUG:colcon.colcon_parallel_executor.executor.parallel:run_until_complete finished with '0'
[2.654s] DEBUG:colcon.colcon_core.event_reactor:joining thread
[2.686s] INFO:colcon.colcon_core.plugin_system:Skipping extension 'colcon_notification.desktop_notification.terminal_notifier': Not used on non-Darwin systems
[2.686s] INFO:colcon.colcon_core.plugin_system:Skipping extension 'colcon_notification.desktop_notification.win32': Not used on non-Windows systems
[2.687s] INFO:colcon.colcon_notification.desktop_notification:Sending desktop notification using 'notify2'
[2.744s] DEBUG:colcon.colcon_core.event_reactor:joined thread
[2.745s] INFO:colcon.colcon_core.shell:Creating prefix script '/home/aa274/autonomy_ws/src/AA174aSection/install/local_setup.ps1'
[2.749s] INFO:colcon.colcon_core.shell:Creating prefix util module '/home/aa274/autonomy_ws/src/AA174aSection/install/_local_setup_util_ps1.py'
[2.754s] INFO:colcon.colcon_core.shell:Creating prefix chain script '/home/aa274/autonomy_ws/src/AA174aSection/install/setup.ps1'
[2.761s] INFO:colcon.colcon_core.shell:Creating prefix script '/home/aa274/autonomy_ws/src/AA174aSection/install/local_setup.sh'
[2.764s] INFO:colcon.colcon_core.shell:Creating prefix util module '/home/aa274/autonomy_ws/src/AA174aSection/install/_local_setup_util_sh.py'
[2.767s] INFO:colcon.colcon_core.shell:Creating prefix chain script '/home/aa274/autonomy_ws/src/AA174aSection/install/setup.sh'
[2.776s] INFO:colcon.colcon_core.shell:Creating prefix script '/home/aa274/autonomy_ws/src/AA174aSection/install/local_setup.bash'
[2.780s] INFO:colcon.colcon_core.shell:Creating prefix chain script '/home/aa274/autonomy_ws/src/AA174aSection/install/setup.bash'
[2.791s] INFO:colcon.colcon_core.shell:Creating prefix script '/home/aa274/autonomy_ws/src/AA174aSection/install/local_setup.zsh'
[2.794s] INFO:colcon.colcon_core.shell:Creating prefix chain script '/home/aa274/autonomy_ws/src/AA174aSection/install/setup.zsh'
