[0.073s] Invoking command in '/home/aa274/autonomy_ws/src/AA174aSection/build/autonomy_repo': CMAKE_PREFIX_PATH=${CMAKE_PREFIX_PATH}:/opt/ros/humble /usr/bin/cmake --build /home/aa274/autonomy_ws/src/AA174aSection/build/autonomy_repo -- -j8 -l8
[0.191s] Invoked command in '/home/aa274/autonomy_ws/src/AA174aSection/build/autonomy_repo' returned '0': CMAKE_PREFIX_PATH=${CMAKE_PREFIX_PATH}:/opt/ros/humble /usr/bin/cmake --build /home/aa274/autonomy_ws/src/AA174aSection/build/autonomy_repo -- -j8 -l8
[0.309s] Invoking command in '/home/aa274/autonomy_ws/src/AA174aSection/build/autonomy_repo': CMAKE_PREFIX_PATH=${CMAKE_PREFIX_PATH}:/opt/ros/humble /usr/bin/cmake --install /home/aa274/autonomy_ws/src/AA174aSection/build/autonomy_repo
[0.334s] -- Install configuration: "RelWithDebInfo"
[0.335s] -- Execute custom install script
[0.335s] -- Up-to-date symlink: /home/aa274/autonomy_ws/src/AA174aSection/install/autonomy_repo/lib/autonomy_repo/heading_controller.py
[0.336s] -- Up-to-date symlink: /home/aa274/autonomy_ws/src/AA174aSection/install/autonomy_repo/lib/autonomy_repo/p3_plot.py
[0.337s] -- Up-to-date symlink: /home/aa274/autonomy_ws/src/AA174aSection/install/autonomy_repo/lib/autonomy_repo/navigator.py
[0.337s] -- Up-to-date symlink: /home/aa274/autonomy_ws/src/AA174aSection/install/autonomy_repo/lib/autonomy_repo/perception_controller.py
[0.337s] -- Up-to-date symlink: /home/aa274/autonomy_ws/src/AA174aSection/install/autonomy_repo/lib/autonomy_repo/frontier.py
[0.338s] -- Up-to-date symlink: /home/aa274/autonomy_ws/src/AA174aSection/install/autonomy_repo/share/autonomy_repo/launch/frontier.launch.py
[0.340s] -- Up-to-date symlink: /home/aa274/autonomy_ws/src/AA174aSection/install/autonomy_repo/share/autonomy_repo/launch/heading_control.launch copy.py
[0.340s] -- Up-to-date symlink: /home/aa274/autonomy_ws/src/AA174aSection/install/autonomy_repo/share/autonomy_repo/launch/navigator.launch.py
[0.341s] -- Up-to-date symlink: /home/aa274/autonomy_ws/src/AA174aSection/install/autonomy_repo/share/autonomy_repo/launch/perception_controller.launch.py
[0.342s] -- Up-to-date symlink: /home/aa274/autonomy_ws/src/AA174aSection/install/autonomy_repo/share/autonomy_repo/rviz/default.rviz
[0.343s] -- Up-to-date symlink: /home/aa274/autonomy_ws/src/AA174aSection/install/autonomy_repo/share/ament_index/resource_index/package_run_dependencies/autonomy_repo
[0.344s] -- Up-to-date symlink: /home/aa274/autonomy_ws/src/AA174aSection/install/autonomy_repo/share/ament_index/resource_index/parent_prefix_path/autonomy_repo
[0.344s] -- Up-to-date symlink: /home/aa274/autonomy_ws/src/AA174aSection/install/autonomy_repo/share/autonomy_repo/environment/ament_prefix_path.sh
[0.345s] -- Up-to-date symlink: /home/aa274/autonomy_ws/src/AA174aSection/install/autonomy_repo/share/autonomy_repo/environment/ament_prefix_path.dsv
[0.351s] -- Up-to-date symlink: /home/aa274/autonomy_ws/src/AA174aSection/install/autonomy_repo/share/autonomy_repo/environment/path.sh
[0.356s] -- Up-to-date symlink: /home/aa274/autonomy_ws/src/AA174aSection/install/autonomy_repo/share/autonomy_repo/environment/path.dsv
[0.356s] -- Up-to-date symlink: /home/aa274/autonomy_ws/src/AA174aSection/install/autonomy_repo/share/autonomy_repo/local_setup.bash
[0.357s] -- Up-to-date symlink: /home/aa274/autonomy_ws/src/AA174aSection/install/autonomy_repo/share/autonomy_repo/local_setup.sh
[0.358s] -- Up-to-date symlink: /home/aa274/autonomy_ws/src/AA174aSection/install/autonomy_repo/share/autonomy_repo/local_setup.zsh
[0.358s] -- Up-to-date symlink: /home/aa274/autonomy_ws/src/AA174aSection/install/autonomy_repo/share/autonomy_repo/local_setup.dsv
[0.360s] -- Symlinking: /home/aa274/autonomy_ws/src/AA174aSection/install/autonomy_repo/share/autonomy_repo/package.dsv
[0.383s] -- Up-to-date symlink: /home/aa274/autonomy_ws/src/AA174aSection/install/autonomy_repo/share/ament_index/resource_index/packages/autonomy_repo
[0.385s] -- Up-to-date symlink: /home/aa274/autonomy_ws/src/AA174aSection/install/autonomy_repo/share/autonomy_repo/cmake/autonomy_repoConfig.cmake
[0.386s] -- Up-to-date symlink: /home/aa274/autonomy_ws/src/AA174aSection/install/autonomy_repo/share/autonomy_repo/cmake/autonomy_repoConfig-version.cmake
[0.386s] -- Up-to-date symlink: /home/aa274/autonomy_ws/src/AA174aSection/install/autonomy_repo/share/autonomy_repo/package.xml
[0.458s] Invoked command in '/home/aa274/autonomy_ws/src/AA174aSection/build/autonomy_repo' returned '0': CMAKE_PREFIX_PATH=${CMAKE_PREFIX_PATH}:/opt/ros/humble /usr/bin/cmake --install /home/aa274/autonomy_ws/src/AA174aSection/build/autonomy_repo
